[35m[1mScanning dependencies of target tf_help[0m
[  9%] [32mBuilding CXX object CMakeFiles/tf_help.dir/src/tf_help.cpp.o[0m
[ 18%] [32m[1mLinking CXX shared library /home/sweatha/wheelchair_ws/devel/.private/nav_2d_utils/lib/libtf_help.so[0m
[ 18%] Built target tf_help
[35m[1mScanning dependencies of target bounds[0m
[ 27%] [32mBuilding CXX object CMakeFiles/bounds.dir/src/bounds.cpp.o[0m
[ 36%] [32m[1mLinking CXX shared library /home/sweatha/wheelchair_ws/devel/.private/nav_2d_utils/lib/libbounds.so[0m
[ 36%] Built target bounds
[35m[1mScanning dependencies of target polygons[0m
[ 45%] [32mBuilding CXX object CMakeFiles/polygons.dir/src/polygons.cpp.o[0m
[ 54%] [32mBuilding CXX object CMakeFiles/polygons.dir/src/footprint.cpp.o[0m
[35m[1mScanning dependencies of target sensor_msgs_generate_messages_nodejs[0m
[ 54%] Built target sensor_msgs_generate_messages_nodejs
[35m[1mScanning dependencies of target nav_msgs_generate_messages_eus[0m
[ 54%] Built target nav_msgs_generate_messages_eus
[35m[1mScanning dependencies of target actionlib_generate_messages_py[0m
[ 63%] [32m[1mLinking CXX shared library /home/sweatha/wheelchair_ws/devel/.private/nav_2d_utils/lib/libpolygons.so[0m
[ 63%] Built target actionlib_generate_messages_py
[ 63%] Built target polygons
[35m[1mScanning dependencies of target actionlib_generate_messages_nodejs[0m
[ 63%] Built target actionlib_generate_messages_nodejs
[35m[1mScanning dependencies of target actionlib_generate_messages_lisp[0m
[ 63%] Built target actionlib_generate_messages_lisp
[35m[1mScanning dependencies of target roscpp_generate_messages_lisp[0m
[ 63%] Built target roscpp_generate_messages_lisp
[35m[1mScanning dependencies of target actionlib_msgs_generate_messages_cpp[0m
[ 63%] Built target actionlib_msgs_generate_messages_cpp
[35m[1mScanning dependencies of target nav_2d_msgs_generate_messages_py[0m
[ 63%] Built target nav_2d_msgs_generate_messages_py
[35m[1mScanning dependencies of target std_msgs_generate_messages_cpp[0m
[ 63%] Built target std_msgs_generate_messages_cpp
[35m[1mScanning dependencies of target tf2_msgs_generate_messages_cpp[0m
[ 63%] Built target tf2_msgs_generate_messages_cpp
[35m[1mScanning dependencies of target nav_2d_msgs_generate_messages_cpp[0m
[ 63%] Built target nav_2d_msgs_generate_messages_cpp
[35m[1mScanning dependencies of target std_msgs_generate_messages_py[0m
[ 63%] Built target std_msgs_generate_messages_py
[35m[1mScanning dependencies of target std_msgs_generate_messages_nodejs[0m
[ 63%] Built target std_msgs_generate_messages_nodejs
[35m[1mScanning dependencies of target geometry_msgs_generate_messages_eus[0m
[ 63%] Built target geometry_msgs_generate_messages_eus
[35m[1mScanning dependencies of target geometry_msgs_generate_messages_py[0m
[ 63%] Built target geometry_msgs_generate_messages_py
[35m[1mScanning dependencies of target actionlib_generate_messages_cpp[0m
[ 63%] Built target actionlib_generate_messages_cpp
[35m[1mScanning dependencies of target actionlib_msgs_generate_messages_py[0m
[ 63%] Built target actionlib_msgs_generate_messages_py
[35m[1mScanning dependencies of target nav_2d_msgs_generate_messages_nodejs[0m
[ 63%] Built target nav_2d_msgs_generate_messages_nodejs
[35m[1mScanning dependencies of target rosgraph_msgs_generate_messages_nodejs[0m
[ 63%] Built target rosgraph_msgs_generate_messages_nodejs
[35m[1mScanning dependencies of target actionlib_msgs_generate_messages_eus[0m
[ 63%] Built target actionlib_msgs_generate_messages_eus
[35m[1mScanning dependencies of target tf_generate_messages_eus[0m
[ 63%] Built target tf_generate_messages_eus
[35m[1mScanning dependencies of target rosgraph_msgs_generate_messages_lisp[0m
[ 63%] Built target rosgraph_msgs_generate_messages_lisp
[35m[1mScanning dependencies of target sensor_msgs_generate_messages_cpp[0m
[ 63%] Built target sensor_msgs_generate_messages_cpp
[35m[1mScanning dependencies of target nav_msgs_generate_messages_nodejs[0m
[ 63%] Built target nav_msgs_generate_messages_nodejs
[35m[1mScanning dependencies of target rosgraph_msgs_generate_messages_py[0m
[ 63%] Built target rosgraph_msgs_generate_messages_py
[35m[1mScanning dependencies of target geometry_msgs_generate_messages_cpp[0m
[ 63%] Built target geometry_msgs_generate_messages_cpp
[35m[1mScanning dependencies of target tf2_msgs_generate_messages_py[0m
[ 63%] Built target tf2_msgs_generate_messages_py
[35m[1mScanning dependencies of target geometry_msgs_generate_messages_nodejs[0m
[ 63%] Built target geometry_msgs_generate_messages_nodejs
[35m[1mScanning dependencies of target nav_2d_msgs_generate_messages_eus[0m
[ 63%] Built target nav_2d_msgs_generate_messages_eus
[35m[1mScanning dependencies of target geometry_msgs_generate_messages_lisp[0m
[ 63%] Built target geometry_msgs_generate_messages_lisp
[35m[1mScanning dependencies of target tf_generate_messages_cpp[0m
[ 63%] Built target tf_generate_messages_cpp
[35m[1mScanning dependencies of target std_msgs_generate_messages_lisp[0m
[ 63%] Built target std_msgs_generate_messages_lisp
[35m[1mScanning dependencies of target roscpp_generate_messages_cpp[0m
[ 63%] Built target roscpp_generate_messages_cpp
[35m[1mScanning dependencies of target roscpp_generate_messages_eus[0m
[ 63%] Built target roscpp_generate_messages_eus
[35m[1mScanning dependencies of target sensor_msgs_generate_messages_py[0m
[ 63%] Built target sensor_msgs_generate_messages_py
[35m[1mScanning dependencies of target nav_2d_msgs_generate_messages_lisp[0m
[ 63%] Built target nav_2d_msgs_generate_messages_lisp
[35m[1mScanning dependencies of target tf2_msgs_generate_messages_eus[0m
[ 63%] Built target tf2_msgs_generate_messages_eus
[35m[1mScanning dependencies of target roscpp_generate_messages_nodejs[0m
[ 63%] Built target roscpp_generate_messages_nodejs
[35m[1mScanning dependencies of target roscpp_generate_messages_py[0m
[ 63%] Built target roscpp_generate_messages_py
[35m[1mScanning dependencies of target actionlib_msgs_generate_messages_lisp[0m
[ 63%] Built target actionlib_msgs_generate_messages_lisp
[35m[1mScanning dependencies of target actionlib_msgs_generate_messages_nodejs[0m
[ 63%] Built target actionlib_msgs_generate_messages_nodejs
[35m[1mScanning dependencies of target std_msgs_generate_messages_eus[0m
[ 63%] Built target std_msgs_generate_messages_eus
[35m[1mScanning dependencies of target tf_generate_messages_py[0m
[ 63%] Built target tf_generate_messages_py
[35m[1mScanning dependencies of target actionlib_generate_messages_eus[0m
[ 63%] Built target actionlib_generate_messages_eus
[35m[1mScanning dependencies of target rosgraph_msgs_generate_messages_cpp[0m
[ 63%] Built target rosgraph_msgs_generate_messages_cpp
[35m[1mScanning dependencies of target rosgraph_msgs_generate_messages_eus[0m
[ 63%] Built target rosgraph_msgs_generate_messages_eus
[35m[1mScanning dependencies of target nav_msgs_generate_messages_cpp[0m
[ 63%] Built target nav_msgs_generate_messages_cpp
[35m[1mScanning dependencies of target tf2_msgs_generate_messages_lisp[0m
[ 63%] Built target tf2_msgs_generate_messages_lisp
[35m[1mScanning dependencies of target tf2_msgs_generate_messages_nodejs[0m
[ 63%] Built target tf2_msgs_generate_messages_nodejs
[35m[1mScanning dependencies of target nav_msgs_generate_messages_lisp[0m
[ 63%] Built target nav_msgs_generate_messages_lisp
[35m[1mScanning dependencies of target nav_msgs_generate_messages_py[0m
[ 63%] Built target nav_msgs_generate_messages_py
[35m[1mScanning dependencies of target tf_generate_messages_lisp[0m
[ 63%] Built target tf_generate_messages_lisp
[35m[1mScanning dependencies of target tf_generate_messages_nodejs[0m
[ 63%] Built target tf_generate_messages_nodejs
[35m[1mScanning dependencies of target sensor_msgs_generate_messages_eus[0m
[ 63%] Built target sensor_msgs_generate_messages_eus
[35m[1mScanning dependencies of target sensor_msgs_generate_messages_lisp[0m
[ 63%] Built target sensor_msgs_generate_messages_lisp
[35m[1mScanning dependencies of target conversions[0m
[ 72%] [32mBuilding CXX object CMakeFiles/conversions.dir/src/conversions.cpp.o[0m
[35m[1mScanning dependencies of target path_ops[0m
[ 81%] [32mBuilding CXX object CMakeFiles/path_ops.dir/src/path_ops.cpp.o[0m
[ 90%] [32m[1mLinking CXX shared library /home/sweatha/wheelchair_ws/devel/.private/nav_2d_utils/lib/libpath_ops.so[0m
[ 90%] Built target path_ops
[100%] [32m[1mLinking CXX shared library /home/sweatha/wheelchair_ws/devel/.private/nav_2d_utils/lib/libconversions.so[0m
[100%] Built target conversions
