[ 18%] Built target tf_help
[ 36%] Built target bounds
[ 63%] Built target polygons
[ 63%] Built target sensor_msgs_generate_messages_nodejs
[ 63%] Built target nav_msgs_generate_messages_eus
[ 63%] Built target actionlib_generate_messages_py
[ 63%] Built target actionlib_generate_messages_nodejs
[ 63%] Built target actionlib_generate_messages_lisp
[ 63%] Built target roscpp_generate_messages_lisp
[ 63%] Built target actionlib_msgs_generate_messages_cpp
[ 63%] Built target nav_2d_msgs_generate_messages_py
[ 63%] Built target std_msgs_generate_messages_cpp
[ 63%] Built target tf2_msgs_generate_messages_cpp
[ 63%] Built target nav_2d_msgs_generate_messages_cpp
[ 63%] Built target std_msgs_generate_messages_py
[ 63%] Built target std_msgs_generate_messages_nodejs
[ 63%] Built target geometry_msgs_generate_messages_eus
[ 63%] Built target geometry_msgs_generate_messages_py
[ 63%] Built target actionlib_generate_messages_cpp
[ 63%] Built target actionlib_msgs_generate_messages_py
[ 63%] Built target nav_2d_msgs_generate_messages_nodejs
[ 63%] Built target actionlib_msgs_generate_messages_eus
[ 63%] Built target rosgraph_msgs_generate_messages_nodejs
[ 63%] Built target tf_generate_messages_eus
[ 63%] Built target rosgraph_msgs_generate_messages_lisp
[ 63%] Built target sensor_msgs_generate_messages_cpp
[ 63%] Built target nav_msgs_generate_messages_nodejs
[ 63%] Built target rosgraph_msgs_generate_messages_py
[ 63%] Built target geometry_msgs_generate_messages_cpp
[ 63%] Built target tf2_msgs_generate_messages_py
[ 63%] Built target geometry_msgs_generate_messages_nodejs
[ 63%] Built target nav_2d_msgs_generate_messages_eus
[ 63%] Built target tf_generate_messages_cpp
[ 63%] Built target geometry_msgs_generate_messages_lisp
[ 63%] Built target roscpp_generate_messages_cpp
[ 63%] Built target std_msgs_generate_messages_lisp
[ 63%] Built target roscpp_generate_messages_eus
[ 63%] Built target sensor_msgs_generate_messages_py
[ 63%] Built target tf2_msgs_generate_messages_eus
[ 63%] Built target nav_2d_msgs_generate_messages_lisp
[ 63%] Built target roscpp_generate_messages_nodejs
[ 63%] Built target roscpp_generate_messages_py
[ 63%] Built target actionlib_msgs_generate_messages_lisp
[ 63%] Built target actionlib_msgs_generate_messages_nodejs
[ 63%] Built target std_msgs_generate_messages_eus
[ 63%] Built target tf_generate_messages_py
[ 63%] Built target actionlib_generate_messages_eus
[ 63%] Built target rosgraph_msgs_generate_messages_cpp
[ 63%] Built target rosgraph_msgs_generate_messages_eus
[ 63%] Built target nav_msgs_generate_messages_cpp
[ 63%] Built target tf2_msgs_generate_messages_nodejs
[ 63%] Built target tf2_msgs_generate_messages_lisp
[ 63%] Built target nav_msgs_generate_messages_lisp
[ 63%] Built target nav_msgs_generate_messages_py
[ 63%] Built target tf_generate_messages_lisp
[ 63%] Built target sensor_msgs_generate_messages_eus
[ 63%] Built target tf_generate_messages_nodejs
[ 63%] Built target sensor_msgs_generate_messages_lisp
[ 81%] Built target path_ops
[100%] Built target conversions
