[35m[1mScanning dependencies of target sensor_msgs_generate_messages_nodejs[0m
[  0%] Built target sensor_msgs_generate_messages_nodejs
[35m[1mScanning dependencies of target nav_msgs_generate_messages_eus[0m
[  0%] Built target nav_msgs_generate_messages_eus
[35m[1mScanning dependencies of target actionlib_generate_messages_py[0m
[  0%] Built target actionlib_generate_messages_py
[35m[1mScanning dependencies of target actionlib_generate_messages_nodejs[0m
[  0%] Built target actionlib_generate_messages_nodejs
[35m[1mScanning dependencies of target actionlib_generate_messages_lisp[0m
[  0%] Built target actionlib_generate_messages_lisp
[35m[1mScanning dependencies of target roscpp_generate_messages_lisp[0m
[  0%] Built target roscpp_generate_messages_lisp
[35m[1mScanning dependencies of target actionlib_msgs_generate_messages_cpp[0m
[  0%] Built target actionlib_msgs_generate_messages_cpp
[35m[1mScanning dependencies of target std_msgs_generate_messages_py[0m
[  0%] Built target std_msgs_generate_messages_py
[35m[1mScanning dependencies of target std_msgs_generate_messages_cpp[0m
[  0%] Built target std_msgs_generate_messages_cpp
[35m[1mScanning dependencies of target nav_2d_msgs_generate_messages_py[0m
[  0%] Built target nav_2d_msgs_generate_messages_py
[35m[1mScanning dependencies of target nav_grid_iterators[0m
[  7%] [32mBuilding CXX object CMakeFiles/nav_grid_iterators.dir/src/whole_grid.cpp.o[0m
[ 15%] [32mBuilding CXX object CMakeFiles/nav_grid_iterators.dir/src/sub_grid.cpp.o[0m
[ 23%] [32mBuilding CXX object CMakeFiles/nav_grid_iterators.dir/src/circle_fill.cpp.o[0m
[ 30%] [32mBuilding CXX object CMakeFiles/nav_grid_iterators.dir/src/circle_outline.cpp.o[0m
[ 38%] [32mBuilding CXX object CMakeFiles/nav_grid_iterators.dir/src/spiral.cpp.o[0m
[ 46%] [32mBuilding CXX object CMakeFiles/nav_grid_iterators.dir/src/bresenham.cpp.o[0m
[35m[1mScanning dependencies of target tf2_msgs_generate_messages_cpp[0m
[ 46%] Built target tf2_msgs_generate_messages_cpp
[ 53%] [32mBuilding CXX object CMakeFiles/nav_grid_iterators.dir/src/ray_trace.cpp.o[0m
[ 61%] [32mBuilding CXX object CMakeFiles/nav_grid_iterators.dir/src/line.cpp.o[0m
[ 69%] [32mBuilding CXX object CMakeFiles/nav_grid_iterators.dir/src/polygon_outline.cpp.o[0m
[ 76%] [32mBuilding CXX object CMakeFiles/nav_grid_iterators.dir/src/polygon_fill.cpp.o[0m
[ 84%] [32m[1mLinking CXX shared library /home/sweatha/wheelchair_ws/devel/.private/nav_grid_iterators/lib/libnav_grid_iterators.so[0m
[ 84%] Built target nav_grid_iterators
[35m[1mScanning dependencies of target geometry_msgs_generate_messages_py[0m
[ 84%] Built target geometry_msgs_generate_messages_py
[35m[1mScanning dependencies of target actionlib_generate_messages_cpp[0m
[ 84%] Built target actionlib_generate_messages_cpp
[35m[1mScanning dependencies of target actionlib_msgs_generate_messages_py[0m
[ 84%] Built target actionlib_msgs_generate_messages_py
[35m[1mScanning dependencies of target geometry_msgs_generate_messages_eus[0m
[ 84%] Built target geometry_msgs_generate_messages_eus
[35m[1mScanning dependencies of target std_msgs_generate_messages_nodejs[0m
[ 84%] Built target std_msgs_generate_messages_nodejs
[35m[1mScanning dependencies of target std_msgs_generate_messages_lisp[0m
[ 84%] Built target std_msgs_generate_messages_lisp
[35m[1mScanning dependencies of target rosgraph_msgs_generate_messages_nodejs[0m
[ 84%] Built target rosgraph_msgs_generate_messages_nodejs
[35m[1mScanning dependencies of target nav_2d_msgs_generate_messages_nodejs[0m
[ 84%] Built target nav_2d_msgs_generate_messages_nodejs
[35m[1mScanning dependencies of target actionlib_msgs_generate_messages_eus[0m
[ 84%] Built target actionlib_msgs_generate_messages_eus
[35m[1mScanning dependencies of target tf_generate_messages_eus[0m
[ 84%] Built target tf_generate_messages_eus
[35m[1mScanning dependencies of target rosgraph_msgs_generate_messages_lisp[0m
[ 84%] Built target rosgraph_msgs_generate_messages_lisp
[35m[1mScanning dependencies of target rosgraph_msgs_generate_messages_py[0m
[ 84%] Built target rosgraph_msgs_generate_messages_py
[35m[1mScanning dependencies of target geometry_msgs_generate_messages_lisp[0m
[ 84%] Built target geometry_msgs_generate_messages_lisp
[35m[1mScanning dependencies of target tf_generate_messages_cpp[0m
[ 84%] Built target tf_generate_messages_cpp
[35m[1mScanning dependencies of target nav_2d_msgs_generate_messages_eus[0m
[ 84%] Built target nav_2d_msgs_generate_messages_eus
[35m[1mScanning dependencies of target nav_2d_msgs_generate_messages_cpp[0m
[ 84%] Built target nav_2d_msgs_generate_messages_cpp
[35m[1mScanning dependencies of target nav_msgs_generate_messages_nodejs[0m
[ 84%] Built target nav_msgs_generate_messages_nodejs
[35m[1mScanning dependencies of target sensor_msgs_generate_messages_cpp[0m
[ 84%] Built target sensor_msgs_generate_messages_cpp
[35m[1mScanning dependencies of target geometry_msgs_generate_messages_nodejs[0m
[ 84%] Built target geometry_msgs_generate_messages_nodejs
[35m[1mScanning dependencies of target geometry_msgs_generate_messages_cpp[0m
[ 84%] Built target geometry_msgs_generate_messages_cpp
[35m[1mScanning dependencies of target tf2_msgs_generate_messages_py[0m
[ 84%] Built target tf2_msgs_generate_messages_py
[35m[1mScanning dependencies of target roscpp_generate_messages_cpp[0m
[ 84%] Built target roscpp_generate_messages_cpp
[35m[1mScanning dependencies of target roscpp_generate_messages_eus[0m
[ 84%] Built target roscpp_generate_messages_eus
[35m[1mScanning dependencies of target sensor_msgs_generate_messages_py[0m
[ 84%] Built target sensor_msgs_generate_messages_py
[35m[1mScanning dependencies of target nav_2d_msgs_generate_messages_lisp[0m
[ 84%] Built target nav_2d_msgs_generate_messages_lisp
[35m[1mScanning dependencies of target tf2_msgs_generate_messages_eus[0m
[ 84%] Built target tf2_msgs_generate_messages_eus
[35m[1mScanning dependencies of target roscpp_generate_messages_nodejs[0m
[ 84%] Built target roscpp_generate_messages_nodejs
[35m[1mScanning dependencies of target roscpp_generate_messages_py[0m
[ 84%] Built target roscpp_generate_messages_py
[35m[1mScanning dependencies of target actionlib_msgs_generate_messages_lisp[0m
[35m[1mScanning dependencies of target actionlib_msgs_generate_messages_nodejs[0m
[ 84%] Built target actionlib_msgs_generate_messages_lisp
[ 84%] Built target actionlib_msgs_generate_messages_nodejs
[35m[1mScanning dependencies of target std_msgs_generate_messages_eus[0m
[35m[1mScanning dependencies of target tf_generate_messages_py[0m
[ 84%] Built target std_msgs_generate_messages_eus
[ 84%] Built target tf_generate_messages_py
[35m[1mScanning dependencies of target actionlib_generate_messages_eus[0m
[35m[1mScanning dependencies of target rosgraph_msgs_generate_messages_cpp[0m
[ 84%] Built target actionlib_generate_messages_eus
[ 84%] Built target rosgraph_msgs_generate_messages_cpp
[35m[1mScanning dependencies of target rosgraph_msgs_generate_messages_eus[0m
[35m[1mScanning dependencies of target nav_msgs_generate_messages_cpp[0m
[ 84%] Built target rosgraph_msgs_generate_messages_eus
[ 84%] Built target nav_msgs_generate_messages_cpp
[35m[1mScanning dependencies of target tf2_msgs_generate_messages_lisp[0m
[35m[1mScanning dependencies of target tf2_msgs_generate_messages_nodejs[0m
[ 84%] Built target tf2_msgs_generate_messages_lisp
[ 84%] Built target tf2_msgs_generate_messages_nodejs
[35m[1mScanning dependencies of target nav_msgs_generate_messages_lisp[0m
[ 84%] Built target nav_msgs_generate_messages_lisp
[35m[1mScanning dependencies of target nav_msgs_generate_messages_py[0m
[ 84%] Built target nav_msgs_generate_messages_py
[35m[1mScanning dependencies of target tf_generate_messages_lisp[0m
[ 84%] Built target tf_generate_messages_lisp
[35m[1mScanning dependencies of target tf_generate_messages_nodejs[0m
[ 84%] Built target tf_generate_messages_nodejs
[35m[1mScanning dependencies of target sensor_msgs_generate_messages_eus[0m
[ 84%] Built target sensor_msgs_generate_messages_eus
[35m[1mScanning dependencies of target sensor_msgs_generate_messages_lisp[0m
[ 84%] Built target sensor_msgs_generate_messages_lisp
[35m[1mScanning dependencies of target demo[0m
[ 92%] [32mBuilding CXX object CMakeFiles/demo.dir/demo/demo.cpp.o[0m
[100%] [32m[1mLinking CXX executable /home/sweatha/wheelchair_ws/devel/.private/nav_grid_iterators/lib/nav_grid_iterators/demo[0m
[100%] Built target demo
