[  0%] Built target actionlib_generate_messages_nodejs
[  0%] Built target actionlib_generate_messages_py
[  0%] Built target sensor_msgs_generate_messages_nodejs
[  0%] Built target nav_msgs_generate_messages_eus
[  0%] Built target roscpp_generate_messages_lisp
[  0%] Built target actionlib_generate_messages_lisp
[  0%] Built target actionlib_msgs_generate_messages_cpp
[  0%] Built target std_msgs_generate_messages_py
[  0%] Built target std_msgs_generate_messages_cpp
[  0%] Built target nav_2d_msgs_generate_messages_py
[  0%] Built target tf2_msgs_generate_messages_cpp
[  0%] Built target actionlib_generate_messages_cpp
[  0%] Built target actionlib_msgs_generate_messages_py
[  0%] Built target geometry_msgs_generate_messages_py
[ 84%] Built target nav_grid_iterators
[ 84%] Built target geometry_msgs_generate_messages_eus
[ 84%] Built target std_msgs_generate_messages_lisp
[ 84%] Built target std_msgs_generate_messages_nodejs
[ 84%] Built target rosgraph_msgs_generate_messages_nodejs
[ 84%] Built target nav_2d_msgs_generate_messages_nodejs
[ 84%] Built target actionlib_msgs_generate_messages_eus
[ 84%] Built target tf_generate_messages_eus
[ 84%] Built target geometry_msgs_generate_messages_lisp
[ 84%] Built target rosgraph_msgs_generate_messages_lisp
[ 84%] Built target rosgraph_msgs_generate_messages_py
[ 84%] Built target tf_generate_messages_cpp
[ 84%] Built target nav_2d_msgs_generate_messages_eus
[ 84%] Built target nav_2d_msgs_generate_messages_cpp
[ 84%] Built target nav_msgs_generate_messages_nodejs
[ 84%] Built target geometry_msgs_generate_messages_cpp
[ 84%] Built target geometry_msgs_generate_messages_nodejs
[ 84%] Built target tf2_msgs_generate_messages_py
[ 84%] Built target sensor_msgs_generate_messages_cpp
[ 84%] Built target roscpp_generate_messages_cpp
[ 84%] Built target roscpp_generate_messages_eus
[ 84%] Built target nav_2d_msgs_generate_messages_lisp
[ 84%] Built target sensor_msgs_generate_messages_py
[ 84%] Built target tf2_msgs_generate_messages_eus
[ 84%] Built target roscpp_generate_messages_nodejs
[ 84%] Built target roscpp_generate_messages_py
[ 84%] Built target actionlib_msgs_generate_messages_nodejs
[ 84%] Built target actionlib_msgs_generate_messages_lisp
[ 84%] Built target std_msgs_generate_messages_eus
[ 84%] Built target tf_generate_messages_py
[ 84%] Built target actionlib_generate_messages_eus
[ 84%] Built target nav_msgs_generate_messages_cpp
[ 84%] Built target rosgraph_msgs_generate_messages_cpp
[ 84%] Built target tf2_msgs_generate_messages_lisp
[ 84%] Built target rosgraph_msgs_generate_messages_eus
[ 84%] Built target tf2_msgs_generate_messages_nodejs
[ 84%] Built target nav_msgs_generate_messages_lisp
[ 84%] Built target tf_generate_messages_lisp
[ 84%] Built target nav_msgs_generate_messages_py
[ 84%] Built target tf_generate_messages_nodejs
[ 84%] Built target sensor_msgs_generate_messages_eus
[ 84%] Built target sensor_msgs_generate_messages_lisp
[100%] Built target demo
