Linked: (/home/sweatha/wheelchair_ws/devel/.private/locomotor_msgs/share/common-lisp/ros/locomotor_msgs/msg/_package_NavigateToPoseActionFeedback.lisp, /home/sweatha/wheelchair_ws/devel/share/common-lisp/ros/locomotor_msgs/msg/_package_NavigateToPoseActionFeedback.lisp)
Linked: (/home/sweatha/wheelchair_ws/devel/.private/locomotor_msgs/share/common-lisp/ros/locomotor_msgs/msg/NavigateToPoseAction.lisp, /home/sweatha/wheelchair_ws/devel/share/common-lisp/ros/locomotor_msgs/msg/NavigateToPoseAction.lisp)
Linked: (/home/sweatha/wheelchair_ws/devel/.private/locomotor_msgs/share/common-lisp/ros/locomotor_msgs/msg/_package_NavigateToPoseResult.lisp, /home/sweatha/wheelchair_ws/devel/share/common-lisp/ros/locomotor_msgs/msg/_package_NavigateToPoseResult.lisp)
Linked: (/home/sweatha/wheelchair_ws/devel/.private/locomotor_msgs/share/common-lisp/ros/locomotor_msgs/msg/_package_NavigateToPoseFeedback.lisp, /home/sweatha/wheelchair_ws/devel/share/common-lisp/ros/locomotor_msgs/msg/_package_NavigateToPoseFeedback.lisp)
Linked: (/home/sweatha/wheelchair_ws/devel/.private/locomotor_msgs/share/common-lisp/ros/locomotor_msgs/msg/NavigateToPoseFeedback.lisp, /home/sweatha/wheelchair_ws/devel/share/common-lisp/ros/locomotor_msgs/msg/NavigateToPoseFeedback.lisp)
Linked: (/home/sweatha/wheelchair_ws/devel/.private/locomotor_msgs/share/common-lisp/ros/locomotor_msgs/msg/_package_NavigateToPoseAction.lisp, /home/sweatha/wheelchair_ws/devel/share/common-lisp/ros/locomotor_msgs/msg/_package_NavigateToPoseAction.lisp)
Linked: (/home/sweatha/wheelchair_ws/devel/.private/locomotor_msgs/share/common-lisp/ros/locomotor_msgs/msg/locomotor_msgs-msg.asd, /home/sweatha/wheelchair_ws/devel/share/common-lisp/ros/locomotor_msgs/msg/locomotor_msgs-msg.asd)
Linked: (/home/sweatha/wheelchair_ws/devel/.private/locomotor_msgs/share/common-lisp/ros/locomotor_msgs/msg/NavigateToPoseActionFeedback.lisp, /home/sweatha/wheelchair_ws/devel/share/common-lisp/ros/locomotor_msgs/msg/NavigateToPoseActionFeedback.lisp)
Linked: (/home/sweatha/wheelchair_ws/devel/.private/locomotor_msgs/share/common-lisp/ros/locomotor_msgs/msg/NavigateToPoseActionResult.lisp, /home/sweatha/wheelchair_ws/devel/share/common-lisp/ros/locomotor_msgs/msg/NavigateToPoseActionResult.lisp)
Linked: (/home/sweatha/wheelchair_ws/devel/.private/locomotor_msgs/share/common-lisp/ros/locomotor_msgs/msg/_package_NavigateToPoseGoal.lisp, /home/sweatha/wheelchair_ws/devel/share/common-lisp/ros/locomotor_msgs/msg/_package_NavigateToPoseGoal.lisp)
Linked: (/home/sweatha/wheelchair_ws/devel/.private/locomotor_msgs/share/common-lisp/ros/locomotor_msgs/msg/_package_NavigationState.lisp, /home/sweatha/wheelchair_ws/devel/share/common-lisp/ros/locomotor_msgs/msg/_package_NavigationState.lisp)
Linked: (/home/sweatha/wheelchair_ws/devel/.private/locomotor_msgs/share/common-lisp/ros/locomotor_msgs/msg/_package_ResultCode.lisp, /home/sweatha/wheelchair_ws/devel/share/common-lisp/ros/locomotor_msgs/msg/_package_ResultCode.lisp)
Linked: (/home/sweatha/wheelchair_ws/devel/.private/locomotor_msgs/share/common-lisp/ros/locomotor_msgs/msg/NavigateToPoseActionGoal.lisp, /home/sweatha/wheelchair_ws/devel/share/common-lisp/ros/locomotor_msgs/msg/NavigateToPoseActionGoal.lisp)
Linked: (/home/sweatha/wheelchair_ws/devel/.private/locomotor_msgs/share/common-lisp/ros/locomotor_msgs/msg/NavigationState.lisp, /home/sweatha/wheelchair_ws/devel/share/common-lisp/ros/locomotor_msgs/msg/NavigationState.lisp)
Linked: (/home/sweatha/wheelchair_ws/devel/.private/locomotor_msgs/share/common-lisp/ros/locomotor_msgs/msg/_package_NavigateToPoseActionResult.lisp, /home/sweatha/wheelchair_ws/devel/share/common-lisp/ros/locomotor_msgs/msg/_package_NavigateToPoseActionResult.lisp)
Linked: (/home/sweatha/wheelchair_ws/devel/.private/locomotor_msgs/share/common-lisp/ros/locomotor_msgs/msg/NavigateToPoseResult.lisp, /home/sweatha/wheelchair_ws/devel/share/common-lisp/ros/locomotor_msgs/msg/NavigateToPoseResult.lisp)
Linked: (/home/sweatha/wheelchair_ws/devel/.private/locomotor_msgs/share/common-lisp/ros/locomotor_msgs/msg/_package.lisp, /home/sweatha/wheelchair_ws/devel/share/common-lisp/ros/locomotor_msgs/msg/_package.lisp)
Linked: (/home/sweatha/wheelchair_ws/devel/.private/locomotor_msgs/share/common-lisp/ros/locomotor_msgs/msg/_package_NavigateToPoseActionGoal.lisp, /home/sweatha/wheelchair_ws/devel/share/common-lisp/ros/locomotor_msgs/msg/_package_NavigateToPoseActionGoal.lisp)
Linked: (/home/sweatha/wheelchair_ws/devel/.private/locomotor_msgs/share/common-lisp/ros/locomotor_msgs/msg/NavigateToPoseGoal.lisp, /home/sweatha/wheelchair_ws/devel/share/common-lisp/ros/locomotor_msgs/msg/NavigateToPoseGoal.lisp)
Linked: (/home/sweatha/wheelchair_ws/devel/.private/locomotor_msgs/share/common-lisp/ros/locomotor_msgs/msg/ResultCode.lisp, /home/sweatha/wheelchair_ws/devel/share/common-lisp/ros/locomotor_msgs/msg/ResultCode.lisp)
Linked: (/home/sweatha/wheelchair_ws/devel/.private/locomotor_msgs/share/gennodejs/ros/locomotor_msgs/_index.js, /home/sweatha/wheelchair_ws/devel/share/gennodejs/ros/locomotor_msgs/_index.js)
Linked: (/home/sweatha/wheelchair_ws/devel/.private/locomotor_msgs/share/gennodejs/ros/locomotor_msgs/msg/NavigateToPoseResult.js, /home/sweatha/wheelchair_ws/devel/share/gennodejs/ros/locomotor_msgs/msg/NavigateToPoseResult.js)
Linked: (/home/sweatha/wheelchair_ws/devel/.private/locomotor_msgs/share/gennodejs/ros/locomotor_msgs/msg/ResultCode.js, /home/sweatha/wheelchair_ws/devel/share/gennodejs/ros/locomotor_msgs/msg/ResultCode.js)
Linked: (/home/sweatha/wheelchair_ws/devel/.private/locomotor_msgs/share/gennodejs/ros/locomotor_msgs/msg/NavigateToPoseGoal.js, /home/sweatha/wheelchair_ws/devel/share/gennodejs/ros/locomotor_msgs/msg/NavigateToPoseGoal.js)
Linked: (/home/sweatha/wheelchair_ws/devel/.private/locomotor_msgs/share/gennodejs/ros/locomotor_msgs/msg/NavigateToPoseActionResult.js, /home/sweatha/wheelchair_ws/devel/share/gennodejs/ros/locomotor_msgs/msg/NavigateToPoseActionResult.js)
Linked: (/home/sweatha/wheelchair_ws/devel/.private/locomotor_msgs/share/gennodejs/ros/locomotor_msgs/msg/NavigateToPoseFeedback.js, /home/sweatha/wheelchair_ws/devel/share/gennodejs/ros/locomotor_msgs/msg/NavigateToPoseFeedback.js)
Linked: (/home/sweatha/wheelchair_ws/devel/.private/locomotor_msgs/share/gennodejs/ros/locomotor_msgs/msg/_index.js, /home/sweatha/wheelchair_ws/devel/share/gennodejs/ros/locomotor_msgs/msg/_index.js)
Linked: (/home/sweatha/wheelchair_ws/devel/.private/locomotor_msgs/share/gennodejs/ros/locomotor_msgs/msg/NavigateToPoseActionGoal.js, /home/sweatha/wheelchair_ws/devel/share/gennodejs/ros/locomotor_msgs/msg/NavigateToPoseActionGoal.js)
Linked: (/home/sweatha/wheelchair_ws/devel/.private/locomotor_msgs/share/gennodejs/ros/locomotor_msgs/msg/NavigateToPoseAction.js, /home/sweatha/wheelchair_ws/devel/share/gennodejs/ros/locomotor_msgs/msg/NavigateToPoseAction.js)
Linked: (/home/sweatha/wheelchair_ws/devel/.private/locomotor_msgs/share/gennodejs/ros/locomotor_msgs/msg/NavigateToPoseActionFeedback.js, /home/sweatha/wheelchair_ws/devel/share/gennodejs/ros/locomotor_msgs/msg/NavigateToPoseActionFeedback.js)
Linked: (/home/sweatha/wheelchair_ws/devel/.private/locomotor_msgs/share/gennodejs/ros/locomotor_msgs/msg/NavigationState.js, /home/sweatha/wheelchair_ws/devel/share/gennodejs/ros/locomotor_msgs/msg/NavigationState.js)
Linked: (/home/sweatha/wheelchair_ws/devel/.private/locomotor_msgs/share/roseus/ros/locomotor_msgs/manifest.l, /home/sweatha/wheelchair_ws/devel/share/roseus/ros/locomotor_msgs/manifest.l)
Linked: (/home/sweatha/wheelchair_ws/devel/.private/locomotor_msgs/share/roseus/ros/locomotor_msgs/msg/NavigateToPoseActionResult.l, /home/sweatha/wheelchair_ws/devel/share/roseus/ros/locomotor_msgs/msg/NavigateToPoseActionResult.l)
Linked: (/home/sweatha/wheelchair_ws/devel/.private/locomotor_msgs/share/roseus/ros/locomotor_msgs/msg/ResultCode.l, /home/sweatha/wheelchair_ws/devel/share/roseus/ros/locomotor_msgs/msg/ResultCode.l)
Linked: (/home/sweatha/wheelchair_ws/devel/.private/locomotor_msgs/share/roseus/ros/locomotor_msgs/msg/NavigateToPoseResult.l, /home/sweatha/wheelchair_ws/devel/share/roseus/ros/locomotor_msgs/msg/NavigateToPoseResult.l)
Linked: (/home/sweatha/wheelchair_ws/devel/.private/locomotor_msgs/share/roseus/ros/locomotor_msgs/msg/NavigationState.l, /home/sweatha/wheelchair_ws/devel/share/roseus/ros/locomotor_msgs/msg/NavigationState.l)
Linked: (/home/sweatha/wheelchair_ws/devel/.private/locomotor_msgs/share/roseus/ros/locomotor_msgs/msg/NavigateToPoseFeedback.l, /home/sweatha/wheelchair_ws/devel/share/roseus/ros/locomotor_msgs/msg/NavigateToPoseFeedback.l)
Linked: (/home/sweatha/wheelchair_ws/devel/.private/locomotor_msgs/share/roseus/ros/locomotor_msgs/msg/NavigateToPoseAction.l, /home/sweatha/wheelchair_ws/devel/share/roseus/ros/locomotor_msgs/msg/NavigateToPoseAction.l)
Linked: (/home/sweatha/wheelchair_ws/devel/.private/locomotor_msgs/share/roseus/ros/locomotor_msgs/msg/NavigateToPoseActionFeedback.l, /home/sweatha/wheelchair_ws/devel/share/roseus/ros/locomotor_msgs/msg/NavigateToPoseActionFeedback.l)
Linked: (/home/sweatha/wheelchair_ws/devel/.private/locomotor_msgs/share/roseus/ros/locomotor_msgs/msg/NavigateToPoseActionGoal.l, /home/sweatha/wheelchair_ws/devel/share/roseus/ros/locomotor_msgs/msg/NavigateToPoseActionGoal.l)
Linked: (/home/sweatha/wheelchair_ws/devel/.private/locomotor_msgs/share/roseus/ros/locomotor_msgs/msg/NavigateToPoseGoal.l, /home/sweatha/wheelchair_ws/devel/share/roseus/ros/locomotor_msgs/msg/NavigateToPoseGoal.l)
Linked: (/home/sweatha/wheelchair_ws/devel/.private/locomotor_msgs/share/locomotor_msgs/cmake/locomotor_msgs-msg-extras.cmake, /home/sweatha/wheelchair_ws/devel/share/locomotor_msgs/cmake/locomotor_msgs-msg-extras.cmake)
Linked: (/home/sweatha/wheelchair_ws/devel/.private/locomotor_msgs/share/locomotor_msgs/cmake/locomotor_msgsConfig-version.cmake, /home/sweatha/wheelchair_ws/devel/share/locomotor_msgs/cmake/locomotor_msgsConfig-version.cmake)
Linked: (/home/sweatha/wheelchair_ws/devel/.private/locomotor_msgs/share/locomotor_msgs/cmake/locomotor_msgsConfig.cmake, /home/sweatha/wheelchair_ws/devel/share/locomotor_msgs/cmake/locomotor_msgsConfig.cmake)
Linked: (/home/sweatha/wheelchair_ws/devel/.private/locomotor_msgs/share/locomotor_msgs/cmake/locomotor_msgs-msg-paths.cmake, /home/sweatha/wheelchair_ws/devel/share/locomotor_msgs/cmake/locomotor_msgs-msg-paths.cmake)
Linked: (/home/sweatha/wheelchair_ws/devel/.private/locomotor_msgs/share/locomotor_msgs/msg/NavigateToPoseFeedback.msg, /home/sweatha/wheelchair_ws/devel/share/locomotor_msgs/msg/NavigateToPoseFeedback.msg)
Linked: (/home/sweatha/wheelchair_ws/devel/.private/locomotor_msgs/share/locomotor_msgs/msg/NavigateToPoseActionFeedback.msg, /home/sweatha/wheelchair_ws/devel/share/locomotor_msgs/msg/NavigateToPoseActionFeedback.msg)
Linked: (/home/sweatha/wheelchair_ws/devel/.private/locomotor_msgs/share/locomotor_msgs/msg/NavigateToPoseGoal.msg, /home/sweatha/wheelchair_ws/devel/share/locomotor_msgs/msg/NavigateToPoseGoal.msg)
Linked: (/home/sweatha/wheelchair_ws/devel/.private/locomotor_msgs/share/locomotor_msgs/msg/NavigateToPoseActionGoal.msg, /home/sweatha/wheelchair_ws/devel/share/locomotor_msgs/msg/NavigateToPoseActionGoal.msg)
Linked: (/home/sweatha/wheelchair_ws/devel/.private/locomotor_msgs/share/locomotor_msgs/msg/NavigateToPoseAction.msg, /home/sweatha/wheelchair_ws/devel/share/locomotor_msgs/msg/NavigateToPoseAction.msg)
Linked: (/home/sweatha/wheelchair_ws/devel/.private/locomotor_msgs/share/locomotor_msgs/msg/NavigateToPoseResult.msg, /home/sweatha/wheelchair_ws/devel/share/locomotor_msgs/msg/NavigateToPoseResult.msg)
Linked: (/home/sweatha/wheelchair_ws/devel/.private/locomotor_msgs/share/locomotor_msgs/msg/NavigateToPoseActionResult.msg, /home/sweatha/wheelchair_ws/devel/share/locomotor_msgs/msg/NavigateToPoseActionResult.msg)
Linked: (/home/sweatha/wheelchair_ws/devel/.private/locomotor_msgs/include/locomotor_msgs/NavigationState.h, /home/sweatha/wheelchair_ws/devel/include/locomotor_msgs/NavigationState.h)
Linked: (/home/sweatha/wheelchair_ws/devel/.private/locomotor_msgs/include/locomotor_msgs/ResultCode.h, /home/sweatha/wheelchair_ws/devel/include/locomotor_msgs/ResultCode.h)
Linked: (/home/sweatha/wheelchair_ws/devel/.private/locomotor_msgs/include/locomotor_msgs/NavigateToPoseResult.h, /home/sweatha/wheelchair_ws/devel/include/locomotor_msgs/NavigateToPoseResult.h)
Linked: (/home/sweatha/wheelchair_ws/devel/.private/locomotor_msgs/include/locomotor_msgs/NavigateToPoseActionResult.h, /home/sweatha/wheelchair_ws/devel/include/locomotor_msgs/NavigateToPoseActionResult.h)
Linked: (/home/sweatha/wheelchair_ws/devel/.private/locomotor_msgs/include/locomotor_msgs/NavigateToPoseGoal.h, /home/sweatha/wheelchair_ws/devel/include/locomotor_msgs/NavigateToPoseGoal.h)
Linked: (/home/sweatha/wheelchair_ws/devel/.private/locomotor_msgs/include/locomotor_msgs/NavigateToPoseActionFeedback.h, /home/sweatha/wheelchair_ws/devel/include/locomotor_msgs/NavigateToPoseActionFeedback.h)
Linked: (/home/sweatha/wheelchair_ws/devel/.private/locomotor_msgs/include/locomotor_msgs/NavigateToPoseActionGoal.h, /home/sweatha/wheelchair_ws/devel/include/locomotor_msgs/NavigateToPoseActionGoal.h)
Linked: (/home/sweatha/wheelchair_ws/devel/.private/locomotor_msgs/include/locomotor_msgs/NavigateToPoseFeedback.h, /home/sweatha/wheelchair_ws/devel/include/locomotor_msgs/NavigateToPoseFeedback.h)
Linked: (/home/sweatha/wheelchair_ws/devel/.private/locomotor_msgs/include/locomotor_msgs/NavigateToPoseAction.h, /home/sweatha/wheelchair_ws/devel/include/locomotor_msgs/NavigateToPoseAction.h)
Linked: (/home/sweatha/wheelchair_ws/devel/.private/locomotor_msgs/lib/pkgconfig/locomotor_msgs.pc, /home/sweatha/wheelchair_ws/devel/lib/pkgconfig/locomotor_msgs.pc)
Linked: (/home/sweatha/wheelchair_ws/devel/.private/locomotor_msgs/lib/python3/dist-packages/locomotor_msgs/__init__.py, /home/sweatha/wheelchair_ws/devel/lib/python3/dist-packages/locomotor_msgs/__init__.py)
Linked: (/home/sweatha/wheelchair_ws/devel/.private/locomotor_msgs/lib/python3/dist-packages/locomotor_msgs/msg/_NavigateToPoseActionFeedback.py, /home/sweatha/wheelchair_ws/devel/lib/python3/dist-packages/locomotor_msgs/msg/_NavigateToPoseActionFeedback.py)
Linked: (/home/sweatha/wheelchair_ws/devel/.private/locomotor_msgs/lib/python3/dist-packages/locomotor_msgs/msg/__init__.py, /home/sweatha/wheelchair_ws/devel/lib/python3/dist-packages/locomotor_msgs/msg/__init__.py)
Linked: (/home/sweatha/wheelchair_ws/devel/.private/locomotor_msgs/lib/python3/dist-packages/locomotor_msgs/msg/_ResultCode.py, /home/sweatha/wheelchair_ws/devel/lib/python3/dist-packages/locomotor_msgs/msg/_ResultCode.py)
Linked: (/home/sweatha/wheelchair_ws/devel/.private/locomotor_msgs/lib/python3/dist-packages/locomotor_msgs/msg/_NavigationState.py, /home/sweatha/wheelchair_ws/devel/lib/python3/dist-packages/locomotor_msgs/msg/_NavigationState.py)
Linked: (/home/sweatha/wheelchair_ws/devel/.private/locomotor_msgs/lib/python3/dist-packages/locomotor_msgs/msg/_NavigateToPoseFeedback.py, /home/sweatha/wheelchair_ws/devel/lib/python3/dist-packages/locomotor_msgs/msg/_NavigateToPoseFeedback.py)
Linked: (/home/sweatha/wheelchair_ws/devel/.private/locomotor_msgs/lib/python3/dist-packages/locomotor_msgs/msg/_NavigateToPoseAction.py, /home/sweatha/wheelchair_ws/devel/lib/python3/dist-packages/locomotor_msgs/msg/_NavigateToPoseAction.py)
Linked: (/home/sweatha/wheelchair_ws/devel/.private/locomotor_msgs/lib/python3/dist-packages/locomotor_msgs/msg/_NavigateToPoseActionGoal.py, /home/sweatha/wheelchair_ws/devel/lib/python3/dist-packages/locomotor_msgs/msg/_NavigateToPoseActionGoal.py)
Linked: (/home/sweatha/wheelchair_ws/devel/.private/locomotor_msgs/lib/python3/dist-packages/locomotor_msgs/msg/_NavigateToPoseActionResult.py, /home/sweatha/wheelchair_ws/devel/lib/python3/dist-packages/locomotor_msgs/msg/_NavigateToPoseActionResult.py)
Linked: (/home/sweatha/wheelchair_ws/devel/.private/locomotor_msgs/lib/python3/dist-packages/locomotor_msgs/msg/_NavigateToPoseGoal.py, /home/sweatha/wheelchair_ws/devel/lib/python3/dist-packages/locomotor_msgs/msg/_NavigateToPoseGoal.py)
Linked: (/home/sweatha/wheelchair_ws/devel/.private/locomotor_msgs/lib/python3/dist-packages/locomotor_msgs/msg/_NavigateToPoseResult.py, /home/sweatha/wheelchair_ws/devel/lib/python3/dist-packages/locomotor_msgs/msg/_NavigateToPoseResult.py)
