[  0%] Built target _locomotor_msgs_generate_messages_check_deps_NavigateToPoseActionFeedback
[  0%] Built target _locomotor_msgs_generate_messages_check_deps_NavigateToPoseFeedback
[  0%] Built target _locomotor_msgs_generate_messages_check_deps_NavigateToPoseActionResult
[  0%] Built target _locomotor_msgs_generate_messages_check_deps_NavigateToPoseActionGoal
[  0%] Built target nav_2d_msgs_generate_messages_lisp
[  0%] Built target _locomotor_msgs_generate_messages_check_deps_NavigateToPoseAction
[  0%] Built target _locomotor_msgs_generate_messages_check_deps_NavigateToPoseGoal
[  0%] Built target actionlib_msgs_generate_messages_lisp
[  0%] Built target _locomotor_msgs_generate_messages_check_deps_ResultCode
[  0%] Built target _locomotor_msgs_generate_messages_check_deps_NavigationState
[  0%] Built target _locomotor_msgs_generate_messages_check_deps_NavigateToPoseResult
[  0%] Built target actionlib_msgs_generate_messages_py
[  0%] Built target nav_2d_msgs_generate_messages_py
[  0%] Built target actionlib_msgs_generate_messages_cpp
[  0%] Built target nav_2d_msgs_generate_messages_cpp
[  0%] Built target actionlib_msgs_generate_messages_nodejs
[  0%] Built target nav_2d_msgs_generate_messages_nodejs
[  0%] Built target nav_2d_msgs_generate_messages_eus
[  0%] Built target actionlib_msgs_generate_messages_eus
[ 19%] Built target locomotor_msgs_generate_messages_lisp
[ 40%] Built target locomotor_msgs_generate_messages_py
[ 59%] Built target locomotor_msgs_generate_messages_cpp
[ 78%] Built target locomotor_msgs_generate_messages_nodejs
[100%] Built target locomotor_msgs_generate_messages_eus
[100%] Built target locomotor_msgs_generate_messages
