[35m[1mScanning dependencies of target _locomotor_msgs_generate_messages_check_deps_NavigateToPoseActionFeedback[0m
[  0%] Built target _locomotor_msgs_generate_messages_check_deps_NavigateToPoseActionFeedback
[35m[1mScanning dependencies of target _locomotor_msgs_generate_messages_check_deps_NavigateToPoseFeedback[0m
[  0%] Built target _locomotor_msgs_generate_messages_check_deps_NavigateToPoseFeedback
[35m[1mScanning dependencies of target _locomotor_msgs_generate_messages_check_deps_NavigateToPoseActionResult[0m
[  0%] Built target _locomotor_msgs_generate_messages_check_deps_NavigateToPoseActionResult
[35m[1mScanning dependencies of target _locomotor_msgs_generate_messages_check_deps_NavigateToPoseActionGoal[0m
[  0%] Built target _locomotor_msgs_generate_messages_check_deps_NavigateToPoseActionGoal
[35m[1mScanning dependencies of target _locomotor_msgs_generate_messages_check_deps_NavigateToPoseAction[0m
[  0%] Built target _locomotor_msgs_generate_messages_check_deps_NavigateToPoseAction
[35m[1mScanning dependencies of target _locomotor_msgs_generate_messages_check_deps_NavigateToPoseGoal[0m
[  0%] Built target _locomotor_msgs_generate_messages_check_deps_NavigateToPoseGoal
[35m[1mScanning dependencies of target nav_2d_msgs_generate_messages_lisp[0m
[  0%] Built target nav_2d_msgs_generate_messages_lisp
[35m[1mScanning dependencies of target _locomotor_msgs_generate_messages_check_deps_ResultCode[0m
[  0%] Built target _locomotor_msgs_generate_messages_check_deps_ResultCode
[35m[1mScanning dependencies of target actionlib_msgs_generate_messages_lisp[0m
[  0%] Built target actionlib_msgs_generate_messages_lisp
[35m[1mScanning dependencies of target _locomotor_msgs_generate_messages_check_deps_NavigationState[0m
[  0%] Built target _locomotor_msgs_generate_messages_check_deps_NavigationState
[35m[1mScanning dependencies of target _locomotor_msgs_generate_messages_check_deps_NavigateToPoseResult[0m
[  0%] Built target _locomotor_msgs_generate_messages_check_deps_NavigateToPoseResult
[35m[1mScanning dependencies of target actionlib_msgs_generate_messages_py[0m
[  0%] Built target actionlib_msgs_generate_messages_py
[35m[1mScanning dependencies of target nav_2d_msgs_generate_messages_py[0m
[  0%] Built target nav_2d_msgs_generate_messages_py
[35m[1mScanning dependencies of target actionlib_msgs_generate_messages_cpp[0m
[  0%] Built target actionlib_msgs_generate_messages_cpp
[35m[1mScanning dependencies of target nav_2d_msgs_generate_messages_cpp[0m
[  0%] Built target nav_2d_msgs_generate_messages_cpp
[35m[1mScanning dependencies of target actionlib_msgs_generate_messages_nodejs[0m
[  0%] Built target actionlib_msgs_generate_messages_nodejs
[35m[1mScanning dependencies of target nav_2d_msgs_generate_messages_nodejs[0m
[  0%] Built target nav_2d_msgs_generate_messages_nodejs
[35m[1mScanning dependencies of target nav_2d_msgs_generate_messages_eus[0m
[  0%] Built target nav_2d_msgs_generate_messages_eus
[35m[1mScanning dependencies of target actionlib_msgs_generate_messages_eus[0m
[  0%] Built target actionlib_msgs_generate_messages_eus
[35m[1mScanning dependencies of target locomotor_msgs_generate_messages_lisp[0m
[  2%] [34m[1mGenerating Lisp code from locomotor_msgs/NavigationState.msg[0m
[  4%] [34m[1mGenerating Lisp code from locomotor_msgs/ResultCode.msg[0m
[  6%] [34m[1mGenerating Lisp code from locomotor_msgs/NavigateToPoseAction.msg[0m
[  8%] [34m[1mGenerating Lisp code from locomotor_msgs/NavigateToPoseActionGoal.msg[0m
[ 10%] [34m[1mGenerating Lisp code from locomotor_msgs/NavigateToPoseActionResult.msg[0m
[ 12%] [34m[1mGenerating Lisp code from locomotor_msgs/NavigateToPoseActionFeedback.msg[0m
[ 14%] [34m[1mGenerating Lisp code from locomotor_msgs/NavigateToPoseGoal.msg[0m
[35m[1mScanning dependencies of target locomotor_msgs_generate_messages_py[0m
[ 17%] [34m[1mGenerating Python from MSG locomotor_msgs/NavigationState[0m
[ 19%] [34m[1mGenerating Lisp code from locomotor_msgs/NavigateToPoseResult.msg[0m
[ 21%] [34m[1mGenerating Lisp code from locomotor_msgs/NavigateToPoseFeedback.msg[0m
[ 21%] Built target locomotor_msgs_generate_messages_lisp
[35m[1mScanning dependencies of target locomotor_msgs_generate_messages_cpp[0m
[ 23%] [34m[1mGenerating C++ code from locomotor_msgs/NavigationState.msg[0m
[ 25%] [34m[1mGenerating Python from MSG locomotor_msgs/ResultCode[0m
[ 27%] [34m[1mGenerating C++ code from locomotor_msgs/ResultCode.msg[0m
[ 29%] [34m[1mGenerating Python from MSG locomotor_msgs/NavigateToPoseAction[0m
[ 31%] [34m[1mGenerating C++ code from locomotor_msgs/NavigateToPoseAction.msg[0m
[ 34%] [34m[1mGenerating C++ code from locomotor_msgs/NavigateToPoseActionGoal.msg[0m
[ 36%] [34m[1mGenerating Python from MSG locomotor_msgs/NavigateToPoseActionGoal[0m
[ 38%] [34m[1mGenerating C++ code from locomotor_msgs/NavigateToPoseActionResult.msg[0m
[ 40%] [34m[1mGenerating Python from MSG locomotor_msgs/NavigateToPoseActionResult[0m
[ 42%] [34m[1mGenerating C++ code from locomotor_msgs/NavigateToPoseActionFeedback.msg[0m
[ 44%] [34m[1mGenerating Python from MSG locomotor_msgs/NavigateToPoseActionFeedback[0m
[ 46%] [34m[1mGenerating C++ code from locomotor_msgs/NavigateToPoseGoal.msg[0m
[ 48%] [34m[1mGenerating C++ code from locomotor_msgs/NavigateToPoseResult.msg[0m
[ 51%] [34m[1mGenerating Python from MSG locomotor_msgs/NavigateToPoseGoal[0m
[ 53%] [34m[1mGenerating C++ code from locomotor_msgs/NavigateToPoseFeedback.msg[0m
[ 55%] [34m[1mGenerating Python from MSG locomotor_msgs/NavigateToPoseResult[0m
[ 55%] Built target locomotor_msgs_generate_messages_cpp
[ 57%] [34m[1mGenerating Python from MSG locomotor_msgs/NavigateToPoseFeedback[0m
[ 59%] [34m[1mGenerating Python msg __init__.py for locomotor_msgs[0m
[ 59%] Built target locomotor_msgs_generate_messages_py
[35m[1mScanning dependencies of target locomotor_msgs_generate_messages_nodejs[0m
[ 61%] [34m[1mGenerating Javascript code from locomotor_msgs/NavigationState.msg[0m
[ 63%] [34m[1mGenerating Javascript code from locomotor_msgs/ResultCode.msg[0m
[ 65%] [34m[1mGenerating Javascript code from locomotor_msgs/NavigateToPoseAction.msg[0m
[ 68%] [34m[1mGenerating Javascript code from locomotor_msgs/NavigateToPoseActionGoal.msg[0m
[ 70%] [34m[1mGenerating Javascript code from locomotor_msgs/NavigateToPoseActionResult.msg[0m
[35m[1mScanning dependencies of target locomotor_msgs_generate_messages_eus[0m
[ 72%] [34m[1mGenerating EusLisp code from locomotor_msgs/NavigationState.msg[0m
[ 74%] [34m[1mGenerating Javascript code from locomotor_msgs/NavigateToPoseActionFeedback.msg[0m
[ 76%] [34m[1mGenerating EusLisp code from locomotor_msgs/ResultCode.msg[0m
[ 78%] [34m[1mGenerating Javascript code from locomotor_msgs/NavigateToPoseGoal.msg[0m
[ 80%] [34m[1mGenerating Javascript code from locomotor_msgs/NavigateToPoseResult.msg[0m
[ 82%] [34m[1mGenerating EusLisp code from locomotor_msgs/NavigateToPoseAction.msg[0m
[ 85%] [34m[1mGenerating Javascript code from locomotor_msgs/NavigateToPoseFeedback.msg[0m
[ 87%] [34m[1mGenerating EusLisp code from locomotor_msgs/NavigateToPoseActionGoal.msg[0m
[ 87%] Built target locomotor_msgs_generate_messages_nodejs
[ 89%] [34m[1mGenerating EusLisp code from locomotor_msgs/NavigateToPoseActionResult.msg[0m
[ 91%] [34m[1mGenerating EusLisp code from locomotor_msgs/NavigateToPoseActionFeedback.msg[0m
[ 93%] [34m[1mGenerating EusLisp code from locomotor_msgs/NavigateToPoseGoal.msg[0m
[ 95%] [34m[1mGenerating EusLisp code from locomotor_msgs/NavigateToPoseResult.msg[0m
[ 97%] [34m[1mGenerating EusLisp code from locomotor_msgs/NavigateToPoseFeedback.msg[0m
[100%] [34m[1mGenerating EusLisp manifest code for locomotor_msgs[0m
[100%] Built target locomotor_msgs_generate_messages_eus
[35m[1mScanning dependencies of target locomotor_msgs_generate_messages[0m
[100%] Built target locomotor_msgs_generate_messages
