Symlinking /home/sweatha/wheelchair_ws/devel/share/common-lisp/ros/locomotor_msgs/msg/_package_NavigateToPoseActionFeedback.lisp
Symlinking /home/sweatha/wheelchair_ws/devel/share/common-lisp/ros/locomotor_msgs/msg/NavigateToPoseAction.lisp
Symlinking /home/sweatha/wheelchair_ws/devel/share/common-lisp/ros/locomotor_msgs/msg/_package_NavigateToPoseResult.lisp
Symlinking /home/sweatha/wheelchair_ws/devel/share/common-lisp/ros/locomotor_msgs/msg/_package_NavigateToPoseFeedback.lisp
Symlinking /home/sweatha/wheelchair_ws/devel/share/common-lisp/ros/locomotor_msgs/msg/NavigateToPoseFeedback.lisp
Symlinking /home/sweatha/wheelchair_ws/devel/share/common-lisp/ros/locomotor_msgs/msg/_package_NavigateToPoseAction.lisp
Symlinking /home/sweatha/wheelchair_ws/devel/share/common-lisp/ros/locomotor_msgs/msg/locomotor_msgs-msg.asd
Symlinking /home/sweatha/wheelchair_ws/devel/share/common-lisp/ros/locomotor_msgs/msg/NavigateToPoseActionFeedback.lisp
Symlinking /home/sweatha/wheelchair_ws/devel/share/common-lisp/ros/locomotor_msgs/msg/NavigateToPoseActionResult.lisp
Symlinking /home/sweatha/wheelchair_ws/devel/share/common-lisp/ros/locomotor_msgs/msg/_package_NavigateToPoseGoal.lisp
Symlinking /home/sweatha/wheelchair_ws/devel/share/common-lisp/ros/locomotor_msgs/msg/_package_NavigationState.lisp
Symlinking /home/sweatha/wheelchair_ws/devel/share/common-lisp/ros/locomotor_msgs/msg/_package_ResultCode.lisp
Symlinking /home/sweatha/wheelchair_ws/devel/share/common-lisp/ros/locomotor_msgs/msg/NavigateToPoseActionGoal.lisp
Symlinking /home/sweatha/wheelchair_ws/devel/share/common-lisp/ros/locomotor_msgs/msg/NavigationState.lisp
Symlinking /home/sweatha/wheelchair_ws/devel/share/common-lisp/ros/locomotor_msgs/msg/_package_NavigateToPoseActionResult.lisp
Symlinking /home/sweatha/wheelchair_ws/devel/share/common-lisp/ros/locomotor_msgs/msg/NavigateToPoseResult.lisp
Symlinking /home/sweatha/wheelchair_ws/devel/share/common-lisp/ros/locomotor_msgs/msg/_package.lisp
Symlinking /home/sweatha/wheelchair_ws/devel/share/common-lisp/ros/locomotor_msgs/msg/_package_NavigateToPoseActionGoal.lisp
Symlinking /home/sweatha/wheelchair_ws/devel/share/common-lisp/ros/locomotor_msgs/msg/NavigateToPoseGoal.lisp
Symlinking /home/sweatha/wheelchair_ws/devel/share/common-lisp/ros/locomotor_msgs/msg/ResultCode.lisp
Symlinking /home/sweatha/wheelchair_ws/devel/share/gennodejs/ros/locomotor_msgs/_index.js
Symlinking /home/sweatha/wheelchair_ws/devel/share/gennodejs/ros/locomotor_msgs/msg/NavigateToPoseResult.js
Symlinking /home/sweatha/wheelchair_ws/devel/share/gennodejs/ros/locomotor_msgs/msg/ResultCode.js
Symlinking /home/sweatha/wheelchair_ws/devel/share/gennodejs/ros/locomotor_msgs/msg/NavigateToPoseGoal.js
Symlinking /home/sweatha/wheelchair_ws/devel/share/gennodejs/ros/locomotor_msgs/msg/NavigateToPoseActionResult.js
Symlinking /home/sweatha/wheelchair_ws/devel/share/gennodejs/ros/locomotor_msgs/msg/NavigateToPoseFeedback.js
Symlinking /home/sweatha/wheelchair_ws/devel/share/gennodejs/ros/locomotor_msgs/msg/_index.js
Symlinking /home/sweatha/wheelchair_ws/devel/share/gennodejs/ros/locomotor_msgs/msg/NavigateToPoseActionGoal.js
Symlinking /home/sweatha/wheelchair_ws/devel/share/gennodejs/ros/locomotor_msgs/msg/NavigateToPoseAction.js
Symlinking /home/sweatha/wheelchair_ws/devel/share/gennodejs/ros/locomotor_msgs/msg/NavigateToPoseActionFeedback.js
Symlinking /home/sweatha/wheelchair_ws/devel/share/gennodejs/ros/locomotor_msgs/msg/NavigationState.js
Symlinking /home/sweatha/wheelchair_ws/devel/share/roseus/ros/locomotor_msgs/manifest.l
Symlinking /home/sweatha/wheelchair_ws/devel/share/roseus/ros/locomotor_msgs/msg/NavigateToPoseActionResult.l
Symlinking /home/sweatha/wheelchair_ws/devel/share/roseus/ros/locomotor_msgs/msg/ResultCode.l
Symlinking /home/sweatha/wheelchair_ws/devel/share/roseus/ros/locomotor_msgs/msg/NavigateToPoseResult.l
Symlinking /home/sweatha/wheelchair_ws/devel/share/roseus/ros/locomotor_msgs/msg/NavigationState.l
Symlinking /home/sweatha/wheelchair_ws/devel/share/roseus/ros/locomotor_msgs/msg/NavigateToPoseFeedback.l
Symlinking /home/sweatha/wheelchair_ws/devel/share/roseus/ros/locomotor_msgs/msg/NavigateToPoseAction.l
Symlinking /home/sweatha/wheelchair_ws/devel/share/roseus/ros/locomotor_msgs/msg/NavigateToPoseActionFeedback.l
Symlinking /home/sweatha/wheelchair_ws/devel/share/roseus/ros/locomotor_msgs/msg/NavigateToPoseActionGoal.l
Symlinking /home/sweatha/wheelchair_ws/devel/share/roseus/ros/locomotor_msgs/msg/NavigateToPoseGoal.l
Symlinking /home/sweatha/wheelchair_ws/devel/share/locomotor_msgs/cmake/locomotor_msgs-msg-extras.cmake
Symlinking /home/sweatha/wheelchair_ws/devel/share/locomotor_msgs/cmake/locomotor_msgsConfig-version.cmake
Symlinking /home/sweatha/wheelchair_ws/devel/share/locomotor_msgs/cmake/locomotor_msgsConfig.cmake
Symlinking /home/sweatha/wheelchair_ws/devel/share/locomotor_msgs/cmake/locomotor_msgs-msg-paths.cmake
Symlinking /home/sweatha/wheelchair_ws/devel/share/locomotor_msgs/msg/NavigateToPoseFeedback.msg
Symlinking /home/sweatha/wheelchair_ws/devel/share/locomotor_msgs/msg/NavigateToPoseActionFeedback.msg
Symlinking /home/sweatha/wheelchair_ws/devel/share/locomotor_msgs/msg/NavigateToPoseGoal.msg
Symlinking /home/sweatha/wheelchair_ws/devel/share/locomotor_msgs/msg/NavigateToPoseActionGoal.msg
Symlinking /home/sweatha/wheelchair_ws/devel/share/locomotor_msgs/msg/NavigateToPoseAction.msg
Symlinking /home/sweatha/wheelchair_ws/devel/share/locomotor_msgs/msg/NavigateToPoseResult.msg
Symlinking /home/sweatha/wheelchair_ws/devel/share/locomotor_msgs/msg/NavigateToPoseActionResult.msg
Symlinking /home/sweatha/wheelchair_ws/devel/include/locomotor_msgs/NavigationState.h
Symlinking /home/sweatha/wheelchair_ws/devel/include/locomotor_msgs/ResultCode.h
Symlinking /home/sweatha/wheelchair_ws/devel/include/locomotor_msgs/NavigateToPoseResult.h
Symlinking /home/sweatha/wheelchair_ws/devel/include/locomotor_msgs/NavigateToPoseActionResult.h
Symlinking /home/sweatha/wheelchair_ws/devel/include/locomotor_msgs/NavigateToPoseGoal.h
Symlinking /home/sweatha/wheelchair_ws/devel/include/locomotor_msgs/NavigateToPoseActionFeedback.h
Symlinking /home/sweatha/wheelchair_ws/devel/include/locomotor_msgs/NavigateToPoseActionGoal.h
Symlinking /home/sweatha/wheelchair_ws/devel/include/locomotor_msgs/NavigateToPoseFeedback.h
Symlinking /home/sweatha/wheelchair_ws/devel/include/locomotor_msgs/NavigateToPoseAction.h
Symlinking /home/sweatha/wheelchair_ws/devel/lib/pkgconfig/locomotor_msgs.pc
Symlinking /home/sweatha/wheelchair_ws/devel/lib/python3/dist-packages/locomotor_msgs/__init__.py
Symlinking /home/sweatha/wheelchair_ws/devel/lib/python3/dist-packages/locomotor_msgs/msg/_NavigateToPoseActionFeedback.py
Symlinking /home/sweatha/wheelchair_ws/devel/lib/python3/dist-packages/locomotor_msgs/msg/__init__.py
Symlinking /home/sweatha/wheelchair_ws/devel/lib/python3/dist-packages/locomotor_msgs/msg/_ResultCode.py
Symlinking /home/sweatha/wheelchair_ws/devel/lib/python3/dist-packages/locomotor_msgs/msg/_NavigationState.py
Symlinking /home/sweatha/wheelchair_ws/devel/lib/python3/dist-packages/locomotor_msgs/msg/_NavigateToPoseFeedback.py
Symlinking /home/sweatha/wheelchair_ws/devel/lib/python3/dist-packages/locomotor_msgs/msg/_NavigateToPoseAction.py
Symlinking /home/sweatha/wheelchair_ws/devel/lib/python3/dist-packages/locomotor_msgs/msg/_NavigateToPoseActionGoal.py
Symlinking /home/sweatha/wheelchair_ws/devel/lib/python3/dist-packages/locomotor_msgs/msg/_NavigateToPoseActionResult.py
Symlinking /home/sweatha/wheelchair_ws/devel/lib/python3/dist-packages/locomotor_msgs/msg/_NavigateToPoseGoal.py
Symlinking /home/sweatha/wheelchair_ws/devel/lib/python3/dist-packages/locomotor_msgs/msg/_NavigateToPoseResult.py
