[  0%] Built target sensor_msgs_generate_messages_nodejs
[  0%] Built target std_srvs_generate_messages_nodejs
[  0%] Built target std_srvs_generate_messages_lisp
[  0%] Built target std_srvs_generate_messages_eus
[  0%] Built target visualization_msgs_generate_messages_py
[  0%] Built target visualization_msgs_generate_messages_nodejs
[  0%] Built target visualization_msgs_generate_messages_lisp
[  0%] Built target rviz_generate_messages_py
[  0%] Built target rviz_generate_messages_nodejs
[  0%] Built target rviz_generate_messages_lisp
[  0%] Built target map_msgs_generate_messages_nodejs
[  0%] Built target map_msgs_generate_messages_lisp
[  0%] Built target map_msgs_generate_messages_eus
[  0%] Built target map_msgs_generate_messages_cpp
[  0%] Built target nav_msgs_generate_messages_eus
[  0%] Built target actionlib_generate_messages_py
[  0%] Built target actionlib_generate_messages_nodejs
[  0%] Built target actionlib_generate_messages_lisp
[  0%] Built target roscpp_generate_messages_lisp
[  0%] Built target actionlib_msgs_generate_messages_cpp
[  0%] Built target std_msgs_generate_messages_cpp
[  0%] Built target nav_2d_msgs_generate_messages_py
[  0%] Built target tf2_msgs_generate_messages_cpp
[  0%] Built target nav_2d_msgs_generate_messages_cpp
[  0%] Built target geometry_msgs_generate_messages_py
[  0%] Built target rviz_generate_messages_cpp
[  0%] Built target actionlib_generate_messages_cpp
[  0%] Built target actionlib_msgs_generate_messages_py
[  0%] Built target map_msgs_generate_messages_py
[  0%] Built target geometry_msgs_generate_messages_eus
[  0%] Built target std_msgs_generate_messages_nodejs
[  0%] Built target actionlib_msgs_generate_messages_eus
[  0%] Built target tf_generate_messages_eus
[  0%] Built target rosgraph_msgs_generate_messages_lisp
[  0%] Built target sensor_msgs_generate_messages_cpp
[  0%] Built target nav_msgs_generate_messages_nodejs
[  3%] Built target rosgraph_msgs_generate_messages_py
[  3%] [34m[1mAutomatic MOC for target rnrp_utils[0m
[  3%] Built target nav_2d_msgs_generate_messages_eus
[  3%] Built target rnrp_utils_autogen
[  3%] Built target geometry_msgs_generate_messages_lisp
[  3%] Built target tf_generate_messages_cpp
[  3%] Built target std_srvs_generate_messages_cpp
[  3%] Built target rosgraph_msgs_generate_messages_nodejs
[  3%] Built target nav_2d_msgs_generate_messages_nodejs
[  3%] Built target std_msgs_generate_messages_lisp
[  3%] Built target std_msgs_generate_messages_py
[  3%] Built target geometry_msgs_generate_messages_nodejs
[  3%] Built target tf2_msgs_generate_messages_py
[  3%] Built target geometry_msgs_generate_messages_cpp
[  3%] Built target roscpp_generate_messages_cpp
[  3%] Built target sensor_msgs_generate_messages_py
[  3%] Built target roscpp_generate_messages_eus
[  3%] Built target nav_2d_msgs_generate_messages_lisp
[  3%] Built target tf2_msgs_generate_messages_eus
[  3%] Built target roscpp_generate_messages_nodejs
[  3%] Built target roscpp_generate_messages_py
[  3%] Built target actionlib_msgs_generate_messages_lisp
[  3%] Built target actionlib_msgs_generate_messages_nodejs
[  3%] Built target tf_generate_messages_py
[  3%] Built target std_msgs_generate_messages_eus
[  3%] Built target actionlib_generate_messages_eus
[  3%] Built target std_srvs_generate_messages_py
[  3%] Built target rosgraph_msgs_generate_messages_cpp
[  3%] Built target rosgraph_msgs_generate_messages_eus
[  3%] Built target visualization_msgs_generate_messages_eus
[  3%] Built target nav_msgs_generate_messages_cpp
[  3%] Built target tf2_msgs_generate_messages_lisp
[  3%] Built target tf2_msgs_generate_messages_nodejs
[  3%] Built target nav_msgs_generate_messages_lisp
[  3%] Built target rviz_generate_messages_eus
[  3%] Built target nav_msgs_generate_messages_py
[  3%] Built target tf_generate_messages_lisp
[  3%] Built target visualization_msgs_generate_messages_cpp
[  3%] Built target tf_generate_messages_nodejs
[  3%] Built target sensor_msgs_generate_messages_eus
[  3%] Built target sensor_msgs_generate_messages_lisp
[ 12%] Built target rnrp_utils
[ 15%] [34m[1mAutomatic MOC for target basic_palettes[0m
[ 18%] [34m[1mAutomatic MOC for target robot_nav_rviz_plugins[0m
[ 18%] Built target basic_palettes_autogen
[ 18%] Built target robot_nav_rviz_plugins_autogen
[ 28%] Built target basic_palettes
[100%] Built target robot_nav_rviz_plugins
