Symlinking /home/sweatha/wheelchair_ws/devel/share/common-lisp/ros/nav_2d_msgs/srv/nav_2d_msgs-srv.asd
Symlinking /home/sweatha/wheelchair_ws/devel/share/common-lisp/ros/nav_2d_msgs/srv/SwitchPlugin.lisp
Symlinking /home/sweatha/wheelchair_ws/devel/share/common-lisp/ros/nav_2d_msgs/srv/_package.lisp
Symlinking /home/sweatha/wheelchair_ws/devel/share/common-lisp/ros/nav_2d_msgs/srv/_package_SwitchPlugin.lisp
Symlinking /home/sweatha/wheelchair_ws/devel/share/common-lisp/ros/nav_2d_msgs/msg/_package_UIntBounds.lisp
Symlinking /home/sweatha/wheelchair_ws/devel/share/common-lisp/ros/nav_2d_msgs/msg/_package_Pose2D32.lisp
Symlinking /home/sweatha/wheelchair_ws/devel/share/common-lisp/ros/nav_2d_msgs/msg/NavGridOfDoublesUpdate.lisp
Symlinking /home/sweatha/wheelchair_ws/devel/share/common-lisp/ros/nav_2d_msgs/msg/Polygon2DStamped.lisp
Symlinking /home/sweatha/wheelchair_ws/devel/share/common-lisp/ros/nav_2d_msgs/msg/_package_NavGridOfDoubles.lisp
Symlinking /home/sweatha/wheelchair_ws/devel/share/common-lisp/ros/nav_2d_msgs/msg/_package_NavGridOfChars.lisp
Symlinking /home/sweatha/wheelchair_ws/devel/share/common-lisp/ros/nav_2d_msgs/msg/Pose2DStamped.lisp
Symlinking /home/sweatha/wheelchair_ws/devel/share/common-lisp/ros/nav_2d_msgs/msg/_package_ComplexPolygon2D.lisp
Symlinking /home/sweatha/wheelchair_ws/devel/share/common-lisp/ros/nav_2d_msgs/msg/NavGridOfDoubles.lisp
Symlinking /home/sweatha/wheelchair_ws/devel/share/common-lisp/ros/nav_2d_msgs/msg/_package_NavGridOfDoublesUpdate.lisp
Symlinking /home/sweatha/wheelchair_ws/devel/share/common-lisp/ros/nav_2d_msgs/msg/_package_Polygon2DStamped.lisp
Symlinking /home/sweatha/wheelchair_ws/devel/share/common-lisp/ros/nav_2d_msgs/msg/_package_Path2D.lisp
Symlinking /home/sweatha/wheelchair_ws/devel/share/common-lisp/ros/nav_2d_msgs/msg/_package_NavGridInfo.lisp
Symlinking /home/sweatha/wheelchair_ws/devel/share/common-lisp/ros/nav_2d_msgs/msg/NavGridInfo.lisp
Symlinking /home/sweatha/wheelchair_ws/devel/share/common-lisp/ros/nav_2d_msgs/msg/Pose2D32.lisp
Symlinking /home/sweatha/wheelchair_ws/devel/share/common-lisp/ros/nav_2d_msgs/msg/_package_Polygon2DCollection.lisp
Symlinking /home/sweatha/wheelchair_ws/devel/share/common-lisp/ros/nav_2d_msgs/msg/Polygon2D.lisp
Symlinking /home/sweatha/wheelchair_ws/devel/share/common-lisp/ros/nav_2d_msgs/msg/_package_NavGridOfCharsUpdate.lisp
Symlinking /home/sweatha/wheelchair_ws/devel/share/common-lisp/ros/nav_2d_msgs/msg/_package_Twist2D.lisp
Symlinking /home/sweatha/wheelchair_ws/devel/share/common-lisp/ros/nav_2d_msgs/msg/_package_Polygon2D.lisp
Symlinking /home/sweatha/wheelchair_ws/devel/share/common-lisp/ros/nav_2d_msgs/msg/_package_Twist2DStamped.lisp
Symlinking /home/sweatha/wheelchair_ws/devel/share/common-lisp/ros/nav_2d_msgs/msg/Polygon2DCollection.lisp
Symlinking /home/sweatha/wheelchair_ws/devel/share/common-lisp/ros/nav_2d_msgs/msg/NavGridOfChars.lisp
Symlinking /home/sweatha/wheelchair_ws/devel/share/common-lisp/ros/nav_2d_msgs/msg/nav_2d_msgs-msg.asd
Symlinking /home/sweatha/wheelchair_ws/devel/share/common-lisp/ros/nav_2d_msgs/msg/_package_Pose2DStamped.lisp
Symlinking /home/sweatha/wheelchair_ws/devel/share/common-lisp/ros/nav_2d_msgs/msg/Twist2D.lisp
Symlinking /home/sweatha/wheelchair_ws/devel/share/common-lisp/ros/nav_2d_msgs/msg/ComplexPolygon2D.lisp
Symlinking /home/sweatha/wheelchair_ws/devel/share/common-lisp/ros/nav_2d_msgs/msg/NavGridOfCharsUpdate.lisp
Symlinking /home/sweatha/wheelchair_ws/devel/share/common-lisp/ros/nav_2d_msgs/msg/_package_Point2D.lisp
Symlinking /home/sweatha/wheelchair_ws/devel/share/common-lisp/ros/nav_2d_msgs/msg/Path2D.lisp
Symlinking /home/sweatha/wheelchair_ws/devel/share/common-lisp/ros/nav_2d_msgs/msg/UIntBounds.lisp
Symlinking /home/sweatha/wheelchair_ws/devel/share/common-lisp/ros/nav_2d_msgs/msg/_package.lisp
Symlinking /home/sweatha/wheelchair_ws/devel/share/common-lisp/ros/nav_2d_msgs/msg/Twist2DStamped.lisp
Symlinking /home/sweatha/wheelchair_ws/devel/share/common-lisp/ros/nav_2d_msgs/msg/Twist2D32.lisp
Symlinking /home/sweatha/wheelchair_ws/devel/share/common-lisp/ros/nav_2d_msgs/msg/Point2D.lisp
Symlinking /home/sweatha/wheelchair_ws/devel/share/common-lisp/ros/nav_2d_msgs/msg/_package_Twist2D32.lisp
Symlinking /home/sweatha/wheelchair_ws/devel/share/nav_2d_msgs/cmake/nav_2d_msgs-msg-paths.cmake
Symlinking /home/sweatha/wheelchair_ws/devel/share/nav_2d_msgs/cmake/nav_2d_msgsConfig-version.cmake
Symlinking /home/sweatha/wheelchair_ws/devel/share/nav_2d_msgs/cmake/nav_2d_msgsConfig.cmake
Symlinking /home/sweatha/wheelchair_ws/devel/share/nav_2d_msgs/cmake/nav_2d_msgs-msg-extras.cmake
Symlinking /home/sweatha/wheelchair_ws/devel/share/gennodejs/ros/nav_2d_msgs/_index.js
Symlinking /home/sweatha/wheelchair_ws/devel/share/gennodejs/ros/nav_2d_msgs/srv/SwitchPlugin.js
Symlinking /home/sweatha/wheelchair_ws/devel/share/gennodejs/ros/nav_2d_msgs/srv/_index.js
Symlinking /home/sweatha/wheelchair_ws/devel/share/gennodejs/ros/nav_2d_msgs/msg/NavGridInfo.js
Symlinking /home/sweatha/wheelchair_ws/devel/share/gennodejs/ros/nav_2d_msgs/msg/NavGridOfDoublesUpdate.js
Symlinking /home/sweatha/wheelchair_ws/devel/share/gennodejs/ros/nav_2d_msgs/msg/NavGridOfDoubles.js
Symlinking /home/sweatha/wheelchair_ws/devel/share/gennodejs/ros/nav_2d_msgs/msg/Point2D.js
Symlinking /home/sweatha/wheelchair_ws/devel/share/gennodejs/ros/nav_2d_msgs/msg/Twist2D32.js
Symlinking /home/sweatha/wheelchair_ws/devel/share/gennodejs/ros/nav_2d_msgs/msg/Polygon2D.js
Symlinking /home/sweatha/wheelchair_ws/devel/share/gennodejs/ros/nav_2d_msgs/msg/Twist2DStamped.js
Symlinking /home/sweatha/wheelchair_ws/devel/share/gennodejs/ros/nav_2d_msgs/msg/UIntBounds.js
Symlinking /home/sweatha/wheelchair_ws/devel/share/gennodejs/ros/nav_2d_msgs/msg/Pose2D32.js
Symlinking /home/sweatha/wheelchair_ws/devel/share/gennodejs/ros/nav_2d_msgs/msg/Polygon2DStamped.js
Symlinking /home/sweatha/wheelchair_ws/devel/share/gennodejs/ros/nav_2d_msgs/msg/Path2D.js
Symlinking /home/sweatha/wheelchair_ws/devel/share/gennodejs/ros/nav_2d_msgs/msg/NavGridOfChars.js
Symlinking /home/sweatha/wheelchair_ws/devel/share/gennodejs/ros/nav_2d_msgs/msg/_index.js
Symlinking /home/sweatha/wheelchair_ws/devel/share/gennodejs/ros/nav_2d_msgs/msg/Twist2D.js
Symlinking /home/sweatha/wheelchair_ws/devel/share/gennodejs/ros/nav_2d_msgs/msg/ComplexPolygon2D.js
Symlinking /home/sweatha/wheelchair_ws/devel/share/gennodejs/ros/nav_2d_msgs/msg/Pose2DStamped.js
Symlinking /home/sweatha/wheelchair_ws/devel/share/gennodejs/ros/nav_2d_msgs/msg/NavGridOfCharsUpdate.js
Symlinking /home/sweatha/wheelchair_ws/devel/share/gennodejs/ros/nav_2d_msgs/msg/Polygon2DCollection.js
Symlinking /home/sweatha/wheelchair_ws/devel/share/roseus/ros/nav_2d_msgs/manifest.l
Symlinking /home/sweatha/wheelchair_ws/devel/share/roseus/ros/nav_2d_msgs/srv/SwitchPlugin.l
Symlinking /home/sweatha/wheelchair_ws/devel/share/roseus/ros/nav_2d_msgs/msg/Path2D.l
Symlinking /home/sweatha/wheelchair_ws/devel/share/roseus/ros/nav_2d_msgs/msg/Pose2DStamped.l
Symlinking /home/sweatha/wheelchair_ws/devel/share/roseus/ros/nav_2d_msgs/msg/Pose2D32.l
Symlinking /home/sweatha/wheelchair_ws/devel/share/roseus/ros/nav_2d_msgs/msg/Polygon2DCollection.l
Symlinking /home/sweatha/wheelchair_ws/devel/share/roseus/ros/nav_2d_msgs/msg/UIntBounds.l
Symlinking /home/sweatha/wheelchair_ws/devel/share/roseus/ros/nav_2d_msgs/msg/Twist2DStamped.l
Symlinking /home/sweatha/wheelchair_ws/devel/share/roseus/ros/nav_2d_msgs/msg/NavGridInfo.l
Symlinking /home/sweatha/wheelchair_ws/devel/share/roseus/ros/nav_2d_msgs/msg/NavGridOfDoublesUpdate.l
Symlinking /home/sweatha/wheelchair_ws/devel/share/roseus/ros/nav_2d_msgs/msg/NavGridOfDoubles.l
Symlinking /home/sweatha/wheelchair_ws/devel/share/roseus/ros/nav_2d_msgs/msg/Polygon2D.l
Symlinking /home/sweatha/wheelchair_ws/devel/share/roseus/ros/nav_2d_msgs/msg/Twist2D32.l
Symlinking /home/sweatha/wheelchair_ws/devel/share/roseus/ros/nav_2d_msgs/msg/Point2D.l
Symlinking /home/sweatha/wheelchair_ws/devel/share/roseus/ros/nav_2d_msgs/msg/Twist2D.l
Symlinking /home/sweatha/wheelchair_ws/devel/share/roseus/ros/nav_2d_msgs/msg/Polygon2DStamped.l
Symlinking /home/sweatha/wheelchair_ws/devel/share/roseus/ros/nav_2d_msgs/msg/NavGridOfChars.l
Symlinking /home/sweatha/wheelchair_ws/devel/share/roseus/ros/nav_2d_msgs/msg/NavGridOfCharsUpdate.l
Symlinking /home/sweatha/wheelchair_ws/devel/share/roseus/ros/nav_2d_msgs/msg/ComplexPolygon2D.l
Symlinking /home/sweatha/wheelchair_ws/devel/include/nav_2d_msgs/Polygon2DStamped.h
Symlinking /home/sweatha/wheelchair_ws/devel/include/nav_2d_msgs/SwitchPluginResponse.h
Symlinking /home/sweatha/wheelchair_ws/devel/include/nav_2d_msgs/ComplexPolygon2D.h
Symlinking /home/sweatha/wheelchair_ws/devel/include/nav_2d_msgs/NavGridOfDoubles.h
Symlinking /home/sweatha/wheelchair_ws/devel/include/nav_2d_msgs/Twist2D.h
Symlinking /home/sweatha/wheelchair_ws/devel/include/nav_2d_msgs/SwitchPluginRequest.h
Symlinking /home/sweatha/wheelchair_ws/devel/include/nav_2d_msgs/NavGridOfCharsUpdate.h
Symlinking /home/sweatha/wheelchair_ws/devel/include/nav_2d_msgs/Twist2DStamped.h
Symlinking /home/sweatha/wheelchair_ws/devel/include/nav_2d_msgs/Polygon2D.h
Symlinking /home/sweatha/wheelchair_ws/devel/include/nav_2d_msgs/NavGridOfChars.h
Symlinking /home/sweatha/wheelchair_ws/devel/include/nav_2d_msgs/Polygon2DCollection.h
Symlinking /home/sweatha/wheelchair_ws/devel/include/nav_2d_msgs/Pose2DStamped.h
Symlinking /home/sweatha/wheelchair_ws/devel/include/nav_2d_msgs/NavGridOfDoublesUpdate.h
Symlinking /home/sweatha/wheelchair_ws/devel/include/nav_2d_msgs/Point2D.h
Symlinking /home/sweatha/wheelchair_ws/devel/include/nav_2d_msgs/Pose2D32.h
Symlinking /home/sweatha/wheelchair_ws/devel/include/nav_2d_msgs/UIntBounds.h
Symlinking /home/sweatha/wheelchair_ws/devel/include/nav_2d_msgs/Path2D.h
Symlinking /home/sweatha/wheelchair_ws/devel/include/nav_2d_msgs/NavGridInfo.h
Symlinking /home/sweatha/wheelchair_ws/devel/include/nav_2d_msgs/Twist2D32.h
Symlinking /home/sweatha/wheelchair_ws/devel/include/nav_2d_msgs/SwitchPlugin.h
Symlinking /home/sweatha/wheelchair_ws/devel/lib/pkgconfig/nav_2d_msgs.pc
Symlinking /home/sweatha/wheelchair_ws/devel/lib/python3/dist-packages/nav_2d_msgs/__init__.py
Symlinking /home/sweatha/wheelchair_ws/devel/lib/python3/dist-packages/nav_2d_msgs/srv/__init__.py
Symlinking /home/sweatha/wheelchair_ws/devel/lib/python3/dist-packages/nav_2d_msgs/srv/_SwitchPlugin.py
Symlinking /home/sweatha/wheelchair_ws/devel/lib/python3/dist-packages/nav_2d_msgs/msg/__init__.py
Symlinking /home/sweatha/wheelchair_ws/devel/lib/python3/dist-packages/nav_2d_msgs/msg/_Twist2D.py
Symlinking /home/sweatha/wheelchair_ws/devel/lib/python3/dist-packages/nav_2d_msgs/msg/_Path2D.py
Symlinking /home/sweatha/wheelchair_ws/devel/lib/python3/dist-packages/nav_2d_msgs/msg/_Point2D.py
Symlinking /home/sweatha/wheelchair_ws/devel/lib/python3/dist-packages/nav_2d_msgs/msg/_UIntBounds.py
Symlinking /home/sweatha/wheelchair_ws/devel/lib/python3/dist-packages/nav_2d_msgs/msg/_Polygon2DStamped.py
Symlinking /home/sweatha/wheelchair_ws/devel/lib/python3/dist-packages/nav_2d_msgs/msg/_Polygon2DCollection.py
Symlinking /home/sweatha/wheelchair_ws/devel/lib/python3/dist-packages/nav_2d_msgs/msg/_NavGridOfChars.py
Symlinking /home/sweatha/wheelchair_ws/devel/lib/python3/dist-packages/nav_2d_msgs/msg/_ComplexPolygon2D.py
Symlinking /home/sweatha/wheelchair_ws/devel/lib/python3/dist-packages/nav_2d_msgs/msg/_Pose2DStamped.py
Symlinking /home/sweatha/wheelchair_ws/devel/lib/python3/dist-packages/nav_2d_msgs/msg/_NavGridOfDoubles.py
Symlinking /home/sweatha/wheelchair_ws/devel/lib/python3/dist-packages/nav_2d_msgs/msg/_NavGridOfCharsUpdate.py
Symlinking /home/sweatha/wheelchair_ws/devel/lib/python3/dist-packages/nav_2d_msgs/msg/_Twist2DStamped.py
Symlinking /home/sweatha/wheelchair_ws/devel/lib/python3/dist-packages/nav_2d_msgs/msg/_Twist2D32.py
Symlinking /home/sweatha/wheelchair_ws/devel/lib/python3/dist-packages/nav_2d_msgs/msg/_NavGridInfo.py
Symlinking /home/sweatha/wheelchair_ws/devel/lib/python3/dist-packages/nav_2d_msgs/msg/_Pose2D32.py
Symlinking /home/sweatha/wheelchair_ws/devel/lib/python3/dist-packages/nav_2d_msgs/msg/_Polygon2D.py
Symlinking /home/sweatha/wheelchair_ws/devel/lib/python3/dist-packages/nav_2d_msgs/msg/_NavGridOfDoublesUpdate.py
