Linked: (/home/sweatha/wheelchair_ws/devel/.private/nav_2d_msgs/share/common-lisp/ros/nav_2d_msgs/srv/nav_2d_msgs-srv.asd, /home/sweatha/wheelchair_ws/devel/share/common-lisp/ros/nav_2d_msgs/srv/nav_2d_msgs-srv.asd)
Linked: (/home/sweatha/wheelchair_ws/devel/.private/nav_2d_msgs/share/common-lisp/ros/nav_2d_msgs/srv/SwitchPlugin.lisp, /home/sweatha/wheelchair_ws/devel/share/common-lisp/ros/nav_2d_msgs/srv/SwitchPlugin.lisp)
Linked: (/home/sweatha/wheelchair_ws/devel/.private/nav_2d_msgs/share/common-lisp/ros/nav_2d_msgs/srv/_package.lisp, /home/sweatha/wheelchair_ws/devel/share/common-lisp/ros/nav_2d_msgs/srv/_package.lisp)
Linked: (/home/sweatha/wheelchair_ws/devel/.private/nav_2d_msgs/share/common-lisp/ros/nav_2d_msgs/srv/_package_SwitchPlugin.lisp, /home/sweatha/wheelchair_ws/devel/share/common-lisp/ros/nav_2d_msgs/srv/_package_SwitchPlugin.lisp)
Linked: (/home/sweatha/wheelchair_ws/devel/.private/nav_2d_msgs/share/common-lisp/ros/nav_2d_msgs/msg/_package_UIntBounds.lisp, /home/sweatha/wheelchair_ws/devel/share/common-lisp/ros/nav_2d_msgs/msg/_package_UIntBounds.lisp)
Linked: (/home/sweatha/wheelchair_ws/devel/.private/nav_2d_msgs/share/common-lisp/ros/nav_2d_msgs/msg/_package_Pose2D32.lisp, /home/sweatha/wheelchair_ws/devel/share/common-lisp/ros/nav_2d_msgs/msg/_package_Pose2D32.lisp)
Linked: (/home/sweatha/wheelchair_ws/devel/.private/nav_2d_msgs/share/common-lisp/ros/nav_2d_msgs/msg/NavGridOfDoublesUpdate.lisp, /home/sweatha/wheelchair_ws/devel/share/common-lisp/ros/nav_2d_msgs/msg/NavGridOfDoublesUpdate.lisp)
Linked: (/home/sweatha/wheelchair_ws/devel/.private/nav_2d_msgs/share/common-lisp/ros/nav_2d_msgs/msg/Polygon2DStamped.lisp, /home/sweatha/wheelchair_ws/devel/share/common-lisp/ros/nav_2d_msgs/msg/Polygon2DStamped.lisp)
Linked: (/home/sweatha/wheelchair_ws/devel/.private/nav_2d_msgs/share/common-lisp/ros/nav_2d_msgs/msg/_package_NavGridOfDoubles.lisp, /home/sweatha/wheelchair_ws/devel/share/common-lisp/ros/nav_2d_msgs/msg/_package_NavGridOfDoubles.lisp)
Linked: (/home/sweatha/wheelchair_ws/devel/.private/nav_2d_msgs/share/common-lisp/ros/nav_2d_msgs/msg/_package_NavGridOfChars.lisp, /home/sweatha/wheelchair_ws/devel/share/common-lisp/ros/nav_2d_msgs/msg/_package_NavGridOfChars.lisp)
Linked: (/home/sweatha/wheelchair_ws/devel/.private/nav_2d_msgs/share/common-lisp/ros/nav_2d_msgs/msg/Pose2DStamped.lisp, /home/sweatha/wheelchair_ws/devel/share/common-lisp/ros/nav_2d_msgs/msg/Pose2DStamped.lisp)
Linked: (/home/sweatha/wheelchair_ws/devel/.private/nav_2d_msgs/share/common-lisp/ros/nav_2d_msgs/msg/_package_ComplexPolygon2D.lisp, /home/sweatha/wheelchair_ws/devel/share/common-lisp/ros/nav_2d_msgs/msg/_package_ComplexPolygon2D.lisp)
Linked: (/home/sweatha/wheelchair_ws/devel/.private/nav_2d_msgs/share/common-lisp/ros/nav_2d_msgs/msg/NavGridOfDoubles.lisp, /home/sweatha/wheelchair_ws/devel/share/common-lisp/ros/nav_2d_msgs/msg/NavGridOfDoubles.lisp)
Linked: (/home/sweatha/wheelchair_ws/devel/.private/nav_2d_msgs/share/common-lisp/ros/nav_2d_msgs/msg/_package_NavGridOfDoublesUpdate.lisp, /home/sweatha/wheelchair_ws/devel/share/common-lisp/ros/nav_2d_msgs/msg/_package_NavGridOfDoublesUpdate.lisp)
Linked: (/home/sweatha/wheelchair_ws/devel/.private/nav_2d_msgs/share/common-lisp/ros/nav_2d_msgs/msg/_package_Polygon2DStamped.lisp, /home/sweatha/wheelchair_ws/devel/share/common-lisp/ros/nav_2d_msgs/msg/_package_Polygon2DStamped.lisp)
Linked: (/home/sweatha/wheelchair_ws/devel/.private/nav_2d_msgs/share/common-lisp/ros/nav_2d_msgs/msg/_package_Path2D.lisp, /home/sweatha/wheelchair_ws/devel/share/common-lisp/ros/nav_2d_msgs/msg/_package_Path2D.lisp)
Linked: (/home/sweatha/wheelchair_ws/devel/.private/nav_2d_msgs/share/common-lisp/ros/nav_2d_msgs/msg/_package_NavGridInfo.lisp, /home/sweatha/wheelchair_ws/devel/share/common-lisp/ros/nav_2d_msgs/msg/_package_NavGridInfo.lisp)
Linked: (/home/sweatha/wheelchair_ws/devel/.private/nav_2d_msgs/share/common-lisp/ros/nav_2d_msgs/msg/NavGridInfo.lisp, /home/sweatha/wheelchair_ws/devel/share/common-lisp/ros/nav_2d_msgs/msg/NavGridInfo.lisp)
Linked: (/home/sweatha/wheelchair_ws/devel/.private/nav_2d_msgs/share/common-lisp/ros/nav_2d_msgs/msg/Pose2D32.lisp, /home/sweatha/wheelchair_ws/devel/share/common-lisp/ros/nav_2d_msgs/msg/Pose2D32.lisp)
Linked: (/home/sweatha/wheelchair_ws/devel/.private/nav_2d_msgs/share/common-lisp/ros/nav_2d_msgs/msg/_package_Polygon2DCollection.lisp, /home/sweatha/wheelchair_ws/devel/share/common-lisp/ros/nav_2d_msgs/msg/_package_Polygon2DCollection.lisp)
Linked: (/home/sweatha/wheelchair_ws/devel/.private/nav_2d_msgs/share/common-lisp/ros/nav_2d_msgs/msg/Polygon2D.lisp, /home/sweatha/wheelchair_ws/devel/share/common-lisp/ros/nav_2d_msgs/msg/Polygon2D.lisp)
Linked: (/home/sweatha/wheelchair_ws/devel/.private/nav_2d_msgs/share/common-lisp/ros/nav_2d_msgs/msg/_package_NavGridOfCharsUpdate.lisp, /home/sweatha/wheelchair_ws/devel/share/common-lisp/ros/nav_2d_msgs/msg/_package_NavGridOfCharsUpdate.lisp)
Linked: (/home/sweatha/wheelchair_ws/devel/.private/nav_2d_msgs/share/common-lisp/ros/nav_2d_msgs/msg/_package_Twist2D.lisp, /home/sweatha/wheelchair_ws/devel/share/common-lisp/ros/nav_2d_msgs/msg/_package_Twist2D.lisp)
Linked: (/home/sweatha/wheelchair_ws/devel/.private/nav_2d_msgs/share/common-lisp/ros/nav_2d_msgs/msg/_package_Polygon2D.lisp, /home/sweatha/wheelchair_ws/devel/share/common-lisp/ros/nav_2d_msgs/msg/_package_Polygon2D.lisp)
Linked: (/home/sweatha/wheelchair_ws/devel/.private/nav_2d_msgs/share/common-lisp/ros/nav_2d_msgs/msg/_package_Twist2DStamped.lisp, /home/sweatha/wheelchair_ws/devel/share/common-lisp/ros/nav_2d_msgs/msg/_package_Twist2DStamped.lisp)
Linked: (/home/sweatha/wheelchair_ws/devel/.private/nav_2d_msgs/share/common-lisp/ros/nav_2d_msgs/msg/Polygon2DCollection.lisp, /home/sweatha/wheelchair_ws/devel/share/common-lisp/ros/nav_2d_msgs/msg/Polygon2DCollection.lisp)
Linked: (/home/sweatha/wheelchair_ws/devel/.private/nav_2d_msgs/share/common-lisp/ros/nav_2d_msgs/msg/NavGridOfChars.lisp, /home/sweatha/wheelchair_ws/devel/share/common-lisp/ros/nav_2d_msgs/msg/NavGridOfChars.lisp)
Linked: (/home/sweatha/wheelchair_ws/devel/.private/nav_2d_msgs/share/common-lisp/ros/nav_2d_msgs/msg/nav_2d_msgs-msg.asd, /home/sweatha/wheelchair_ws/devel/share/common-lisp/ros/nav_2d_msgs/msg/nav_2d_msgs-msg.asd)
Linked: (/home/sweatha/wheelchair_ws/devel/.private/nav_2d_msgs/share/common-lisp/ros/nav_2d_msgs/msg/_package_Pose2DStamped.lisp, /home/sweatha/wheelchair_ws/devel/share/common-lisp/ros/nav_2d_msgs/msg/_package_Pose2DStamped.lisp)
Linked: (/home/sweatha/wheelchair_ws/devel/.private/nav_2d_msgs/share/common-lisp/ros/nav_2d_msgs/msg/Twist2D.lisp, /home/sweatha/wheelchair_ws/devel/share/common-lisp/ros/nav_2d_msgs/msg/Twist2D.lisp)
Linked: (/home/sweatha/wheelchair_ws/devel/.private/nav_2d_msgs/share/common-lisp/ros/nav_2d_msgs/msg/ComplexPolygon2D.lisp, /home/sweatha/wheelchair_ws/devel/share/common-lisp/ros/nav_2d_msgs/msg/ComplexPolygon2D.lisp)
Linked: (/home/sweatha/wheelchair_ws/devel/.private/nav_2d_msgs/share/common-lisp/ros/nav_2d_msgs/msg/NavGridOfCharsUpdate.lisp, /home/sweatha/wheelchair_ws/devel/share/common-lisp/ros/nav_2d_msgs/msg/NavGridOfCharsUpdate.lisp)
Linked: (/home/sweatha/wheelchair_ws/devel/.private/nav_2d_msgs/share/common-lisp/ros/nav_2d_msgs/msg/_package_Point2D.lisp, /home/sweatha/wheelchair_ws/devel/share/common-lisp/ros/nav_2d_msgs/msg/_package_Point2D.lisp)
Linked: (/home/sweatha/wheelchair_ws/devel/.private/nav_2d_msgs/share/common-lisp/ros/nav_2d_msgs/msg/Path2D.lisp, /home/sweatha/wheelchair_ws/devel/share/common-lisp/ros/nav_2d_msgs/msg/Path2D.lisp)
Linked: (/home/sweatha/wheelchair_ws/devel/.private/nav_2d_msgs/share/common-lisp/ros/nav_2d_msgs/msg/UIntBounds.lisp, /home/sweatha/wheelchair_ws/devel/share/common-lisp/ros/nav_2d_msgs/msg/UIntBounds.lisp)
Linked: (/home/sweatha/wheelchair_ws/devel/.private/nav_2d_msgs/share/common-lisp/ros/nav_2d_msgs/msg/_package.lisp, /home/sweatha/wheelchair_ws/devel/share/common-lisp/ros/nav_2d_msgs/msg/_package.lisp)
Linked: (/home/sweatha/wheelchair_ws/devel/.private/nav_2d_msgs/share/common-lisp/ros/nav_2d_msgs/msg/Twist2DStamped.lisp, /home/sweatha/wheelchair_ws/devel/share/common-lisp/ros/nav_2d_msgs/msg/Twist2DStamped.lisp)
Linked: (/home/sweatha/wheelchair_ws/devel/.private/nav_2d_msgs/share/common-lisp/ros/nav_2d_msgs/msg/Twist2D32.lisp, /home/sweatha/wheelchair_ws/devel/share/common-lisp/ros/nav_2d_msgs/msg/Twist2D32.lisp)
Linked: (/home/sweatha/wheelchair_ws/devel/.private/nav_2d_msgs/share/common-lisp/ros/nav_2d_msgs/msg/Point2D.lisp, /home/sweatha/wheelchair_ws/devel/share/common-lisp/ros/nav_2d_msgs/msg/Point2D.lisp)
Linked: (/home/sweatha/wheelchair_ws/devel/.private/nav_2d_msgs/share/common-lisp/ros/nav_2d_msgs/msg/_package_Twist2D32.lisp, /home/sweatha/wheelchair_ws/devel/share/common-lisp/ros/nav_2d_msgs/msg/_package_Twist2D32.lisp)
Linked: (/home/sweatha/wheelchair_ws/devel/.private/nav_2d_msgs/share/nav_2d_msgs/cmake/nav_2d_msgs-msg-paths.cmake, /home/sweatha/wheelchair_ws/devel/share/nav_2d_msgs/cmake/nav_2d_msgs-msg-paths.cmake)
Linked: (/home/sweatha/wheelchair_ws/devel/.private/nav_2d_msgs/share/nav_2d_msgs/cmake/nav_2d_msgsConfig-version.cmake, /home/sweatha/wheelchair_ws/devel/share/nav_2d_msgs/cmake/nav_2d_msgsConfig-version.cmake)
Linked: (/home/sweatha/wheelchair_ws/devel/.private/nav_2d_msgs/share/nav_2d_msgs/cmake/nav_2d_msgsConfig.cmake, /home/sweatha/wheelchair_ws/devel/share/nav_2d_msgs/cmake/nav_2d_msgsConfig.cmake)
Linked: (/home/sweatha/wheelchair_ws/devel/.private/nav_2d_msgs/share/nav_2d_msgs/cmake/nav_2d_msgs-msg-extras.cmake, /home/sweatha/wheelchair_ws/devel/share/nav_2d_msgs/cmake/nav_2d_msgs-msg-extras.cmake)
Linked: (/home/sweatha/wheelchair_ws/devel/.private/nav_2d_msgs/share/gennodejs/ros/nav_2d_msgs/_index.js, /home/sweatha/wheelchair_ws/devel/share/gennodejs/ros/nav_2d_msgs/_index.js)
Linked: (/home/sweatha/wheelchair_ws/devel/.private/nav_2d_msgs/share/gennodejs/ros/nav_2d_msgs/srv/SwitchPlugin.js, /home/sweatha/wheelchair_ws/devel/share/gennodejs/ros/nav_2d_msgs/srv/SwitchPlugin.js)
Linked: (/home/sweatha/wheelchair_ws/devel/.private/nav_2d_msgs/share/gennodejs/ros/nav_2d_msgs/srv/_index.js, /home/sweatha/wheelchair_ws/devel/share/gennodejs/ros/nav_2d_msgs/srv/_index.js)
Linked: (/home/sweatha/wheelchair_ws/devel/.private/nav_2d_msgs/share/gennodejs/ros/nav_2d_msgs/msg/NavGridInfo.js, /home/sweatha/wheelchair_ws/devel/share/gennodejs/ros/nav_2d_msgs/msg/NavGridInfo.js)
Linked: (/home/sweatha/wheelchair_ws/devel/.private/nav_2d_msgs/share/gennodejs/ros/nav_2d_msgs/msg/NavGridOfDoublesUpdate.js, /home/sweatha/wheelchair_ws/devel/share/gennodejs/ros/nav_2d_msgs/msg/NavGridOfDoublesUpdate.js)
Linked: (/home/sweatha/wheelchair_ws/devel/.private/nav_2d_msgs/share/gennodejs/ros/nav_2d_msgs/msg/NavGridOfDoubles.js, /home/sweatha/wheelchair_ws/devel/share/gennodejs/ros/nav_2d_msgs/msg/NavGridOfDoubles.js)
Linked: (/home/sweatha/wheelchair_ws/devel/.private/nav_2d_msgs/share/gennodejs/ros/nav_2d_msgs/msg/Point2D.js, /home/sweatha/wheelchair_ws/devel/share/gennodejs/ros/nav_2d_msgs/msg/Point2D.js)
Linked: (/home/sweatha/wheelchair_ws/devel/.private/nav_2d_msgs/share/gennodejs/ros/nav_2d_msgs/msg/Twist2D32.js, /home/sweatha/wheelchair_ws/devel/share/gennodejs/ros/nav_2d_msgs/msg/Twist2D32.js)
Linked: (/home/sweatha/wheelchair_ws/devel/.private/nav_2d_msgs/share/gennodejs/ros/nav_2d_msgs/msg/Polygon2D.js, /home/sweatha/wheelchair_ws/devel/share/gennodejs/ros/nav_2d_msgs/msg/Polygon2D.js)
Linked: (/home/sweatha/wheelchair_ws/devel/.private/nav_2d_msgs/share/gennodejs/ros/nav_2d_msgs/msg/Twist2DStamped.js, /home/sweatha/wheelchair_ws/devel/share/gennodejs/ros/nav_2d_msgs/msg/Twist2DStamped.js)
Linked: (/home/sweatha/wheelchair_ws/devel/.private/nav_2d_msgs/share/gennodejs/ros/nav_2d_msgs/msg/UIntBounds.js, /home/sweatha/wheelchair_ws/devel/share/gennodejs/ros/nav_2d_msgs/msg/UIntBounds.js)
Linked: (/home/sweatha/wheelchair_ws/devel/.private/nav_2d_msgs/share/gennodejs/ros/nav_2d_msgs/msg/Pose2D32.js, /home/sweatha/wheelchair_ws/devel/share/gennodejs/ros/nav_2d_msgs/msg/Pose2D32.js)
Linked: (/home/sweatha/wheelchair_ws/devel/.private/nav_2d_msgs/share/gennodejs/ros/nav_2d_msgs/msg/Polygon2DStamped.js, /home/sweatha/wheelchair_ws/devel/share/gennodejs/ros/nav_2d_msgs/msg/Polygon2DStamped.js)
Linked: (/home/sweatha/wheelchair_ws/devel/.private/nav_2d_msgs/share/gennodejs/ros/nav_2d_msgs/msg/Path2D.js, /home/sweatha/wheelchair_ws/devel/share/gennodejs/ros/nav_2d_msgs/msg/Path2D.js)
Linked: (/home/sweatha/wheelchair_ws/devel/.private/nav_2d_msgs/share/gennodejs/ros/nav_2d_msgs/msg/NavGridOfChars.js, /home/sweatha/wheelchair_ws/devel/share/gennodejs/ros/nav_2d_msgs/msg/NavGridOfChars.js)
Linked: (/home/sweatha/wheelchair_ws/devel/.private/nav_2d_msgs/share/gennodejs/ros/nav_2d_msgs/msg/_index.js, /home/sweatha/wheelchair_ws/devel/share/gennodejs/ros/nav_2d_msgs/msg/_index.js)
Linked: (/home/sweatha/wheelchair_ws/devel/.private/nav_2d_msgs/share/gennodejs/ros/nav_2d_msgs/msg/Twist2D.js, /home/sweatha/wheelchair_ws/devel/share/gennodejs/ros/nav_2d_msgs/msg/Twist2D.js)
Linked: (/home/sweatha/wheelchair_ws/devel/.private/nav_2d_msgs/share/gennodejs/ros/nav_2d_msgs/msg/ComplexPolygon2D.js, /home/sweatha/wheelchair_ws/devel/share/gennodejs/ros/nav_2d_msgs/msg/ComplexPolygon2D.js)
Linked: (/home/sweatha/wheelchair_ws/devel/.private/nav_2d_msgs/share/gennodejs/ros/nav_2d_msgs/msg/Pose2DStamped.js, /home/sweatha/wheelchair_ws/devel/share/gennodejs/ros/nav_2d_msgs/msg/Pose2DStamped.js)
Linked: (/home/sweatha/wheelchair_ws/devel/.private/nav_2d_msgs/share/gennodejs/ros/nav_2d_msgs/msg/NavGridOfCharsUpdate.js, /home/sweatha/wheelchair_ws/devel/share/gennodejs/ros/nav_2d_msgs/msg/NavGridOfCharsUpdate.js)
Linked: (/home/sweatha/wheelchair_ws/devel/.private/nav_2d_msgs/share/gennodejs/ros/nav_2d_msgs/msg/Polygon2DCollection.js, /home/sweatha/wheelchair_ws/devel/share/gennodejs/ros/nav_2d_msgs/msg/Polygon2DCollection.js)
Linked: (/home/sweatha/wheelchair_ws/devel/.private/nav_2d_msgs/share/roseus/ros/nav_2d_msgs/manifest.l, /home/sweatha/wheelchair_ws/devel/share/roseus/ros/nav_2d_msgs/manifest.l)
Linked: (/home/sweatha/wheelchair_ws/devel/.private/nav_2d_msgs/share/roseus/ros/nav_2d_msgs/srv/SwitchPlugin.l, /home/sweatha/wheelchair_ws/devel/share/roseus/ros/nav_2d_msgs/srv/SwitchPlugin.l)
Linked: (/home/sweatha/wheelchair_ws/devel/.private/nav_2d_msgs/share/roseus/ros/nav_2d_msgs/msg/Path2D.l, /home/sweatha/wheelchair_ws/devel/share/roseus/ros/nav_2d_msgs/msg/Path2D.l)
Linked: (/home/sweatha/wheelchair_ws/devel/.private/nav_2d_msgs/share/roseus/ros/nav_2d_msgs/msg/Pose2DStamped.l, /home/sweatha/wheelchair_ws/devel/share/roseus/ros/nav_2d_msgs/msg/Pose2DStamped.l)
Linked: (/home/sweatha/wheelchair_ws/devel/.private/nav_2d_msgs/share/roseus/ros/nav_2d_msgs/msg/Pose2D32.l, /home/sweatha/wheelchair_ws/devel/share/roseus/ros/nav_2d_msgs/msg/Pose2D32.l)
Linked: (/home/sweatha/wheelchair_ws/devel/.private/nav_2d_msgs/share/roseus/ros/nav_2d_msgs/msg/Polygon2DCollection.l, /home/sweatha/wheelchair_ws/devel/share/roseus/ros/nav_2d_msgs/msg/Polygon2DCollection.l)
Linked: (/home/sweatha/wheelchair_ws/devel/.private/nav_2d_msgs/share/roseus/ros/nav_2d_msgs/msg/UIntBounds.l, /home/sweatha/wheelchair_ws/devel/share/roseus/ros/nav_2d_msgs/msg/UIntBounds.l)
Linked: (/home/sweatha/wheelchair_ws/devel/.private/nav_2d_msgs/share/roseus/ros/nav_2d_msgs/msg/Twist2DStamped.l, /home/sweatha/wheelchair_ws/devel/share/roseus/ros/nav_2d_msgs/msg/Twist2DStamped.l)
Linked: (/home/sweatha/wheelchair_ws/devel/.private/nav_2d_msgs/share/roseus/ros/nav_2d_msgs/msg/NavGridInfo.l, /home/sweatha/wheelchair_ws/devel/share/roseus/ros/nav_2d_msgs/msg/NavGridInfo.l)
Linked: (/home/sweatha/wheelchair_ws/devel/.private/nav_2d_msgs/share/roseus/ros/nav_2d_msgs/msg/NavGridOfDoublesUpdate.l, /home/sweatha/wheelchair_ws/devel/share/roseus/ros/nav_2d_msgs/msg/NavGridOfDoublesUpdate.l)
Linked: (/home/sweatha/wheelchair_ws/devel/.private/nav_2d_msgs/share/roseus/ros/nav_2d_msgs/msg/NavGridOfDoubles.l, /home/sweatha/wheelchair_ws/devel/share/roseus/ros/nav_2d_msgs/msg/NavGridOfDoubles.l)
Linked: (/home/sweatha/wheelchair_ws/devel/.private/nav_2d_msgs/share/roseus/ros/nav_2d_msgs/msg/Polygon2D.l, /home/sweatha/wheelchair_ws/devel/share/roseus/ros/nav_2d_msgs/msg/Polygon2D.l)
Linked: (/home/sweatha/wheelchair_ws/devel/.private/nav_2d_msgs/share/roseus/ros/nav_2d_msgs/msg/Twist2D32.l, /home/sweatha/wheelchair_ws/devel/share/roseus/ros/nav_2d_msgs/msg/Twist2D32.l)
Linked: (/home/sweatha/wheelchair_ws/devel/.private/nav_2d_msgs/share/roseus/ros/nav_2d_msgs/msg/Point2D.l, /home/sweatha/wheelchair_ws/devel/share/roseus/ros/nav_2d_msgs/msg/Point2D.l)
Linked: (/home/sweatha/wheelchair_ws/devel/.private/nav_2d_msgs/share/roseus/ros/nav_2d_msgs/msg/Twist2D.l, /home/sweatha/wheelchair_ws/devel/share/roseus/ros/nav_2d_msgs/msg/Twist2D.l)
Linked: (/home/sweatha/wheelchair_ws/devel/.private/nav_2d_msgs/share/roseus/ros/nav_2d_msgs/msg/Polygon2DStamped.l, /home/sweatha/wheelchair_ws/devel/share/roseus/ros/nav_2d_msgs/msg/Polygon2DStamped.l)
Linked: (/home/sweatha/wheelchair_ws/devel/.private/nav_2d_msgs/share/roseus/ros/nav_2d_msgs/msg/NavGridOfChars.l, /home/sweatha/wheelchair_ws/devel/share/roseus/ros/nav_2d_msgs/msg/NavGridOfChars.l)
Linked: (/home/sweatha/wheelchair_ws/devel/.private/nav_2d_msgs/share/roseus/ros/nav_2d_msgs/msg/NavGridOfCharsUpdate.l, /home/sweatha/wheelchair_ws/devel/share/roseus/ros/nav_2d_msgs/msg/NavGridOfCharsUpdate.l)
Linked: (/home/sweatha/wheelchair_ws/devel/.private/nav_2d_msgs/share/roseus/ros/nav_2d_msgs/msg/ComplexPolygon2D.l, /home/sweatha/wheelchair_ws/devel/share/roseus/ros/nav_2d_msgs/msg/ComplexPolygon2D.l)
Linked: (/home/sweatha/wheelchair_ws/devel/.private/nav_2d_msgs/include/nav_2d_msgs/Polygon2DStamped.h, /home/sweatha/wheelchair_ws/devel/include/nav_2d_msgs/Polygon2DStamped.h)
Linked: (/home/sweatha/wheelchair_ws/devel/.private/nav_2d_msgs/include/nav_2d_msgs/SwitchPluginResponse.h, /home/sweatha/wheelchair_ws/devel/include/nav_2d_msgs/SwitchPluginResponse.h)
Linked: (/home/sweatha/wheelchair_ws/devel/.private/nav_2d_msgs/include/nav_2d_msgs/ComplexPolygon2D.h, /home/sweatha/wheelchair_ws/devel/include/nav_2d_msgs/ComplexPolygon2D.h)
Linked: (/home/sweatha/wheelchair_ws/devel/.private/nav_2d_msgs/include/nav_2d_msgs/NavGridOfDoubles.h, /home/sweatha/wheelchair_ws/devel/include/nav_2d_msgs/NavGridOfDoubles.h)
Linked: (/home/sweatha/wheelchair_ws/devel/.private/nav_2d_msgs/include/nav_2d_msgs/Twist2D.h, /home/sweatha/wheelchair_ws/devel/include/nav_2d_msgs/Twist2D.h)
Linked: (/home/sweatha/wheelchair_ws/devel/.private/nav_2d_msgs/include/nav_2d_msgs/SwitchPluginRequest.h, /home/sweatha/wheelchair_ws/devel/include/nav_2d_msgs/SwitchPluginRequest.h)
Linked: (/home/sweatha/wheelchair_ws/devel/.private/nav_2d_msgs/include/nav_2d_msgs/NavGridOfCharsUpdate.h, /home/sweatha/wheelchair_ws/devel/include/nav_2d_msgs/NavGridOfCharsUpdate.h)
Linked: (/home/sweatha/wheelchair_ws/devel/.private/nav_2d_msgs/include/nav_2d_msgs/Twist2DStamped.h, /home/sweatha/wheelchair_ws/devel/include/nav_2d_msgs/Twist2DStamped.h)
Linked: (/home/sweatha/wheelchair_ws/devel/.private/nav_2d_msgs/include/nav_2d_msgs/Polygon2D.h, /home/sweatha/wheelchair_ws/devel/include/nav_2d_msgs/Polygon2D.h)
Linked: (/home/sweatha/wheelchair_ws/devel/.private/nav_2d_msgs/include/nav_2d_msgs/NavGridOfChars.h, /home/sweatha/wheelchair_ws/devel/include/nav_2d_msgs/NavGridOfChars.h)
Linked: (/home/sweatha/wheelchair_ws/devel/.private/nav_2d_msgs/include/nav_2d_msgs/Polygon2DCollection.h, /home/sweatha/wheelchair_ws/devel/include/nav_2d_msgs/Polygon2DCollection.h)
Linked: (/home/sweatha/wheelchair_ws/devel/.private/nav_2d_msgs/include/nav_2d_msgs/Pose2DStamped.h, /home/sweatha/wheelchair_ws/devel/include/nav_2d_msgs/Pose2DStamped.h)
Linked: (/home/sweatha/wheelchair_ws/devel/.private/nav_2d_msgs/include/nav_2d_msgs/NavGridOfDoublesUpdate.h, /home/sweatha/wheelchair_ws/devel/include/nav_2d_msgs/NavGridOfDoublesUpdate.h)
Linked: (/home/sweatha/wheelchair_ws/devel/.private/nav_2d_msgs/include/nav_2d_msgs/Point2D.h, /home/sweatha/wheelchair_ws/devel/include/nav_2d_msgs/Point2D.h)
Linked: (/home/sweatha/wheelchair_ws/devel/.private/nav_2d_msgs/include/nav_2d_msgs/Pose2D32.h, /home/sweatha/wheelchair_ws/devel/include/nav_2d_msgs/Pose2D32.h)
Linked: (/home/sweatha/wheelchair_ws/devel/.private/nav_2d_msgs/include/nav_2d_msgs/UIntBounds.h, /home/sweatha/wheelchair_ws/devel/include/nav_2d_msgs/UIntBounds.h)
Linked: (/home/sweatha/wheelchair_ws/devel/.private/nav_2d_msgs/include/nav_2d_msgs/Path2D.h, /home/sweatha/wheelchair_ws/devel/include/nav_2d_msgs/Path2D.h)
Linked: (/home/sweatha/wheelchair_ws/devel/.private/nav_2d_msgs/include/nav_2d_msgs/NavGridInfo.h, /home/sweatha/wheelchair_ws/devel/include/nav_2d_msgs/NavGridInfo.h)
Linked: (/home/sweatha/wheelchair_ws/devel/.private/nav_2d_msgs/include/nav_2d_msgs/Twist2D32.h, /home/sweatha/wheelchair_ws/devel/include/nav_2d_msgs/Twist2D32.h)
Linked: (/home/sweatha/wheelchair_ws/devel/.private/nav_2d_msgs/include/nav_2d_msgs/SwitchPlugin.h, /home/sweatha/wheelchair_ws/devel/include/nav_2d_msgs/SwitchPlugin.h)
Linked: (/home/sweatha/wheelchair_ws/devel/.private/nav_2d_msgs/lib/pkgconfig/nav_2d_msgs.pc, /home/sweatha/wheelchair_ws/devel/lib/pkgconfig/nav_2d_msgs.pc)
Linked: (/home/sweatha/wheelchair_ws/devel/.private/nav_2d_msgs/lib/python3/dist-packages/nav_2d_msgs/__init__.py, /home/sweatha/wheelchair_ws/devel/lib/python3/dist-packages/nav_2d_msgs/__init__.py)
Linked: (/home/sweatha/wheelchair_ws/devel/.private/nav_2d_msgs/lib/python3/dist-packages/nav_2d_msgs/srv/__init__.py, /home/sweatha/wheelchair_ws/devel/lib/python3/dist-packages/nav_2d_msgs/srv/__init__.py)
Linked: (/home/sweatha/wheelchair_ws/devel/.private/nav_2d_msgs/lib/python3/dist-packages/nav_2d_msgs/srv/_SwitchPlugin.py, /home/sweatha/wheelchair_ws/devel/lib/python3/dist-packages/nav_2d_msgs/srv/_SwitchPlugin.py)
Linked: (/home/sweatha/wheelchair_ws/devel/.private/nav_2d_msgs/lib/python3/dist-packages/nav_2d_msgs/msg/__init__.py, /home/sweatha/wheelchair_ws/devel/lib/python3/dist-packages/nav_2d_msgs/msg/__init__.py)
Linked: (/home/sweatha/wheelchair_ws/devel/.private/nav_2d_msgs/lib/python3/dist-packages/nav_2d_msgs/msg/_Twist2D.py, /home/sweatha/wheelchair_ws/devel/lib/python3/dist-packages/nav_2d_msgs/msg/_Twist2D.py)
Linked: (/home/sweatha/wheelchair_ws/devel/.private/nav_2d_msgs/lib/python3/dist-packages/nav_2d_msgs/msg/_Path2D.py, /home/sweatha/wheelchair_ws/devel/lib/python3/dist-packages/nav_2d_msgs/msg/_Path2D.py)
Linked: (/home/sweatha/wheelchair_ws/devel/.private/nav_2d_msgs/lib/python3/dist-packages/nav_2d_msgs/msg/_Point2D.py, /home/sweatha/wheelchair_ws/devel/lib/python3/dist-packages/nav_2d_msgs/msg/_Point2D.py)
Linked: (/home/sweatha/wheelchair_ws/devel/.private/nav_2d_msgs/lib/python3/dist-packages/nav_2d_msgs/msg/_UIntBounds.py, /home/sweatha/wheelchair_ws/devel/lib/python3/dist-packages/nav_2d_msgs/msg/_UIntBounds.py)
Linked: (/home/sweatha/wheelchair_ws/devel/.private/nav_2d_msgs/lib/python3/dist-packages/nav_2d_msgs/msg/_Polygon2DStamped.py, /home/sweatha/wheelchair_ws/devel/lib/python3/dist-packages/nav_2d_msgs/msg/_Polygon2DStamped.py)
Linked: (/home/sweatha/wheelchair_ws/devel/.private/nav_2d_msgs/lib/python3/dist-packages/nav_2d_msgs/msg/_Polygon2DCollection.py, /home/sweatha/wheelchair_ws/devel/lib/python3/dist-packages/nav_2d_msgs/msg/_Polygon2DCollection.py)
Linked: (/home/sweatha/wheelchair_ws/devel/.private/nav_2d_msgs/lib/python3/dist-packages/nav_2d_msgs/msg/_NavGridOfChars.py, /home/sweatha/wheelchair_ws/devel/lib/python3/dist-packages/nav_2d_msgs/msg/_NavGridOfChars.py)
Linked: (/home/sweatha/wheelchair_ws/devel/.private/nav_2d_msgs/lib/python3/dist-packages/nav_2d_msgs/msg/_ComplexPolygon2D.py, /home/sweatha/wheelchair_ws/devel/lib/python3/dist-packages/nav_2d_msgs/msg/_ComplexPolygon2D.py)
Linked: (/home/sweatha/wheelchair_ws/devel/.private/nav_2d_msgs/lib/python3/dist-packages/nav_2d_msgs/msg/_Pose2DStamped.py, /home/sweatha/wheelchair_ws/devel/lib/python3/dist-packages/nav_2d_msgs/msg/_Pose2DStamped.py)
Linked: (/home/sweatha/wheelchair_ws/devel/.private/nav_2d_msgs/lib/python3/dist-packages/nav_2d_msgs/msg/_NavGridOfDoubles.py, /home/sweatha/wheelchair_ws/devel/lib/python3/dist-packages/nav_2d_msgs/msg/_NavGridOfDoubles.py)
Linked: (/home/sweatha/wheelchair_ws/devel/.private/nav_2d_msgs/lib/python3/dist-packages/nav_2d_msgs/msg/_NavGridOfCharsUpdate.py, /home/sweatha/wheelchair_ws/devel/lib/python3/dist-packages/nav_2d_msgs/msg/_NavGridOfCharsUpdate.py)
Linked: (/home/sweatha/wheelchair_ws/devel/.private/nav_2d_msgs/lib/python3/dist-packages/nav_2d_msgs/msg/_Twist2DStamped.py, /home/sweatha/wheelchair_ws/devel/lib/python3/dist-packages/nav_2d_msgs/msg/_Twist2DStamped.py)
Linked: (/home/sweatha/wheelchair_ws/devel/.private/nav_2d_msgs/lib/python3/dist-packages/nav_2d_msgs/msg/_Twist2D32.py, /home/sweatha/wheelchair_ws/devel/lib/python3/dist-packages/nav_2d_msgs/msg/_Twist2D32.py)
Linked: (/home/sweatha/wheelchair_ws/devel/.private/nav_2d_msgs/lib/python3/dist-packages/nav_2d_msgs/msg/_NavGridInfo.py, /home/sweatha/wheelchair_ws/devel/lib/python3/dist-packages/nav_2d_msgs/msg/_NavGridInfo.py)
Linked: (/home/sweatha/wheelchair_ws/devel/.private/nav_2d_msgs/lib/python3/dist-packages/nav_2d_msgs/msg/_Pose2D32.py, /home/sweatha/wheelchair_ws/devel/lib/python3/dist-packages/nav_2d_msgs/msg/_Pose2D32.py)
Linked: (/home/sweatha/wheelchair_ws/devel/.private/nav_2d_msgs/lib/python3/dist-packages/nav_2d_msgs/msg/_Polygon2D.py, /home/sweatha/wheelchair_ws/devel/lib/python3/dist-packages/nav_2d_msgs/msg/_Polygon2D.py)
Linked: (/home/sweatha/wheelchair_ws/devel/.private/nav_2d_msgs/lib/python3/dist-packages/nav_2d_msgs/msg/_NavGridOfDoublesUpdate.py, /home/sweatha/wheelchair_ws/devel/lib/python3/dist-packages/nav_2d_msgs/msg/_NavGridOfDoublesUpdate.py)
