[35m[1mScanning dependencies of target _nav_2d_msgs_generate_messages_check_deps_Pose2DStamped[0m
[  0%] Built target _nav_2d_msgs_generate_messages_check_deps_Pose2DStamped
[35m[1mScanning dependencies of target _nav_2d_msgs_generate_messages_check_deps_SwitchPlugin[0m
[  0%] Built target _nav_2d_msgs_generate_messages_check_deps_SwitchPlugin
[35m[1mScanning dependencies of target _nav_2d_msgs_generate_messages_check_deps_Twist2DStamped[0m
[  0%] Built target _nav_2d_msgs_generate_messages_check_deps_Twist2DStamped
[35m[1mScanning dependencies of target _nav_2d_msgs_generate_messages_check_deps_Twist2D32[0m
[  0%] Built target _nav_2d_msgs_generate_messages_check_deps_Twist2D32
[35m[1mScanning dependencies of target _nav_2d_msgs_generate_messages_check_deps_Twist2D[0m
[  0%] Built target _nav_2d_msgs_generate_messages_check_deps_Twist2D
[35m[1mScanning dependencies of target _nav_2d_msgs_generate_messages_check_deps_UIntBounds[0m
[  0%] Built target _nav_2d_msgs_generate_messages_check_deps_UIntBounds
[35m[1mScanning dependencies of target geometry_msgs_generate_messages_nodejs[0m
[  0%] Built target geometry_msgs_generate_messages_nodejs
[35m[1mScanning dependencies of target _nav_2d_msgs_generate_messages_check_deps_NavGridOfCharsUpdate[0m
[  0%] Built target _nav_2d_msgs_generate_messages_check_deps_NavGridOfCharsUpdate
[35m[1mScanning dependencies of target _nav_2d_msgs_generate_messages_check_deps_NavGridOfDoublesUpdate[0m
[  0%] Built target _nav_2d_msgs_generate_messages_check_deps_NavGridOfDoublesUpdate
[35m[1mScanning dependencies of target _nav_2d_msgs_generate_messages_check_deps_Polygon2DCollection[0m
[  0%] Built target _nav_2d_msgs_generate_messages_check_deps_Polygon2DCollection
[35m[1mScanning dependencies of target std_msgs_generate_messages_nodejs[0m
[  0%] Built target std_msgs_generate_messages_nodejs
[35m[1mScanning dependencies of target _nav_2d_msgs_generate_messages_check_deps_Point2D[0m
[  0%] Built target _nav_2d_msgs_generate_messages_check_deps_Point2D
[35m[1mScanning dependencies of target _nav_2d_msgs_generate_messages_check_deps_ComplexPolygon2D[0m
[  0%] Built target _nav_2d_msgs_generate_messages_check_deps_ComplexPolygon2D
[35m[1mScanning dependencies of target _nav_2d_msgs_generate_messages_check_deps_NavGridInfo[0m
[  0%] Built target _nav_2d_msgs_generate_messages_check_deps_NavGridInfo
[35m[1mScanning dependencies of target _nav_2d_msgs_generate_messages_check_deps_NavGridOfDoubles[0m
[  0%] Built target _nav_2d_msgs_generate_messages_check_deps_NavGridOfDoubles
[35m[1mScanning dependencies of target _nav_2d_msgs_generate_messages_check_deps_Polygon2DStamped[0m
[  0%] Built target _nav_2d_msgs_generate_messages_check_deps_Polygon2DStamped
[35m[1mScanning dependencies of target _nav_2d_msgs_generate_messages_check_deps_Path2D[0m
[35m[1mScanning dependencies of target _nav_2d_msgs_generate_messages_check_deps_Polygon2D[0m
[  0%] Built target _nav_2d_msgs_generate_messages_check_deps_Path2D
[  0%] Built target _nav_2d_msgs_generate_messages_check_deps_Polygon2D
[35m[1mScanning dependencies of target _nav_2d_msgs_generate_messages_check_deps_Pose2D32[0m
[  0%] Built target _nav_2d_msgs_generate_messages_check_deps_Pose2D32
[35m[1mScanning dependencies of target _nav_2d_msgs_generate_messages_check_deps_NavGridOfChars[0m
[  0%] Built target _nav_2d_msgs_generate_messages_check_deps_NavGridOfChars
[35m[1mScanning dependencies of target std_msgs_generate_messages_eus[0m
[  0%] Built target std_msgs_generate_messages_eus
[35m[1mScanning dependencies of target geometry_msgs_generate_messages_eus[0m
[  0%] Built target geometry_msgs_generate_messages_eus
[35m[1mScanning dependencies of target std_msgs_generate_messages_cpp[0m
[  0%] Built target std_msgs_generate_messages_cpp
[35m[1mScanning dependencies of target geometry_msgs_generate_messages_cpp[0m
[  0%] Built target geometry_msgs_generate_messages_cpp
[35m[1mScanning dependencies of target geometry_msgs_generate_messages_py[0m
[  0%] Built target geometry_msgs_generate_messages_py
[35m[1mScanning dependencies of target std_msgs_generate_messages_py[0m
[  0%] Built target std_msgs_generate_messages_py
[35m[1mScanning dependencies of target std_msgs_generate_messages_lisp[0m
[  0%] Built target std_msgs_generate_messages_lisp
[35m[1mScanning dependencies of target geometry_msgs_generate_messages_lisp[0m
[  0%] Built target geometry_msgs_generate_messages_lisp
[35m[1mScanning dependencies of target nav_2d_msgs_generate_messages_nodejs[0m
[  1%] [34m[1mGenerating Javascript code from nav_2d_msgs/ComplexPolygon2D.msg[0m
[  2%] [34m[1mGenerating Javascript code from nav_2d_msgs/NavGridInfo.msg[0m
[  3%] [34m[1mGenerating Javascript code from nav_2d_msgs/NavGridOfChars.msg[0m
[  4%] [34m[1mGenerating Javascript code from nav_2d_msgs/NavGridOfCharsUpdate.msg[0m
[  5%] [34m[1mGenerating Javascript code from nav_2d_msgs/NavGridOfDoubles.msg[0m
[  6%] [34m[1mGenerating Javascript code from nav_2d_msgs/NavGridOfDoublesUpdate.msg[0m
[  7%] [34m[1mGenerating Javascript code from nav_2d_msgs/Path2D.msg[0m
[  8%] [34m[1mGenerating Javascript code from nav_2d_msgs/Point2D.msg[0m
[  9%] [34m[1mGenerating Javascript code from nav_2d_msgs/Polygon2D.msg[0m
[ 10%] [34m[1mGenerating Javascript code from nav_2d_msgs/Polygon2DCollection.msg[0m
[ 11%] [34m[1mGenerating Javascript code from nav_2d_msgs/Polygon2DStamped.msg[0m
[ 12%] [34m[1mGenerating Javascript code from nav_2d_msgs/Pose2D32.msg[0m
[ 13%] [34m[1mGenerating Javascript code from nav_2d_msgs/Pose2DStamped.msg[0m
[ 15%] [34m[1mGenerating Javascript code from nav_2d_msgs/Twist2D.msg[0m
[ 16%] [34m[1mGenerating Javascript code from nav_2d_msgs/Twist2D32.msg[0m
[ 17%] [34m[1mGenerating Javascript code from nav_2d_msgs/Twist2DStamped.msg[0m
[ 18%] [34m[1mGenerating Javascript code from nav_2d_msgs/UIntBounds.msg[0m
[ 19%] [34m[1mGenerating Javascript code from nav_2d_msgs/SwitchPlugin.srv[0m
[ 19%] Built target nav_2d_msgs_generate_messages_nodejs
[35m[1mScanning dependencies of target nav_2d_msgs_generate_messages_eus[0m
[ 20%] [34m[1mGenerating EusLisp code from nav_2d_msgs/ComplexPolygon2D.msg[0m
[ 21%] [34m[1mGenerating EusLisp code from nav_2d_msgs/NavGridInfo.msg[0m
[ 22%] [34m[1mGenerating EusLisp code from nav_2d_msgs/NavGridOfChars.msg[0m
[ 23%] [34m[1mGenerating EusLisp code from nav_2d_msgs/NavGridOfCharsUpdate.msg[0m
[ 24%] [34m[1mGenerating EusLisp code from nav_2d_msgs/NavGridOfDoubles.msg[0m
[ 25%] [34m[1mGenerating EusLisp code from nav_2d_msgs/NavGridOfDoublesUpdate.msg[0m
[ 26%] [34m[1mGenerating EusLisp code from nav_2d_msgs/Path2D.msg[0m
[ 27%] [34m[1mGenerating EusLisp code from nav_2d_msgs/Point2D.msg[0m
[ 29%] [34m[1mGenerating EusLisp code from nav_2d_msgs/Polygon2D.msg[0m
[ 30%] [34m[1mGenerating EusLisp code from nav_2d_msgs/Polygon2DCollection.msg[0m
[ 31%] [34m[1mGenerating EusLisp code from nav_2d_msgs/Polygon2DStamped.msg[0m
[ 32%] [34m[1mGenerating EusLisp code from nav_2d_msgs/Pose2D32.msg[0m
[ 33%] [34m[1mGenerating EusLisp code from nav_2d_msgs/Pose2DStamped.msg[0m
[ 34%] [34m[1mGenerating EusLisp code from nav_2d_msgs/Twist2D.msg[0m
[ 35%] [34m[1mGenerating EusLisp code from nav_2d_msgs/Twist2D32.msg[0m
[35m[1mScanning dependencies of target nav_2d_msgs_generate_messages_cpp[0m
[35m[1mScanning dependencies of target nav_2d_msgs_generate_messages_py[0m
[ 36%] [34m[1mGenerating C++ code from nav_2d_msgs/ComplexPolygon2D.msg[0m
[ 37%] [34m[1mGenerating Python from MSG nav_2d_msgs/ComplexPolygon2D[0m
[ 38%] [34m[1mGenerating EusLisp code from nav_2d_msgs/Twist2DStamped.msg[0m
[ 39%] [34m[1mGenerating EusLisp code from nav_2d_msgs/UIntBounds.msg[0m
[ 40%] [34m[1mGenerating C++ code from nav_2d_msgs/NavGridInfo.msg[0m
[ 41%] [34m[1mGenerating EusLisp code from nav_2d_msgs/SwitchPlugin.srv[0m
[ 43%] [34m[1mGenerating Python from MSG nav_2d_msgs/NavGridInfo[0m
[ 44%] [34m[1mGenerating C++ code from nav_2d_msgs/NavGridOfChars.msg[0m
[ 45%] [34m[1mGenerating C++ code from nav_2d_msgs/NavGridOfCharsUpdate.msg[0m
[ 46%] [34m[1mGenerating EusLisp manifest code for nav_2d_msgs[0m
[ 47%] [34m[1mGenerating C++ code from nav_2d_msgs/NavGridOfDoubles.msg[0m
[ 48%] [34m[1mGenerating C++ code from nav_2d_msgs/NavGridOfDoublesUpdate.msg[0m
[ 49%] [34m[1mGenerating Python from MSG nav_2d_msgs/NavGridOfChars[0m
[ 50%] [34m[1mGenerating C++ code from nav_2d_msgs/Path2D.msg[0m
[ 51%] [34m[1mGenerating C++ code from nav_2d_msgs/Point2D.msg[0m
[ 52%] [34m[1mGenerating Python from MSG nav_2d_msgs/NavGridOfCharsUpdate[0m
[ 53%] [34m[1mGenerating C++ code from nav_2d_msgs/Polygon2D.msg[0m
[ 54%] [34m[1mGenerating C++ code from nav_2d_msgs/Polygon2DCollection.msg[0m
[ 55%] [34m[1mGenerating C++ code from nav_2d_msgs/Polygon2DStamped.msg[0m
[ 56%] [34m[1mGenerating C++ code from nav_2d_msgs/Pose2D32.msg[0m
[ 58%] [34m[1mGenerating C++ code from nav_2d_msgs/Pose2DStamped.msg[0m
[ 59%] [34m[1mGenerating Python from MSG nav_2d_msgs/NavGridOfDoubles[0m
[ 60%] [34m[1mGenerating C++ code from nav_2d_msgs/Twist2D.msg[0m
[ 61%] [34m[1mGenerating C++ code from nav_2d_msgs/Twist2D32.msg[0m
[35m[1mScanning dependencies of target nav_2d_msgs_generate_messages_lisp[0m
[ 62%] [34m[1mGenerating Lisp code from nav_2d_msgs/ComplexPolygon2D.msg[0m
[ 63%] [34m[1mGenerating Lisp code from nav_2d_msgs/NavGridInfo.msg[0m
[ 64%] [34m[1mGenerating C++ code from nav_2d_msgs/Twist2DStamped.msg[0m
[ 65%] [34m[1mGenerating Python from MSG nav_2d_msgs/NavGridOfDoublesUpdate[0m
[ 66%] [34m[1mGenerating Lisp code from nav_2d_msgs/NavGridOfChars.msg[0m
[ 67%] [34m[1mGenerating Python from MSG nav_2d_msgs/Path2D[0m
[ 68%] [34m[1mGenerating Lisp code from nav_2d_msgs/NavGridOfCharsUpdate.msg[0m
[ 69%] [34m[1mGenerating Lisp code from nav_2d_msgs/NavGridOfDoubles.msg[0m
[ 70%] [34m[1mGenerating C++ code from nav_2d_msgs/UIntBounds.msg[0m
[ 72%] [34m[1mGenerating Lisp code from nav_2d_msgs/NavGridOfDoublesUpdate.msg[0m
[ 73%] [34m[1mGenerating Python from MSG nav_2d_msgs/Point2D[0m
[ 74%] [34m[1mGenerating Python from MSG nav_2d_msgs/Polygon2D[0m
[ 75%] [34m[1mGenerating Lisp code from nav_2d_msgs/Path2D.msg[0m
[ 76%] [34m[1mGenerating Python from MSG nav_2d_msgs/Polygon2DCollection[0m
[ 77%] [34m[1mGenerating C++ code from nav_2d_msgs/SwitchPlugin.srv[0m
[ 78%] [34m[1mGenerating Lisp code from nav_2d_msgs/Point2D.msg[0m
[ 78%] Built target nav_2d_msgs_generate_messages_eus
[ 79%] [34m[1mGenerating Lisp code from nav_2d_msgs/Polygon2D.msg[0m
[ 80%] [34m[1mGenerating Lisp code from nav_2d_msgs/Polygon2DCollection.msg[0m
[ 81%] [34m[1mGenerating Python from MSG nav_2d_msgs/Polygon2DStamped[0m
[ 82%] [34m[1mGenerating Lisp code from nav_2d_msgs/Polygon2DStamped.msg[0m
[ 83%] [34m[1mGenerating Lisp code from nav_2d_msgs/Pose2D32.msg[0m
[ 84%] [34m[1mGenerating Python from MSG nav_2d_msgs/Pose2D32[0m
[ 86%] [34m[1mGenerating Python from MSG nav_2d_msgs/Pose2DStamped[0m
[ 87%] [34m[1mGenerating Lisp code from nav_2d_msgs/Pose2DStamped.msg[0m
[ 88%] [34m[1mGenerating Lisp code from nav_2d_msgs/Twist2D.msg[0m
[ 88%] Built target nav_2d_msgs_generate_messages_cpp
[ 89%] [34m[1mGenerating Lisp code from nav_2d_msgs/Twist2D32.msg[0m
[ 90%] [34m[1mGenerating Lisp code from nav_2d_msgs/Twist2DStamped.msg[0m
[ 91%] [34m[1mGenerating Lisp code from nav_2d_msgs/UIntBounds.msg[0m
[ 92%] [34m[1mGenerating Lisp code from nav_2d_msgs/SwitchPlugin.srv[0m
[ 93%] [34m[1mGenerating Python from MSG nav_2d_msgs/Twist2D[0m
[ 94%] [34m[1mGenerating Python from MSG nav_2d_msgs/Twist2D32[0m
[ 95%] [34m[1mGenerating Python from MSG nav_2d_msgs/Twist2DStamped[0m
[ 95%] Built target nav_2d_msgs_generate_messages_lisp
[ 96%] [34m[1mGenerating Python from MSG nav_2d_msgs/UIntBounds[0m
[ 97%] [34m[1mGenerating Python code from SRV nav_2d_msgs/SwitchPlugin[0m
[ 98%] [34m[1mGenerating Python msg __init__.py for nav_2d_msgs[0m
[100%] [34m[1mGenerating Python srv __init__.py for nav_2d_msgs[0m
[100%] Built target nav_2d_msgs_generate_messages_py
[35m[1mScanning dependencies of target nav_2d_msgs_generate_messages[0m
[100%] Built target nav_2d_msgs_generate_messages
