[  0%] Built target _nav_2d_msgs_generate_messages_check_deps_Pose2DStamped
[  0%] Built target _nav_2d_msgs_generate_messages_check_deps_SwitchPlugin
[  0%] Built target _nav_2d_msgs_generate_messages_check_deps_Twist2DStamped
[  0%] Built target geometry_msgs_generate_messages_nodejs
[  0%] Built target _nav_2d_msgs_generate_messages_check_deps_Twist2D32
[  0%] Built target _nav_2d_msgs_generate_messages_check_deps_Twist2D
[  0%] Built target _nav_2d_msgs_generate_messages_check_deps_UIntBounds
[  0%] Built target std_msgs_generate_messages_nodejs
[  0%] Built target _nav_2d_msgs_generate_messages_check_deps_NavGridOfDoublesUpdate
[  0%] Built target _nav_2d_msgs_generate_messages_check_deps_NavGridOfCharsUpdate
[  0%] Built target _nav_2d_msgs_generate_messages_check_deps_Polygon2DCollection
[  0%] Built target _nav_2d_msgs_generate_messages_check_deps_ComplexPolygon2D
[  0%] Built target _nav_2d_msgs_generate_messages_check_deps_NavGridInfo
[  0%] Built target _nav_2d_msgs_generate_messages_check_deps_Point2D
[  0%] Built target _nav_2d_msgs_generate_messages_check_deps_NavGridOfDoubles
[  0%] Built target std_msgs_generate_messages_eus
[  0%] Built target geometry_msgs_generate_messages_eus
[  0%] Built target std_msgs_generate_messages_cpp
[  0%] Built target _nav_2d_msgs_generate_messages_check_deps_Polygon2DStamped
[  0%] Built target _nav_2d_msgs_generate_messages_check_deps_Path2D
[  0%] Built target geometry_msgs_generate_messages_cpp
[  0%] Built target _nav_2d_msgs_generate_messages_check_deps_Polygon2D
[  0%] Built target geometry_msgs_generate_messages_py
[  0%] Built target std_msgs_generate_messages_py
[  0%] Built target _nav_2d_msgs_generate_messages_check_deps_Pose2D32
[  0%] Built target std_msgs_generate_messages_lisp
[  0%] Built target _nav_2d_msgs_generate_messages_check_deps_NavGridOfChars
[  0%] Built target geometry_msgs_generate_messages_lisp
[ 19%] Built target nav_2d_msgs_generate_messages_nodejs
[ 38%] Built target nav_2d_msgs_generate_messages_lisp
[ 58%] Built target nav_2d_msgs_generate_messages_cpp
[ 98%] Built target nav_2d_msgs_generate_messages_eus
[100%] Built target nav_2d_msgs_generate_messages_py
[100%] Built target nav_2d_msgs_generate_messages
