[35m[1mScanning dependencies of target trajectory_utils[0m
[  9%] [32mBuilding CXX object CMakeFiles/trajectory_utils.dir/src/trajectory_utils.cpp.o[0m
[ 18%] [32m[1mLinking CXX shared library /home/sweatha/wheelchair_ws/devel/.private/dwb_local_planner/lib/libtrajectory_utils.so[0m
[ 18%] Built target trajectory_utils
[35m[1mScanning dependencies of target tf_generate_messages_lisp[0m
[ 18%] Built target tf_generate_messages_lisp
[35m[1mScanning dependencies of target visualization_msgs_generate_messages_py[0m
[ 18%] Built target visualization_msgs_generate_messages_py
[35m[1mScanning dependencies of target visualization_msgs_generate_messages_nodejs[0m
[ 18%] Built target visualization_msgs_generate_messages_nodejs
[35m[1mScanning dependencies of target visualization_msgs_generate_messages_lisp[0m
[ 18%] Built target visualization_msgs_generate_messages_lisp
[35m[1mScanning dependencies of target sensor_msgs_generate_messages_nodejs[0m
[ 18%] Built target sensor_msgs_generate_messages_nodejs
[35m[1mScanning dependencies of target visualization_msgs_generate_messages_cpp[0m
[ 18%] Built target visualization_msgs_generate_messages_cpp
[35m[1mScanning dependencies of target sensor_msgs_generate_messages_lisp[0m
[ 18%] Built target sensor_msgs_generate_messages_lisp
[35m[1mScanning dependencies of target sensor_msgs_generate_messages_eus[0m
[ 18%] Built target sensor_msgs_generate_messages_eus
[35m[1mScanning dependencies of target tf_generate_messages_nodejs[0m
[ 18%] Built target tf_generate_messages_nodejs
[35m[1mScanning dependencies of target nav_msgs_generate_messages_eus[0m
[ 18%] Built target nav_msgs_generate_messages_eus
[35m[1mScanning dependencies of target nav_2d_msgs_generate_messages_py[0m
[ 18%] Built target nav_2d_msgs_generate_messages_py
[35m[1mScanning dependencies of target std_msgs_generate_messages_cpp[0m
[ 18%] Built target std_msgs_generate_messages_cpp
[35m[1mScanning dependencies of target tf2_msgs_generate_messages_cpp[0m
[ 18%] Built target tf2_msgs_generate_messages_cpp
[35m[1mScanning dependencies of target dwb_msgs_generate_messages_nodejs[0m
[ 18%] Built target dwb_msgs_generate_messages_nodejs
[35m[1mScanning dependencies of target sensor_msgs_generate_messages_cpp[0m
[ 18%] Built target sensor_msgs_generate_messages_cpp
[35m[1mScanning dependencies of target nav_msgs_generate_messages_nodejs[0m
[ 18%] Built target nav_msgs_generate_messages_nodejs
[35m[1mScanning dependencies of target actionlib_msgs_generate_messages_eus[0m
[ 18%] Built target actionlib_msgs_generate_messages_eus
[35m[1mScanning dependencies of target tf_generate_messages_eus[0m
[ 18%] Built target tf_generate_messages_eus
[35m[1mScanning dependencies of target rosgraph_msgs_generate_messages_lisp[0m
[ 18%] Built target rosgraph_msgs_generate_messages_lisp
[35m[1mScanning dependencies of target dwb_msgs_generate_messages_eus[0m
[ 18%] Built target dwb_msgs_generate_messages_eus
[35m[1mScanning dependencies of target std_msgs_generate_messages_nodejs[0m
[ 18%] Built target std_msgs_generate_messages_nodejs
[35m[1mScanning dependencies of target geometry_msgs_generate_messages_eus[0m
[ 18%] Built target geometry_msgs_generate_messages_eus
[35m[1mScanning dependencies of target nav_msgs_generate_messages_lisp[0m
[ 18%] Built target nav_msgs_generate_messages_lisp
[35m[1mScanning dependencies of target visualization_msgs_generate_messages_eus[0m
[ 18%] Built target visualization_msgs_generate_messages_eus
[35m[1mScanning dependencies of target nav_msgs_generate_messages_cpp[0m
[ 18%] Built target nav_msgs_generate_messages_cpp
[35m[1mScanning dependencies of target rosgraph_msgs_generate_messages_eus[0m
[ 18%] Built target rosgraph_msgs_generate_messages_eus
[35m[1mScanning dependencies of target geometry_msgs_generate_messages_py[0m
[ 18%] Built target geometry_msgs_generate_messages_py
[35m[1mScanning dependencies of target nav_2d_msgs_generate_messages_eus[0m
[ 18%] Built target nav_2d_msgs_generate_messages_eus
[35m[1mScanning dependencies of target geometry_msgs_generate_messages_lisp[0m
[ 18%] Built target geometry_msgs_generate_messages_lisp
[35m[1mScanning dependencies of target tf_generate_messages_cpp[0m
[ 18%] Built target tf_generate_messages_cpp
[35m[1mScanning dependencies of target std_msgs_generate_messages_lisp[0m
[ 18%] Built target std_msgs_generate_messages_lisp
[35m[1mScanning dependencies of target std_msgs_generate_messages_py[0m
[ 18%] Built target std_msgs_generate_messages_py
[35m[1mScanning dependencies of target dwb_msgs_generate_messages_py[0m
[ 18%] Built target dwb_msgs_generate_messages_py
[35m[1mScanning dependencies of target rosgraph_msgs_generate_messages_py[0m
[ 18%] Built target rosgraph_msgs_generate_messages_py
[35m[1mScanning dependencies of target dwb_msgs_generate_messages_cpp[0m
[ 18%] Built target dwb_msgs_generate_messages_cpp
[35m[1mScanning dependencies of target tf2_msgs_generate_messages_nodejs[0m
[ 18%] Built target tf2_msgs_generate_messages_nodejs
[35m[1mScanning dependencies of target _catkin_empty_exported_target[0m
[ 18%] Built target _catkin_empty_exported_target
[35m[1mScanning dependencies of target actionlib_generate_messages_lisp[0m
[ 18%] Built target actionlib_generate_messages_lisp
[35m[1mScanning dependencies of target roscpp_generate_messages_lisp[0m
[ 18%] Built target roscpp_generate_messages_lisp
[35m[1mScanning dependencies of target nav_2d_msgs_generate_messages_cpp[0m
[ 18%] Built target nav_2d_msgs_generate_messages_cpp
[35m[1mScanning dependencies of target dwb_msgs_generate_messages_lisp[0m
[ 18%] Built target dwb_msgs_generate_messages_lisp
[35m[1mScanning dependencies of target tf_generate_messages_py[0m
[ 18%] Built target tf_generate_messages_py
[35m[1mScanning dependencies of target actionlib_msgs_generate_messages_lisp[0m
[ 18%] Built target actionlib_msgs_generate_messages_lisp
[35m[1mScanning dependencies of target std_msgs_generate_messages_eus[0m
[ 18%] Built target std_msgs_generate_messages_eus
[35m[1mScanning dependencies of target actionlib_msgs_generate_messages_nodejs[0m
[ 18%] Built target actionlib_msgs_generate_messages_nodejs
[35m[1mScanning dependencies of target actionlib_generate_messages_py[0m
[ 18%] Built target actionlib_generate_messages_py
[35m[1mScanning dependencies of target geometry_msgs_generate_messages_nodejs[0m
[ 18%] Built target geometry_msgs_generate_messages_nodejs
[35m[1mScanning dependencies of target geometry_msgs_generate_messages_cpp[0m
[ 18%] Built target geometry_msgs_generate_messages_cpp
[35m[1mScanning dependencies of target tf2_msgs_generate_messages_py[0m
[ 18%] Built target tf2_msgs_generate_messages_py
[35m[1mScanning dependencies of target actionlib_msgs_generate_messages_cpp[0m
[ 18%] Built target actionlib_msgs_generate_messages_cpp
[35m[1mScanning dependencies of target actionlib_msgs_generate_messages_py[0m
[ 18%] Built target actionlib_msgs_generate_messages_py
[35m[1mScanning dependencies of target actionlib_generate_messages_cpp[0m
[ 18%] Built target actionlib_generate_messages_cpp
[35m[1mScanning dependencies of target nav_2d_msgs_generate_messages_nodejs[0m
[ 18%] Built target nav_2d_msgs_generate_messages_nodejs
[35m[1mScanning dependencies of target rosgraph_msgs_generate_messages_nodejs[0m
[ 18%] Built target rosgraph_msgs_generate_messages_nodejs
[35m[1mScanning dependencies of target actionlib_generate_messages_nodejs[0m
[35m[1mScanning dependencies of target roscpp_generate_messages_cpp[0m
[ 18%] Built target actionlib_generate_messages_nodejs
[ 18%] Built target roscpp_generate_messages_cpp
[35m[1mScanning dependencies of target roscpp_generate_messages_eus[0m
[35m[1mScanning dependencies of target sensor_msgs_generate_messages_py[0m
[ 18%] Built target roscpp_generate_messages_eus
[ 18%] Built target sensor_msgs_generate_messages_py
[35m[1mScanning dependencies of target nav_2d_msgs_generate_messages_lisp[0m
[35m[1mScanning dependencies of target tf2_msgs_generate_messages_eus[0m
[ 18%] Built target nav_2d_msgs_generate_messages_lisp
[ 18%] Built target tf2_msgs_generate_messages_eus
[35m[1mScanning dependencies of target roscpp_generate_messages_nodejs[0m
[35m[1mScanning dependencies of target roscpp_generate_messages_py[0m
[ 18%] Built target roscpp_generate_messages_nodejs
[ 18%] Built target roscpp_generate_messages_py
[35m[1mScanning dependencies of target actionlib_generate_messages_eus[0m
[ 18%] Built target actionlib_generate_messages_eus
[35m[1mScanning dependencies of target rosgraph_msgs_generate_messages_cpp[0m
[ 18%] Built target rosgraph_msgs_generate_messages_cpp
[35m[1mScanning dependencies of target tf2_msgs_generate_messages_lisp[0m
[ 18%] Built target tf2_msgs_generate_messages_lisp
[35m[1mScanning dependencies of target nav_msgs_generate_messages_py[0m
[ 18%] Built target nav_msgs_generate_messages_py
[35m[1mScanning dependencies of target dwb_local_planner[0m
[ 27%] [32mBuilding CXX object CMakeFiles/dwb_local_planner.dir/src/dwb_local_planner.cpp.o[0m
[ 36%] [32mBuilding CXX object CMakeFiles/dwb_local_planner.dir/src/backwards_compatibility.cpp.o[0m
[ 45%] [32mBuilding CXX object CMakeFiles/dwb_local_planner.dir/src/publisher.cpp.o[0m
[ 54%] [32mBuilding CXX object CMakeFiles/dwb_local_planner.dir/src/illegal_trajectory_tracker.cpp.o[0m
[ 63%] [32m[1mLinking CXX shared library /home/sweatha/wheelchair_ws/devel/.private/dwb_local_planner/lib/libdwb_local_planner.so[0m
[ 63%] Built target dwb_local_planner
[35m[1mScanning dependencies of target debug_dwb_local_planner[0m
[ 72%] [32mBuilding CXX object CMakeFiles/debug_dwb_local_planner.dir/src/debug_dwb_local_planner.cpp.o[0m
[ 81%] [32m[1mLinking CXX shared library /home/sweatha/wheelchair_ws/devel/.private/dwb_local_planner/lib/libdebug_dwb_local_planner.so[0m
[ 81%] Built target debug_dwb_local_planner
[35m[1mScanning dependencies of target dwb_local_planner_planner_node[0m
[ 90%] [32mBuilding CXX object CMakeFiles/dwb_local_planner_planner_node.dir/src/planner_node.cpp.o[0m
[100%] [32m[1mLinking CXX executable /home/sweatha/wheelchair_ws/devel/.private/dwb_local_planner/lib/dwb_local_planner/planner_node[0m
[100%] Built target dwb_local_planner_planner_node
