[35m[1mScanning dependencies of target std_msgs_generate_messages_nodejs[0m
[  0%] Built target std_msgs_generate_messages_nodejs
[35m[1mScanning dependencies of target _xsens_msgs_generate_messages_check_deps_velocityEstimate[0m
[  0%] Built target _xsens_msgs_generate_messages_check_deps_velocityEstimate
[35m[1mScanning dependencies of target _xsens_msgs_generate_messages_check_deps_baroSample[0m
[  0%] Built target _xsens_msgs_generate_messages_check_deps_baroSample
[35m[1mScanning dependencies of target _xsens_msgs_generate_messages_check_deps_sensorSample[0m
[  0%] Built target _xsens_msgs_generate_messages_check_deps_sensorSample
[35m[1mScanning dependencies of target _xsens_msgs_generate_messages_check_deps_GnssSensorSample[0m
[  0%] Built target _xsens_msgs_generate_messages_check_deps_GnssSensorSample
[35m[1mScanning dependencies of target _xsens_msgs_generate_messages_check_deps_BaroSensorSample[0m
[  0%] Built target _xsens_msgs_generate_messages_check_deps_BaroSensorSample
[35m[1mScanning dependencies of target _xsens_msgs_generate_messages_check_deps_ImuSensorSample[0m
[  0%] Built target _xsens_msgs_generate_messages_check_deps_ImuSensorSample
[35m[1mScanning dependencies of target _xsens_msgs_generate_messages_check_deps_gnssSample[0m
[  0%] Built target _xsens_msgs_generate_messages_check_deps_gnssSample
[35m[1mScanning dependencies of target _xsens_msgs_generate_messages_check_deps_XsensQuaternion[0m
[  0%] Built target _xsens_msgs_generate_messages_check_deps_XsensQuaternion
[35m[1mScanning dependencies of target _xsens_msgs_generate_messages_check_deps_Internal[0m
[  0%] Built target _xsens_msgs_generate_messages_check_deps_Internal
[35m[1mScanning dependencies of target sensor_msgs_generate_messages_nodejs[0m
[  0%] Built target sensor_msgs_generate_messages_nodejs
[35m[1mScanning dependencies of target _xsens_msgs_generate_messages_check_deps_orientationEstimate[0m
[  0%] Built target _xsens_msgs_generate_messages_check_deps_orientationEstimate
[35m[1mScanning dependencies of target _xsens_msgs_generate_messages_check_deps_positionEstimate[0m
[  0%] Built target _xsens_msgs_generate_messages_check_deps_positionEstimate
[35m[1mScanning dependencies of target std_msgs_generate_messages_py[0m
[  0%] Built target std_msgs_generate_messages_py
[35m[1mScanning dependencies of target sensor_msgs_generate_messages_py[0m
[  0%] Built target sensor_msgs_generate_messages_py
[35m[1mScanning dependencies of target std_msgs_generate_messages_lisp[0m
[  0%] Built target std_msgs_generate_messages_lisp
[35m[1mScanning dependencies of target sensor_msgs_generate_messages_lisp[0m
[  0%] Built target sensor_msgs_generate_messages_lisp
[35m[1mScanning dependencies of target std_msgs_generate_messages_eus[0m
[  0%] Built target std_msgs_generate_messages_eus
[35m[1mScanning dependencies of target sensor_msgs_generate_messages_eus[0m
[  0%] Built target sensor_msgs_generate_messages_eus
[35m[1mScanning dependencies of target sensor_msgs_generate_messages_cpp[0m
[  0%] Built target sensor_msgs_generate_messages_cpp
[35m[1mScanning dependencies of target std_msgs_generate_messages_cpp[0m
[  0%] Built target std_msgs_generate_messages_cpp
[35m[1mScanning dependencies of target xsens_msgs_generate_messages_nodejs[0m
[  1%] [34m[1mGenerating Javascript code from xsens_msgs/XsensQuaternion.msg[0m
[  3%] [34m[1mGenerating Javascript code from xsens_msgs/ImuSensorSample.msg[0m
[  5%] [34m[1mGenerating Javascript code from xsens_msgs/BaroSensorSample.msg[0m
[  7%] [34m[1mGenerating Javascript code from xsens_msgs/GnssSensorSample.msg[0m
[  8%] [34m[1mGenerating Javascript code from xsens_msgs/Internal.msg[0m
[ 10%] [34m[1mGenerating Javascript code from xsens_msgs/sensorSample.msg[0m
[ 12%] [34m[1mGenerating Javascript code from xsens_msgs/baroSample.msg[0m
[ 14%] [34m[1mGenerating Javascript code from xsens_msgs/gnssSample.msg[0m
[ 15%] [34m[1mGenerating Javascript code from xsens_msgs/orientationEstimate.msg[0m
[ 17%] [34m[1mGenerating Javascript code from xsens_msgs/velocityEstimate.msg[0m
[ 19%] [34m[1mGenerating Javascript code from xsens_msgs/positionEstimate.msg[0m
[ 19%] Built target xsens_msgs_generate_messages_nodejs
[35m[1mScanning dependencies of target xsens_msgs_generate_messages_py[0m
[ 21%] [34m[1mGenerating Python from MSG xsens_msgs/XsensQuaternion[0m
[ 22%] [34m[1mGenerating Python from MSG xsens_msgs/ImuSensorSample[0m
[35m[1mScanning dependencies of target xsens_msgs_generate_messages_lisp[0m
[ 24%] [34m[1mGenerating Lisp code from xsens_msgs/XsensQuaternion.msg[0m
[ 26%] [34m[1mGenerating Lisp code from xsens_msgs/ImuSensorSample.msg[0m
[ 28%] [34m[1mGenerating Python from MSG xsens_msgs/BaroSensorSample[0m
[ 29%] [34m[1mGenerating Lisp code from xsens_msgs/BaroSensorSample.msg[0m
[ 31%] [34m[1mGenerating Lisp code from xsens_msgs/GnssSensorSample.msg[0m
[ 33%] [34m[1mGenerating Lisp code from xsens_msgs/Internal.msg[0m
[ 35%] [34m[1mGenerating Python from MSG xsens_msgs/GnssSensorSample[0m
[ 36%] [34m[1mGenerating Lisp code from xsens_msgs/sensorSample.msg[0m
[ 38%] [34m[1mGenerating Python from MSG xsens_msgs/Internal[0m
[ 40%] [34m[1mGenerating Lisp code from xsens_msgs/baroSample.msg[0m
[ 42%] [34m[1mGenerating Lisp code from xsens_msgs/gnssSample.msg[0m
[ 43%] [34m[1mGenerating Python from MSG xsens_msgs/sensorSample[0m
[ 45%] [34m[1mGenerating Lisp code from xsens_msgs/orientationEstimate.msg[0m
[ 47%] [34m[1mGenerating Lisp code from xsens_msgs/velocityEstimate.msg[0m
[ 49%] [34m[1mGenerating Python from MSG xsens_msgs/baroSample[0m
[ 50%] [34m[1mGenerating Lisp code from xsens_msgs/positionEstimate.msg[0m
[ 50%] Built target xsens_msgs_generate_messages_lisp
[35m[1mScanning dependencies of target xsens_msgs_generate_messages_eus[0m
[ 52%] [34m[1mGenerating EusLisp code from xsens_msgs/XsensQuaternion.msg[0m
[ 54%] [34m[1mGenerating Python from MSG xsens_msgs/gnssSample[0m
[ 56%] [34m[1mGenerating EusLisp code from xsens_msgs/ImuSensorSample.msg[0m
[ 57%] [34m[1mGenerating Python from MSG xsens_msgs/orientationEstimate[0m
[ 59%] [34m[1mGenerating EusLisp code from xsens_msgs/BaroSensorSample.msg[0m
[ 61%] [34m[1mGenerating EusLisp code from xsens_msgs/GnssSensorSample.msg[0m
[ 63%] [34m[1mGenerating Python from MSG xsens_msgs/velocityEstimate[0m
[ 64%] [34m[1mGenerating EusLisp code from xsens_msgs/Internal.msg[0m
[ 66%] [34m[1mGenerating Python from MSG xsens_msgs/positionEstimate[0m
[35m[1mScanning dependencies of target xsens_msgs_generate_messages_cpp[0m
[ 68%] [34m[1mGenerating EusLisp code from xsens_msgs/sensorSample.msg[0m
[ 70%] [34m[1mGenerating C++ code from xsens_msgs/XsensQuaternion.msg[0m
[ 71%] [34m[1mGenerating EusLisp code from xsens_msgs/baroSample.msg[0m
[ 73%] [34m[1mGenerating Python msg __init__.py for xsens_msgs[0m
[ 75%] [34m[1mGenerating C++ code from xsens_msgs/ImuSensorSample.msg[0m
[ 77%] [34m[1mGenerating C++ code from xsens_msgs/BaroSensorSample.msg[0m
[ 78%] [34m[1mGenerating EusLisp code from xsens_msgs/gnssSample.msg[0m
[ 80%] [34m[1mGenerating EusLisp code from xsens_msgs/orientationEstimate.msg[0m
[ 82%] [34m[1mGenerating C++ code from xsens_msgs/GnssSensorSample.msg[0m
[ 84%] [34m[1mGenerating C++ code from xsens_msgs/Internal.msg[0m
[ 84%] Built target xsens_msgs_generate_messages_py
[ 85%] [34m[1mGenerating C++ code from xsens_msgs/sensorSample.msg[0m
[ 87%] [34m[1mGenerating EusLisp code from xsens_msgs/velocityEstimate.msg[0m
[ 89%] [34m[1mGenerating EusLisp code from xsens_msgs/positionEstimate.msg[0m
[ 91%] [34m[1mGenerating C++ code from xsens_msgs/baroSample.msg[0m
[ 92%] [34m[1mGenerating C++ code from xsens_msgs/gnssSample.msg[0m
[ 94%] [34m[1mGenerating C++ code from xsens_msgs/orientationEstimate.msg[0m
[ 96%] [34m[1mGenerating EusLisp manifest code for xsens_msgs[0m
[ 98%] [34m[1mGenerating C++ code from xsens_msgs/velocityEstimate.msg[0m
[100%] [34m[1mGenerating C++ code from xsens_msgs/positionEstimate.msg[0m
[100%] Built target xsens_msgs_generate_messages_cpp
[100%] Built target xsens_msgs_generate_messages_eus
[35m[1mScanning dependencies of target xsens_msgs_generate_messages[0m
[100%] Built target xsens_msgs_generate_messages
