[35m[1mScanning dependencies of target nav_2d_msgs_generate_messages_lisp[0m
[  0%] Built target nav_2d_msgs_generate_messages_lisp
[35m[1mScanning dependencies of target _dwb_msgs_generate_messages_check_deps_GetCriticScore[0m
[  0%] Built target _dwb_msgs_generate_messages_check_deps_GetCriticScore
[35m[1mScanning dependencies of target _dwb_msgs_generate_messages_check_deps_DebugLocalPlan[0m
[  0%] Built target _dwb_msgs_generate_messages_check_deps_DebugLocalPlan
[35m[1mScanning dependencies of target _dwb_msgs_generate_messages_check_deps_LocalPlanEvaluation[0m
[  0%] Built target _dwb_msgs_generate_messages_check_deps_LocalPlanEvaluation
[35m[1mScanning dependencies of target _dwb_msgs_generate_messages_check_deps_CriticScore[0m
[  0%] Built target _dwb_msgs_generate_messages_check_deps_CriticScore
[35m[1mScanning dependencies of target _dwb_msgs_generate_messages_check_deps_GenerateTwists[0m
[  0%] Built target _dwb_msgs_generate_messages_check_deps_GenerateTwists
[35m[1mScanning dependencies of target geometry_msgs_generate_messages_lisp[0m
[  0%] Built target geometry_msgs_generate_messages_lisp
[35m[1mScanning dependencies of target _dwb_msgs_generate_messages_check_deps_TrajectoryScore[0m
[  0%] Built target _dwb_msgs_generate_messages_check_deps_TrajectoryScore
[35m[1mScanning dependencies of target nav_msgs_generate_messages_lisp[0m
[  0%] Built target nav_msgs_generate_messages_lisp
[35m[1mScanning dependencies of target _dwb_msgs_generate_messages_check_deps_GenerateTrajectory[0m
[  0%] Built target _dwb_msgs_generate_messages_check_deps_GenerateTrajectory
[35m[1mScanning dependencies of target _dwb_msgs_generate_messages_check_deps_Trajectory2D[0m
[  0%] Built target _dwb_msgs_generate_messages_check_deps_Trajectory2D
[35m[1mScanning dependencies of target _dwb_msgs_generate_messages_check_deps_ScoreTrajectory[0m
[  0%] Built target _dwb_msgs_generate_messages_check_deps_ScoreTrajectory
[35m[1mScanning dependencies of target nav_2d_msgs_generate_messages_py[0m
[  0%] Built target nav_2d_msgs_generate_messages_py
[35m[1mScanning dependencies of target nav_msgs_generate_messages_py[0m
[  0%] Built target nav_msgs_generate_messages_py
[35m[1mScanning dependencies of target geometry_msgs_generate_messages_py[0m
[  0%] Built target geometry_msgs_generate_messages_py
[35m[1mScanning dependencies of target nav_2d_msgs_generate_messages_cpp[0m
[  0%] Built target nav_2d_msgs_generate_messages_cpp
[35m[1mScanning dependencies of target geometry_msgs_generate_messages_cpp[0m
[  0%] Built target geometry_msgs_generate_messages_cpp
[35m[1mScanning dependencies of target nav_msgs_generate_messages_cpp[0m
[  0%] Built target nav_msgs_generate_messages_cpp
[35m[1mScanning dependencies of target nav_msgs_generate_messages_eus[0m
[  0%] Built target nav_msgs_generate_messages_eus
[35m[1mScanning dependencies of target nav_2d_msgs_generate_messages_eus[0m
[  0%] Built target nav_2d_msgs_generate_messages_eus
[35m[1mScanning dependencies of target geometry_msgs_generate_messages_eus[0m
[  0%] Built target geometry_msgs_generate_messages_eus
[35m[1mScanning dependencies of target geometry_msgs_generate_messages_nodejs[0m
[  0%] Built target geometry_msgs_generate_messages_nodejs
[35m[1mScanning dependencies of target nav_2d_msgs_generate_messages_nodejs[0m
[  0%] Built target nav_2d_msgs_generate_messages_nodejs
[35m[1mScanning dependencies of target nav_msgs_generate_messages_nodejs[0m
[  0%] Built target nav_msgs_generate_messages_nodejs
[35m[1mScanning dependencies of target dwb_msgs_generate_messages_lisp[0m
[  2%] [34m[1mGenerating Lisp code from dwb_msgs/CriticScore.msg[0m
[  4%] [34m[1mGenerating Lisp code from dwb_msgs/LocalPlanEvaluation.msg[0m
[  6%] [34m[1mGenerating Lisp code from dwb_msgs/Trajectory2D.msg[0m
[  8%] [34m[1mGenerating Lisp code from dwb_msgs/TrajectoryScore.msg[0m
[ 10%] [34m[1mGenerating Lisp code from dwb_msgs/DebugLocalPlan.srv[0m
[ 12%] [34m[1mGenerating Lisp code from dwb_msgs/GenerateTrajectory.srv[0m
[ 14%] [34m[1mGenerating Lisp code from dwb_msgs/GenerateTwists.srv[0m
[ 16%] [34m[1mGenerating Lisp code from dwb_msgs/GetCriticScore.srv[0m
[ 18%] [34m[1mGenerating Lisp code from dwb_msgs/ScoreTrajectory.srv[0m
[ 18%] Built target dwb_msgs_generate_messages_lisp
[35m[1mScanning dependencies of target dwb_msgs_generate_messages_py[0m
[ 20%] [34m[1mGenerating Python from MSG dwb_msgs/CriticScore[0m
[ 22%] [34m[1mGenerating Python from MSG dwb_msgs/LocalPlanEvaluation[0m
[ 25%] [34m[1mGenerating Python from MSG dwb_msgs/Trajectory2D[0m
[ 27%] [34m[1mGenerating Python from MSG dwb_msgs/TrajectoryScore[0m
[ 29%] [34m[1mGenerating Python code from SRV dwb_msgs/DebugLocalPlan[0m
[ 31%] [34m[1mGenerating Python code from SRV dwb_msgs/GenerateTrajectory[0m
[ 33%] [34m[1mGenerating Python code from SRV dwb_msgs/GenerateTwists[0m
[ 35%] [34m[1mGenerating Python code from SRV dwb_msgs/GetCriticScore[0m
[ 37%] [34m[1mGenerating Python code from SRV dwb_msgs/ScoreTrajectory[0m
[ 39%] [34m[1mGenerating Python msg __init__.py for dwb_msgs[0m
[ 41%] [34m[1mGenerating Python srv __init__.py for dwb_msgs[0m
[ 41%] Built target dwb_msgs_generate_messages_py
[35m[1mScanning dependencies of target dwb_msgs_generate_messages_cpp[0m
[ 43%] [34m[1mGenerating C++ code from dwb_msgs/CriticScore.msg[0m
[ 45%] [34m[1mGenerating C++ code from dwb_msgs/LocalPlanEvaluation.msg[0m
[ 47%] [34m[1mGenerating C++ code from dwb_msgs/Trajectory2D.msg[0m
[ 50%] [34m[1mGenerating C++ code from dwb_msgs/TrajectoryScore.msg[0m
[ 52%] [34m[1mGenerating C++ code from dwb_msgs/DebugLocalPlan.srv[0m
[ 54%] [34m[1mGenerating C++ code from dwb_msgs/GenerateTrajectory.srv[0m
[ 56%] [34m[1mGenerating C++ code from dwb_msgs/GenerateTwists.srv[0m
[ 58%] [34m[1mGenerating C++ code from dwb_msgs/GetCriticScore.srv[0m
[ 60%] [34m[1mGenerating C++ code from dwb_msgs/ScoreTrajectory.srv[0m
[ 60%] Built target dwb_msgs_generate_messages_cpp
[35m[1mScanning dependencies of target dwb_msgs_generate_messages_eus[0m
[ 62%] [34m[1mGenerating EusLisp code from dwb_msgs/CriticScore.msg[0m
[ 64%] [34m[1mGenerating EusLisp code from dwb_msgs/LocalPlanEvaluation.msg[0m
[ 66%] [34m[1mGenerating EusLisp code from dwb_msgs/Trajectory2D.msg[0m
[ 68%] [34m[1mGenerating EusLisp code from dwb_msgs/TrajectoryScore.msg[0m
[ 70%] [34m[1mGenerating EusLisp code from dwb_msgs/DebugLocalPlan.srv[0m
[ 72%] [34m[1mGenerating EusLisp code from dwb_msgs/GenerateTrajectory.srv[0m
[ 75%] [34m[1mGenerating EusLisp code from dwb_msgs/GenerateTwists.srv[0m
[ 77%] [34m[1mGenerating EusLisp code from dwb_msgs/GetCriticScore.srv[0m
[ 79%] [34m[1mGenerating EusLisp code from dwb_msgs/ScoreTrajectory.srv[0m
[ 81%] [34m[1mGenerating EusLisp manifest code for dwb_msgs[0m
[ 81%] Built target dwb_msgs_generate_messages_eus
[35m[1mScanning dependencies of target dwb_msgs_generate_messages_nodejs[0m
[ 83%] [34m[1mGenerating Javascript code from dwb_msgs/CriticScore.msg[0m
[ 85%] [34m[1mGenerating Javascript code from dwb_msgs/LocalPlanEvaluation.msg[0m
[ 87%] [34m[1mGenerating Javascript code from dwb_msgs/Trajectory2D.msg[0m
[ 89%] [34m[1mGenerating Javascript code from dwb_msgs/TrajectoryScore.msg[0m
[ 91%] [34m[1mGenerating Javascript code from dwb_msgs/DebugLocalPlan.srv[0m
[ 93%] [34m[1mGenerating Javascript code from dwb_msgs/GenerateTrajectory.srv[0m
[ 95%] [34m[1mGenerating Javascript code from dwb_msgs/GenerateTwists.srv[0m
[ 97%] [34m[1mGenerating Javascript code from dwb_msgs/GetCriticScore.srv[0m
[100%] [34m[1mGenerating Javascript code from dwb_msgs/ScoreTrajectory.srv[0m
[100%] Built target dwb_msgs_generate_messages_nodejs
[35m[1mScanning dependencies of target dwb_msgs_generate_messages[0m
[100%] Built target dwb_msgs_generate_messages
