Symlinking /home/sweatha/wheelchair_ws/devel/share/common-lisp/ros/dwb_msgs/srv/_package_DebugLocalPlan.lisp
Symlinking /home/sweatha/wheelchair_ws/devel/share/common-lisp/ros/dwb_msgs/srv/DebugLocalPlan.lisp
Symlinking /home/sweatha/wheelchair_ws/devel/share/common-lisp/ros/dwb_msgs/srv/ScoreTrajectory.lisp
Symlinking /home/sweatha/wheelchair_ws/devel/share/common-lisp/ros/dwb_msgs/srv/GetCriticScore.lisp
Symlinking /home/sweatha/wheelchair_ws/devel/share/common-lisp/ros/dwb_msgs/srv/GenerateTwists.lisp
Symlinking /home/sweatha/wheelchair_ws/devel/share/common-lisp/ros/dwb_msgs/srv/_package_GenerateTwists.lisp
Symlinking /home/sweatha/wheelchair_ws/devel/share/common-lisp/ros/dwb_msgs/srv/_package_GenerateTrajectory.lisp
Symlinking /home/sweatha/wheelchair_ws/devel/share/common-lisp/ros/dwb_msgs/srv/_package_ScoreTrajectory.lisp
Symlinking /home/sweatha/wheelchair_ws/devel/share/common-lisp/ros/dwb_msgs/srv/_package_GetCriticScore.lisp
Symlinking /home/sweatha/wheelchair_ws/devel/share/common-lisp/ros/dwb_msgs/srv/dwb_msgs-srv.asd
Symlinking /home/sweatha/wheelchair_ws/devel/share/common-lisp/ros/dwb_msgs/srv/GenerateTrajectory.lisp
Symlinking /home/sweatha/wheelchair_ws/devel/share/common-lisp/ros/dwb_msgs/srv/_package.lisp
Symlinking /home/sweatha/wheelchair_ws/devel/share/common-lisp/ros/dwb_msgs/msg/Trajectory2D.lisp
Symlinking /home/sweatha/wheelchair_ws/devel/share/common-lisp/ros/dwb_msgs/msg/dwb_msgs-msg.asd
Symlinking /home/sweatha/wheelchair_ws/devel/share/common-lisp/ros/dwb_msgs/msg/_package_TrajectoryScore.lisp
Symlinking /home/sweatha/wheelchair_ws/devel/share/common-lisp/ros/dwb_msgs/msg/_package_Trajectory2D.lisp
Symlinking /home/sweatha/wheelchair_ws/devel/share/common-lisp/ros/dwb_msgs/msg/_package_LocalPlanEvaluation.lisp
Symlinking /home/sweatha/wheelchair_ws/devel/share/common-lisp/ros/dwb_msgs/msg/TrajectoryScore.lisp
Symlinking /home/sweatha/wheelchair_ws/devel/share/common-lisp/ros/dwb_msgs/msg/LocalPlanEvaluation.lisp
Symlinking /home/sweatha/wheelchair_ws/devel/share/common-lisp/ros/dwb_msgs/msg/_package.lisp
Symlinking /home/sweatha/wheelchair_ws/devel/share/common-lisp/ros/dwb_msgs/msg/_package_CriticScore.lisp
Symlinking /home/sweatha/wheelchair_ws/devel/share/common-lisp/ros/dwb_msgs/msg/CriticScore.lisp
Symlinking /home/sweatha/wheelchair_ws/devel/share/dwb_msgs/cmake/dwb_msgs-msg-paths.cmake
Symlinking /home/sweatha/wheelchair_ws/devel/share/dwb_msgs/cmake/dwb_msgs-msg-extras.cmake
Symlinking /home/sweatha/wheelchair_ws/devel/share/dwb_msgs/cmake/dwb_msgsConfig.cmake
Symlinking /home/sweatha/wheelchair_ws/devel/share/dwb_msgs/cmake/dwb_msgsConfig-version.cmake
Symlinking /home/sweatha/wheelchair_ws/devel/share/gennodejs/ros/dwb_msgs/_index.js
Symlinking /home/sweatha/wheelchair_ws/devel/share/gennodejs/ros/dwb_msgs/srv/GetCriticScore.js
Symlinking /home/sweatha/wheelchair_ws/devel/share/gennodejs/ros/dwb_msgs/srv/GenerateTwists.js
Symlinking /home/sweatha/wheelchair_ws/devel/share/gennodejs/ros/dwb_msgs/srv/DebugLocalPlan.js
Symlinking /home/sweatha/wheelchair_ws/devel/share/gennodejs/ros/dwb_msgs/srv/_index.js
Symlinking /home/sweatha/wheelchair_ws/devel/share/gennodejs/ros/dwb_msgs/srv/GenerateTrajectory.js
Symlinking /home/sweatha/wheelchair_ws/devel/share/gennodejs/ros/dwb_msgs/srv/ScoreTrajectory.js
Symlinking /home/sweatha/wheelchair_ws/devel/share/gennodejs/ros/dwb_msgs/msg/TrajectoryScore.js
Symlinking /home/sweatha/wheelchair_ws/devel/share/gennodejs/ros/dwb_msgs/msg/CriticScore.js
Symlinking /home/sweatha/wheelchair_ws/devel/share/gennodejs/ros/dwb_msgs/msg/_index.js
Symlinking /home/sweatha/wheelchair_ws/devel/share/gennodejs/ros/dwb_msgs/msg/Trajectory2D.js
Symlinking /home/sweatha/wheelchair_ws/devel/share/gennodejs/ros/dwb_msgs/msg/LocalPlanEvaluation.js
Symlinking /home/sweatha/wheelchair_ws/devel/share/roseus/ros/dwb_msgs/manifest.l
Symlinking /home/sweatha/wheelchair_ws/devel/share/roseus/ros/dwb_msgs/srv/GenerateTwists.l
Symlinking /home/sweatha/wheelchair_ws/devel/share/roseus/ros/dwb_msgs/srv/GetCriticScore.l
Symlinking /home/sweatha/wheelchair_ws/devel/share/roseus/ros/dwb_msgs/srv/ScoreTrajectory.l
Symlinking /home/sweatha/wheelchair_ws/devel/share/roseus/ros/dwb_msgs/srv/DebugLocalPlan.l
Symlinking /home/sweatha/wheelchair_ws/devel/share/roseus/ros/dwb_msgs/srv/GenerateTrajectory.l
Symlinking /home/sweatha/wheelchair_ws/devel/share/roseus/ros/dwb_msgs/msg/TrajectoryScore.l
Symlinking /home/sweatha/wheelchair_ws/devel/share/roseus/ros/dwb_msgs/msg/LocalPlanEvaluation.l
Symlinking /home/sweatha/wheelchair_ws/devel/share/roseus/ros/dwb_msgs/msg/CriticScore.l
Symlinking /home/sweatha/wheelchair_ws/devel/share/roseus/ros/dwb_msgs/msg/Trajectory2D.l
Symlinking /home/sweatha/wheelchair_ws/devel/include/dwb_msgs/CriticScore.h
Symlinking /home/sweatha/wheelchair_ws/devel/include/dwb_msgs/ScoreTrajectoryRequest.h
Symlinking /home/sweatha/wheelchair_ws/devel/include/dwb_msgs/GetCriticScoreResponse.h
Symlinking /home/sweatha/wheelchair_ws/devel/include/dwb_msgs/GenerateTwists.h
Symlinking /home/sweatha/wheelchair_ws/devel/include/dwb_msgs/ScoreTrajectory.h
Symlinking /home/sweatha/wheelchair_ws/devel/include/dwb_msgs/Trajectory2D.h
Symlinking /home/sweatha/wheelchair_ws/devel/include/dwb_msgs/GenerateTrajectoryResponse.h
Symlinking /home/sweatha/wheelchair_ws/devel/include/dwb_msgs/GetCriticScore.h
Symlinking /home/sweatha/wheelchair_ws/devel/include/dwb_msgs/GenerateTwistsResponse.h
Symlinking /home/sweatha/wheelchair_ws/devel/include/dwb_msgs/GetCriticScoreRequest.h
Symlinking /home/sweatha/wheelchair_ws/devel/include/dwb_msgs/DebugLocalPlan.h
Symlinking /home/sweatha/wheelchair_ws/devel/include/dwb_msgs/ScoreTrajectoryResponse.h
Symlinking /home/sweatha/wheelchair_ws/devel/include/dwb_msgs/DebugLocalPlanResponse.h
Symlinking /home/sweatha/wheelchair_ws/devel/include/dwb_msgs/GenerateTrajectoryRequest.h
Symlinking /home/sweatha/wheelchair_ws/devel/include/dwb_msgs/TrajectoryScore.h
Symlinking /home/sweatha/wheelchair_ws/devel/include/dwb_msgs/GenerateTwistsRequest.h
Symlinking /home/sweatha/wheelchair_ws/devel/include/dwb_msgs/GenerateTrajectory.h
Symlinking /home/sweatha/wheelchair_ws/devel/include/dwb_msgs/DebugLocalPlanRequest.h
Symlinking /home/sweatha/wheelchair_ws/devel/include/dwb_msgs/LocalPlanEvaluation.h
Symlinking /home/sweatha/wheelchair_ws/devel/lib/pkgconfig/dwb_msgs.pc
Symlinking /home/sweatha/wheelchair_ws/devel/lib/python3/dist-packages/dwb_msgs/__init__.py
Symlinking /home/sweatha/wheelchair_ws/devel/lib/python3/dist-packages/dwb_msgs/srv/_ScoreTrajectory.py
Symlinking /home/sweatha/wheelchair_ws/devel/lib/python3/dist-packages/dwb_msgs/srv/__init__.py
Symlinking /home/sweatha/wheelchair_ws/devel/lib/python3/dist-packages/dwb_msgs/srv/_GetCriticScore.py
Symlinking /home/sweatha/wheelchair_ws/devel/lib/python3/dist-packages/dwb_msgs/srv/_DebugLocalPlan.py
Symlinking /home/sweatha/wheelchair_ws/devel/lib/python3/dist-packages/dwb_msgs/srv/_GenerateTrajectory.py
Symlinking /home/sweatha/wheelchair_ws/devel/lib/python3/dist-packages/dwb_msgs/srv/_GenerateTwists.py
Symlinking /home/sweatha/wheelchair_ws/devel/lib/python3/dist-packages/dwb_msgs/msg/__init__.py
Symlinking /home/sweatha/wheelchair_ws/devel/lib/python3/dist-packages/dwb_msgs/msg/_CriticScore.py
Symlinking /home/sweatha/wheelchair_ws/devel/lib/python3/dist-packages/dwb_msgs/msg/_Trajectory2D.py
Symlinking /home/sweatha/wheelchair_ws/devel/lib/python3/dist-packages/dwb_msgs/msg/_TrajectoryScore.py
Symlinking /home/sweatha/wheelchair_ws/devel/lib/python3/dist-packages/dwb_msgs/msg/_LocalPlanEvaluation.py
