Linked: (/home/sweatha/wheelchair_ws/devel/.private/dwb_msgs/share/common-lisp/ros/dwb_msgs/srv/_package_DebugLocalPlan.lisp, /home/sweatha/wheelchair_ws/devel/share/common-lisp/ros/dwb_msgs/srv/_package_DebugLocalPlan.lisp)
Linked: (/home/sweatha/wheelchair_ws/devel/.private/dwb_msgs/share/common-lisp/ros/dwb_msgs/srv/DebugLocalPlan.lisp, /home/sweatha/wheelchair_ws/devel/share/common-lisp/ros/dwb_msgs/srv/DebugLocalPlan.lisp)
Linked: (/home/sweatha/wheelchair_ws/devel/.private/dwb_msgs/share/common-lisp/ros/dwb_msgs/srv/ScoreTrajectory.lisp, /home/sweatha/wheelchair_ws/devel/share/common-lisp/ros/dwb_msgs/srv/ScoreTrajectory.lisp)
Linked: (/home/sweatha/wheelchair_ws/devel/.private/dwb_msgs/share/common-lisp/ros/dwb_msgs/srv/GetCriticScore.lisp, /home/sweatha/wheelchair_ws/devel/share/common-lisp/ros/dwb_msgs/srv/GetCriticScore.lisp)
Linked: (/home/sweatha/wheelchair_ws/devel/.private/dwb_msgs/share/common-lisp/ros/dwb_msgs/srv/GenerateTwists.lisp, /home/sweatha/wheelchair_ws/devel/share/common-lisp/ros/dwb_msgs/srv/GenerateTwists.lisp)
Linked: (/home/sweatha/wheelchair_ws/devel/.private/dwb_msgs/share/common-lisp/ros/dwb_msgs/srv/_package_GenerateTwists.lisp, /home/sweatha/wheelchair_ws/devel/share/common-lisp/ros/dwb_msgs/srv/_package_GenerateTwists.lisp)
Linked: (/home/sweatha/wheelchair_ws/devel/.private/dwb_msgs/share/common-lisp/ros/dwb_msgs/srv/_package_GenerateTrajectory.lisp, /home/sweatha/wheelchair_ws/devel/share/common-lisp/ros/dwb_msgs/srv/_package_GenerateTrajectory.lisp)
Linked: (/home/sweatha/wheelchair_ws/devel/.private/dwb_msgs/share/common-lisp/ros/dwb_msgs/srv/_package_ScoreTrajectory.lisp, /home/sweatha/wheelchair_ws/devel/share/common-lisp/ros/dwb_msgs/srv/_package_ScoreTrajectory.lisp)
Linked: (/home/sweatha/wheelchair_ws/devel/.private/dwb_msgs/share/common-lisp/ros/dwb_msgs/srv/_package_GetCriticScore.lisp, /home/sweatha/wheelchair_ws/devel/share/common-lisp/ros/dwb_msgs/srv/_package_GetCriticScore.lisp)
Linked: (/home/sweatha/wheelchair_ws/devel/.private/dwb_msgs/share/common-lisp/ros/dwb_msgs/srv/dwb_msgs-srv.asd, /home/sweatha/wheelchair_ws/devel/share/common-lisp/ros/dwb_msgs/srv/dwb_msgs-srv.asd)
Linked: (/home/sweatha/wheelchair_ws/devel/.private/dwb_msgs/share/common-lisp/ros/dwb_msgs/srv/GenerateTrajectory.lisp, /home/sweatha/wheelchair_ws/devel/share/common-lisp/ros/dwb_msgs/srv/GenerateTrajectory.lisp)
Linked: (/home/sweatha/wheelchair_ws/devel/.private/dwb_msgs/share/common-lisp/ros/dwb_msgs/srv/_package.lisp, /home/sweatha/wheelchair_ws/devel/share/common-lisp/ros/dwb_msgs/srv/_package.lisp)
Linked: (/home/sweatha/wheelchair_ws/devel/.private/dwb_msgs/share/common-lisp/ros/dwb_msgs/msg/Trajectory2D.lisp, /home/sweatha/wheelchair_ws/devel/share/common-lisp/ros/dwb_msgs/msg/Trajectory2D.lisp)
Linked: (/home/sweatha/wheelchair_ws/devel/.private/dwb_msgs/share/common-lisp/ros/dwb_msgs/msg/dwb_msgs-msg.asd, /home/sweatha/wheelchair_ws/devel/share/common-lisp/ros/dwb_msgs/msg/dwb_msgs-msg.asd)
Linked: (/home/sweatha/wheelchair_ws/devel/.private/dwb_msgs/share/common-lisp/ros/dwb_msgs/msg/_package_TrajectoryScore.lisp, /home/sweatha/wheelchair_ws/devel/share/common-lisp/ros/dwb_msgs/msg/_package_TrajectoryScore.lisp)
Linked: (/home/sweatha/wheelchair_ws/devel/.private/dwb_msgs/share/common-lisp/ros/dwb_msgs/msg/_package_Trajectory2D.lisp, /home/sweatha/wheelchair_ws/devel/share/common-lisp/ros/dwb_msgs/msg/_package_Trajectory2D.lisp)
Linked: (/home/sweatha/wheelchair_ws/devel/.private/dwb_msgs/share/common-lisp/ros/dwb_msgs/msg/_package_LocalPlanEvaluation.lisp, /home/sweatha/wheelchair_ws/devel/share/common-lisp/ros/dwb_msgs/msg/_package_LocalPlanEvaluation.lisp)
Linked: (/home/sweatha/wheelchair_ws/devel/.private/dwb_msgs/share/common-lisp/ros/dwb_msgs/msg/TrajectoryScore.lisp, /home/sweatha/wheelchair_ws/devel/share/common-lisp/ros/dwb_msgs/msg/TrajectoryScore.lisp)
Linked: (/home/sweatha/wheelchair_ws/devel/.private/dwb_msgs/share/common-lisp/ros/dwb_msgs/msg/LocalPlanEvaluation.lisp, /home/sweatha/wheelchair_ws/devel/share/common-lisp/ros/dwb_msgs/msg/LocalPlanEvaluation.lisp)
Linked: (/home/sweatha/wheelchair_ws/devel/.private/dwb_msgs/share/common-lisp/ros/dwb_msgs/msg/_package.lisp, /home/sweatha/wheelchair_ws/devel/share/common-lisp/ros/dwb_msgs/msg/_package.lisp)
Linked: (/home/sweatha/wheelchair_ws/devel/.private/dwb_msgs/share/common-lisp/ros/dwb_msgs/msg/_package_CriticScore.lisp, /home/sweatha/wheelchair_ws/devel/share/common-lisp/ros/dwb_msgs/msg/_package_CriticScore.lisp)
Linked: (/home/sweatha/wheelchair_ws/devel/.private/dwb_msgs/share/common-lisp/ros/dwb_msgs/msg/CriticScore.lisp, /home/sweatha/wheelchair_ws/devel/share/common-lisp/ros/dwb_msgs/msg/CriticScore.lisp)
Linked: (/home/sweatha/wheelchair_ws/devel/.private/dwb_msgs/share/dwb_msgs/cmake/dwb_msgs-msg-paths.cmake, /home/sweatha/wheelchair_ws/devel/share/dwb_msgs/cmake/dwb_msgs-msg-paths.cmake)
Linked: (/home/sweatha/wheelchair_ws/devel/.private/dwb_msgs/share/dwb_msgs/cmake/dwb_msgs-msg-extras.cmake, /home/sweatha/wheelchair_ws/devel/share/dwb_msgs/cmake/dwb_msgs-msg-extras.cmake)
Linked: (/home/sweatha/wheelchair_ws/devel/.private/dwb_msgs/share/dwb_msgs/cmake/dwb_msgsConfig.cmake, /home/sweatha/wheelchair_ws/devel/share/dwb_msgs/cmake/dwb_msgsConfig.cmake)
Linked: (/home/sweatha/wheelchair_ws/devel/.private/dwb_msgs/share/dwb_msgs/cmake/dwb_msgsConfig-version.cmake, /home/sweatha/wheelchair_ws/devel/share/dwb_msgs/cmake/dwb_msgsConfig-version.cmake)
Linked: (/home/sweatha/wheelchair_ws/devel/.private/dwb_msgs/share/gennodejs/ros/dwb_msgs/_index.js, /home/sweatha/wheelchair_ws/devel/share/gennodejs/ros/dwb_msgs/_index.js)
Linked: (/home/sweatha/wheelchair_ws/devel/.private/dwb_msgs/share/gennodejs/ros/dwb_msgs/srv/GetCriticScore.js, /home/sweatha/wheelchair_ws/devel/share/gennodejs/ros/dwb_msgs/srv/GetCriticScore.js)
Linked: (/home/sweatha/wheelchair_ws/devel/.private/dwb_msgs/share/gennodejs/ros/dwb_msgs/srv/GenerateTwists.js, /home/sweatha/wheelchair_ws/devel/share/gennodejs/ros/dwb_msgs/srv/GenerateTwists.js)
Linked: (/home/sweatha/wheelchair_ws/devel/.private/dwb_msgs/share/gennodejs/ros/dwb_msgs/srv/DebugLocalPlan.js, /home/sweatha/wheelchair_ws/devel/share/gennodejs/ros/dwb_msgs/srv/DebugLocalPlan.js)
Linked: (/home/sweatha/wheelchair_ws/devel/.private/dwb_msgs/share/gennodejs/ros/dwb_msgs/srv/_index.js, /home/sweatha/wheelchair_ws/devel/share/gennodejs/ros/dwb_msgs/srv/_index.js)
Linked: (/home/sweatha/wheelchair_ws/devel/.private/dwb_msgs/share/gennodejs/ros/dwb_msgs/srv/GenerateTrajectory.js, /home/sweatha/wheelchair_ws/devel/share/gennodejs/ros/dwb_msgs/srv/GenerateTrajectory.js)
Linked: (/home/sweatha/wheelchair_ws/devel/.private/dwb_msgs/share/gennodejs/ros/dwb_msgs/srv/ScoreTrajectory.js, /home/sweatha/wheelchair_ws/devel/share/gennodejs/ros/dwb_msgs/srv/ScoreTrajectory.js)
Linked: (/home/sweatha/wheelchair_ws/devel/.private/dwb_msgs/share/gennodejs/ros/dwb_msgs/msg/TrajectoryScore.js, /home/sweatha/wheelchair_ws/devel/share/gennodejs/ros/dwb_msgs/msg/TrajectoryScore.js)
Linked: (/home/sweatha/wheelchair_ws/devel/.private/dwb_msgs/share/gennodejs/ros/dwb_msgs/msg/CriticScore.js, /home/sweatha/wheelchair_ws/devel/share/gennodejs/ros/dwb_msgs/msg/CriticScore.js)
Linked: (/home/sweatha/wheelchair_ws/devel/.private/dwb_msgs/share/gennodejs/ros/dwb_msgs/msg/_index.js, /home/sweatha/wheelchair_ws/devel/share/gennodejs/ros/dwb_msgs/msg/_index.js)
Linked: (/home/sweatha/wheelchair_ws/devel/.private/dwb_msgs/share/gennodejs/ros/dwb_msgs/msg/Trajectory2D.js, /home/sweatha/wheelchair_ws/devel/share/gennodejs/ros/dwb_msgs/msg/Trajectory2D.js)
Linked: (/home/sweatha/wheelchair_ws/devel/.private/dwb_msgs/share/gennodejs/ros/dwb_msgs/msg/LocalPlanEvaluation.js, /home/sweatha/wheelchair_ws/devel/share/gennodejs/ros/dwb_msgs/msg/LocalPlanEvaluation.js)
Linked: (/home/sweatha/wheelchair_ws/devel/.private/dwb_msgs/share/roseus/ros/dwb_msgs/manifest.l, /home/sweatha/wheelchair_ws/devel/share/roseus/ros/dwb_msgs/manifest.l)
Linked: (/home/sweatha/wheelchair_ws/devel/.private/dwb_msgs/share/roseus/ros/dwb_msgs/srv/GenerateTwists.l, /home/sweatha/wheelchair_ws/devel/share/roseus/ros/dwb_msgs/srv/GenerateTwists.l)
Linked: (/home/sweatha/wheelchair_ws/devel/.private/dwb_msgs/share/roseus/ros/dwb_msgs/srv/GetCriticScore.l, /home/sweatha/wheelchair_ws/devel/share/roseus/ros/dwb_msgs/srv/GetCriticScore.l)
Linked: (/home/sweatha/wheelchair_ws/devel/.private/dwb_msgs/share/roseus/ros/dwb_msgs/srv/ScoreTrajectory.l, /home/sweatha/wheelchair_ws/devel/share/roseus/ros/dwb_msgs/srv/ScoreTrajectory.l)
Linked: (/home/sweatha/wheelchair_ws/devel/.private/dwb_msgs/share/roseus/ros/dwb_msgs/srv/DebugLocalPlan.l, /home/sweatha/wheelchair_ws/devel/share/roseus/ros/dwb_msgs/srv/DebugLocalPlan.l)
Linked: (/home/sweatha/wheelchair_ws/devel/.private/dwb_msgs/share/roseus/ros/dwb_msgs/srv/GenerateTrajectory.l, /home/sweatha/wheelchair_ws/devel/share/roseus/ros/dwb_msgs/srv/GenerateTrajectory.l)
Linked: (/home/sweatha/wheelchair_ws/devel/.private/dwb_msgs/share/roseus/ros/dwb_msgs/msg/TrajectoryScore.l, /home/sweatha/wheelchair_ws/devel/share/roseus/ros/dwb_msgs/msg/TrajectoryScore.l)
Linked: (/home/sweatha/wheelchair_ws/devel/.private/dwb_msgs/share/roseus/ros/dwb_msgs/msg/LocalPlanEvaluation.l, /home/sweatha/wheelchair_ws/devel/share/roseus/ros/dwb_msgs/msg/LocalPlanEvaluation.l)
Linked: (/home/sweatha/wheelchair_ws/devel/.private/dwb_msgs/share/roseus/ros/dwb_msgs/msg/CriticScore.l, /home/sweatha/wheelchair_ws/devel/share/roseus/ros/dwb_msgs/msg/CriticScore.l)
Linked: (/home/sweatha/wheelchair_ws/devel/.private/dwb_msgs/share/roseus/ros/dwb_msgs/msg/Trajectory2D.l, /home/sweatha/wheelchair_ws/devel/share/roseus/ros/dwb_msgs/msg/Trajectory2D.l)
Linked: (/home/sweatha/wheelchair_ws/devel/.private/dwb_msgs/include/dwb_msgs/CriticScore.h, /home/sweatha/wheelchair_ws/devel/include/dwb_msgs/CriticScore.h)
Linked: (/home/sweatha/wheelchair_ws/devel/.private/dwb_msgs/include/dwb_msgs/ScoreTrajectoryRequest.h, /home/sweatha/wheelchair_ws/devel/include/dwb_msgs/ScoreTrajectoryRequest.h)
Linked: (/home/sweatha/wheelchair_ws/devel/.private/dwb_msgs/include/dwb_msgs/GetCriticScoreResponse.h, /home/sweatha/wheelchair_ws/devel/include/dwb_msgs/GetCriticScoreResponse.h)
Linked: (/home/sweatha/wheelchair_ws/devel/.private/dwb_msgs/include/dwb_msgs/GenerateTwists.h, /home/sweatha/wheelchair_ws/devel/include/dwb_msgs/GenerateTwists.h)
Linked: (/home/sweatha/wheelchair_ws/devel/.private/dwb_msgs/include/dwb_msgs/ScoreTrajectory.h, /home/sweatha/wheelchair_ws/devel/include/dwb_msgs/ScoreTrajectory.h)
Linked: (/home/sweatha/wheelchair_ws/devel/.private/dwb_msgs/include/dwb_msgs/Trajectory2D.h, /home/sweatha/wheelchair_ws/devel/include/dwb_msgs/Trajectory2D.h)
Linked: (/home/sweatha/wheelchair_ws/devel/.private/dwb_msgs/include/dwb_msgs/GenerateTrajectoryResponse.h, /home/sweatha/wheelchair_ws/devel/include/dwb_msgs/GenerateTrajectoryResponse.h)
Linked: (/home/sweatha/wheelchair_ws/devel/.private/dwb_msgs/include/dwb_msgs/GetCriticScore.h, /home/sweatha/wheelchair_ws/devel/include/dwb_msgs/GetCriticScore.h)
Linked: (/home/sweatha/wheelchair_ws/devel/.private/dwb_msgs/include/dwb_msgs/GenerateTwistsResponse.h, /home/sweatha/wheelchair_ws/devel/include/dwb_msgs/GenerateTwistsResponse.h)
Linked: (/home/sweatha/wheelchair_ws/devel/.private/dwb_msgs/include/dwb_msgs/GetCriticScoreRequest.h, /home/sweatha/wheelchair_ws/devel/include/dwb_msgs/GetCriticScoreRequest.h)
Linked: (/home/sweatha/wheelchair_ws/devel/.private/dwb_msgs/include/dwb_msgs/DebugLocalPlan.h, /home/sweatha/wheelchair_ws/devel/include/dwb_msgs/DebugLocalPlan.h)
Linked: (/home/sweatha/wheelchair_ws/devel/.private/dwb_msgs/include/dwb_msgs/ScoreTrajectoryResponse.h, /home/sweatha/wheelchair_ws/devel/include/dwb_msgs/ScoreTrajectoryResponse.h)
Linked: (/home/sweatha/wheelchair_ws/devel/.private/dwb_msgs/include/dwb_msgs/DebugLocalPlanResponse.h, /home/sweatha/wheelchair_ws/devel/include/dwb_msgs/DebugLocalPlanResponse.h)
Linked: (/home/sweatha/wheelchair_ws/devel/.private/dwb_msgs/include/dwb_msgs/GenerateTrajectoryRequest.h, /home/sweatha/wheelchair_ws/devel/include/dwb_msgs/GenerateTrajectoryRequest.h)
Linked: (/home/sweatha/wheelchair_ws/devel/.private/dwb_msgs/include/dwb_msgs/TrajectoryScore.h, /home/sweatha/wheelchair_ws/devel/include/dwb_msgs/TrajectoryScore.h)
Linked: (/home/sweatha/wheelchair_ws/devel/.private/dwb_msgs/include/dwb_msgs/GenerateTwistsRequest.h, /home/sweatha/wheelchair_ws/devel/include/dwb_msgs/GenerateTwistsRequest.h)
Linked: (/home/sweatha/wheelchair_ws/devel/.private/dwb_msgs/include/dwb_msgs/GenerateTrajectory.h, /home/sweatha/wheelchair_ws/devel/include/dwb_msgs/GenerateTrajectory.h)
Linked: (/home/sweatha/wheelchair_ws/devel/.private/dwb_msgs/include/dwb_msgs/DebugLocalPlanRequest.h, /home/sweatha/wheelchair_ws/devel/include/dwb_msgs/DebugLocalPlanRequest.h)
Linked: (/home/sweatha/wheelchair_ws/devel/.private/dwb_msgs/include/dwb_msgs/LocalPlanEvaluation.h, /home/sweatha/wheelchair_ws/devel/include/dwb_msgs/LocalPlanEvaluation.h)
Linked: (/home/sweatha/wheelchair_ws/devel/.private/dwb_msgs/lib/pkgconfig/dwb_msgs.pc, /home/sweatha/wheelchair_ws/devel/lib/pkgconfig/dwb_msgs.pc)
Linked: (/home/sweatha/wheelchair_ws/devel/.private/dwb_msgs/lib/python3/dist-packages/dwb_msgs/__init__.py, /home/sweatha/wheelchair_ws/devel/lib/python3/dist-packages/dwb_msgs/__init__.py)
Linked: (/home/sweatha/wheelchair_ws/devel/.private/dwb_msgs/lib/python3/dist-packages/dwb_msgs/srv/_ScoreTrajectory.py, /home/sweatha/wheelchair_ws/devel/lib/python3/dist-packages/dwb_msgs/srv/_ScoreTrajectory.py)
Linked: (/home/sweatha/wheelchair_ws/devel/.private/dwb_msgs/lib/python3/dist-packages/dwb_msgs/srv/__init__.py, /home/sweatha/wheelchair_ws/devel/lib/python3/dist-packages/dwb_msgs/srv/__init__.py)
Linked: (/home/sweatha/wheelchair_ws/devel/.private/dwb_msgs/lib/python3/dist-packages/dwb_msgs/srv/_GetCriticScore.py, /home/sweatha/wheelchair_ws/devel/lib/python3/dist-packages/dwb_msgs/srv/_GetCriticScore.py)
Linked: (/home/sweatha/wheelchair_ws/devel/.private/dwb_msgs/lib/python3/dist-packages/dwb_msgs/srv/_DebugLocalPlan.py, /home/sweatha/wheelchair_ws/devel/lib/python3/dist-packages/dwb_msgs/srv/_DebugLocalPlan.py)
Linked: (/home/sweatha/wheelchair_ws/devel/.private/dwb_msgs/lib/python3/dist-packages/dwb_msgs/srv/_GenerateTrajectory.py, /home/sweatha/wheelchair_ws/devel/lib/python3/dist-packages/dwb_msgs/srv/_GenerateTrajectory.py)
Linked: (/home/sweatha/wheelchair_ws/devel/.private/dwb_msgs/lib/python3/dist-packages/dwb_msgs/srv/_GenerateTwists.py, /home/sweatha/wheelchair_ws/devel/lib/python3/dist-packages/dwb_msgs/srv/_GenerateTwists.py)
Linked: (/home/sweatha/wheelchair_ws/devel/.private/dwb_msgs/lib/python3/dist-packages/dwb_msgs/msg/__init__.py, /home/sweatha/wheelchair_ws/devel/lib/python3/dist-packages/dwb_msgs/msg/__init__.py)
Linked: (/home/sweatha/wheelchair_ws/devel/.private/dwb_msgs/lib/python3/dist-packages/dwb_msgs/msg/_CriticScore.py, /home/sweatha/wheelchair_ws/devel/lib/python3/dist-packages/dwb_msgs/msg/_CriticScore.py)
Linked: (/home/sweatha/wheelchair_ws/devel/.private/dwb_msgs/lib/python3/dist-packages/dwb_msgs/msg/_Trajectory2D.py, /home/sweatha/wheelchair_ws/devel/lib/python3/dist-packages/dwb_msgs/msg/_Trajectory2D.py)
Linked: (/home/sweatha/wheelchair_ws/devel/.private/dwb_msgs/lib/python3/dist-packages/dwb_msgs/msg/_TrajectoryScore.py, /home/sweatha/wheelchair_ws/devel/lib/python3/dist-packages/dwb_msgs/msg/_TrajectoryScore.py)
Linked: (/home/sweatha/wheelchair_ws/devel/.private/dwb_msgs/lib/python3/dist-packages/dwb_msgs/msg/_LocalPlanEvaluation.py, /home/sweatha/wheelchair_ws/devel/lib/python3/dist-packages/dwb_msgs/msg/_LocalPlanEvaluation.py)
