[  0%] Built target nav_2d_msgs_generate_messages_lisp
[  0%] Built target _dwb_msgs_generate_messages_check_deps_GetCriticScore
[  0%] Built target _dwb_msgs_generate_messages_check_deps_DebugLocalPlan
[  0%] Built target _dwb_msgs_generate_messages_check_deps_LocalPlanEvaluation
[  0%] Built target _dwb_msgs_generate_messages_check_deps_CriticScore
[  0%] Built target _dwb_msgs_generate_messages_check_deps_GenerateTwists
[  0%] Built target geometry_msgs_generate_messages_lisp
[  0%] Built target _dwb_msgs_generate_messages_check_deps_TrajectoryScore
[  0%] Built target nav_msgs_generate_messages_lisp
[  0%] Built target _dwb_msgs_generate_messages_check_deps_GenerateTrajectory
[  0%] Built target _dwb_msgs_generate_messages_check_deps_Trajectory2D
[  0%] Built target nav_2d_msgs_generate_messages_py
[  0%] Built target geometry_msgs_generate_messages_py
[  0%] Built target nav_msgs_generate_messages_py
[  0%] Built target _dwb_msgs_generate_messages_check_deps_ScoreTrajectory
[  0%] Built target nav_2d_msgs_generate_messages_cpp
[  0%] Built target geometry_msgs_generate_messages_cpp
[  0%] Built target nav_msgs_generate_messages_cpp
[  0%] Built target nav_msgs_generate_messages_eus
[  0%] Built target nav_2d_msgs_generate_messages_eus
[  0%] Built target geometry_msgs_generate_messages_eus
[  0%] Built target geometry_msgs_generate_messages_nodejs
[  0%] Built target nav_2d_msgs_generate_messages_nodejs
[  0%] Built target nav_msgs_generate_messages_nodejs
[ 18%] Built target dwb_msgs_generate_messages_lisp
[ 41%] Built target dwb_msgs_generate_messages_py
[ 62%] Built target dwb_msgs_generate_messages_eus
[ 81%] Built target dwb_msgs_generate_messages_cpp
[100%] Built target dwb_msgs_generate_messages_nodejs
[100%] Built target dwb_msgs_generate_messages
